Apr 05 09:09:29 Starting anovamqtt BLE adapter
Apr 05 09:09:30 Connecting to Anova device: {'address': '00:81:F9:D2:13:B4', 'name': 'Nano'}
Apr 05 09:09:30 Connected to: {'address': '00:81:F9:D2:13:B4', 'name': 'Nano'}
Apr 05 09:09:32 Subscribed to notification handle: 0e140002-0af1-4582-a242-773e63054c68
Apr 05 09:09:32 Subscribed to notification handle: 0e140003-0af1-4582-a242-773e63054c68
Apr 05 09:09:32 Running main loop
Apr 05 09:09:33 b'9049'
Apr 05 09:09:33 b'9049'
Apr 05 09:09:34 b'9049'
Apr 05 09:09:34 b'9049'
Apr 05 09:09:34 b'fc48'
Apr 05 09:09:35 b'fc48'
Apr 05 09:09:35 b'fc48'
Apr 05 09:09:36 b'fc48'
Apr 05 09:09:36 b'fc48'
Apr 05 09:09:37 b'fc48'
Apr 05 09:09:37 b'fc48'
Apr 05 09:09:38 b'fc48'
Apr 05 09:09:38 b'fc48'
Apr 05 09:09:38 b'fc48'
Apr 05 09:09:39 b'fc48'
Apr 05 09:09:39 b'fc48'
Apr 05 09:09:40 b'fc48'
Apr 05 09:09:40 b'fc48'
Apr 05 09:09:41 b'fc48'
Apr 05 09:09:41 b'e848'
Apr 05 09:09:42 b'e848'
Apr 05 09:09:42 b'e848'
Apr 05 09:09:43 b'e848'
Apr 05 09:09:43 b'e848'
Apr 05 09:09:43 b'e848'
Apr 05 09:09:44 b'e848'
Apr 05 09:09:44 b'e848'
Apr 05 09:09:45 b'e848'
Apr 05 09:09:45 b'e848'
Apr 05 09:09:46 b'e848'
Apr 05 09:09:46 b'e848'
Apr 05 09:09:47 b'e848'
Apr 05 09:09:47 b'e848'
Apr 05 09:09:47 b'e848'
Apr 05 09:09:48 b'e848'
Apr 05 09:09:48 b'e848'
Apr 05 09:09:49 b'e848'
Apr 05 09:09:49 b'e848'
Apr 05 09:09:50 b'e848'
Apr 05 09:09:50 b'd448'
Apr 05 09:09:51 b'd448'
Apr 05 09:09:51 b'd448'
Apr 05 09:09:52 b'd448'
Apr 05 09:09:52 b'd448'
Apr 05 09:09:52 b'd448'
Apr 05 09:09:53 b'd448'
Apr 05 09:09:53 b'd448'
Apr 05 09:09:54 b'd448'
Apr 05 09:09:54 b'd448'
Apr 05 09:09:55 b'd448'
Apr 05 09:09:55 b'd448'
Apr 05 09:09:56 b'd448'
Apr 05 09:09:56 b'd448'
Apr 05 09:09:57 b'd448'
Apr 05 09:09:57 b'd448'
Apr 05 09:09:57 b'c048'
Apr 05 09:09:58 b'c048'
Apr 05 09:09:58 b'c048'
Apr 05 09:09:59 b'c048'
Apr 05 09:09:59 b'c048'
Apr 05 09:10:00 b'c048'
Apr 05 09:10:00 b'c048'
Apr 05 09:10:01 b'c048'
Apr 05 09:10:01 b'c048'
Apr 05 09:10:02 b'c048'
Apr 05 09:10:02 b'c048'
Apr 05 09:10:02 b'c048'
Apr 05 09:10:03 b'c048'
Apr 05 09:10:03 b'c048'
Apr 05 09:10:04 b'c048'
Apr 05 09:10:04 b'c048'
Apr 05 09:10:05 b'c048'
Apr 05 09:10:05 b'c048'
Apr 05 09:10:06 b'c048'
Apr 05 09:10:06 b'c048'
Apr 05 09:10:06 b'c048'
Apr 05 09:10:07 b'c048'
Apr 05 09:10:08 b'c048'
Apr 05 09:10:08 b'c048'
Apr 05 09:10:08 b'c048'
Apr 05 09:10:09 b'c048'
Apr 05 09:10:09 b'b648'
Apr 05 09:10:10 b'b648'
Apr 05 09:10:10 b'b648'
Apr 05 09:10:11 b'b648'
Apr 05 09:10:11 b'b648'
Apr 05 09:10:12 b'b648'
Apr 05 09:10:12 b'b648'
Apr 05 09:10:12 b'b648'
Apr 05 09:10:13 b'b648'
Apr 05 09:10:13 b'b648'
Apr 05 09:10:14 b'b648'
Apr 05 09:10:14 b'b648'
Apr 05 09:10:15 b'b648'
Apr 05 09:10:15 b'b648'
Apr 05 09:10:16 b'b648'
Apr 05 09:10:16 b'b648'
Apr 05 09:10:17 b'b648'
Apr 05 09:10:17 b'b648'
Apr 05 09:10:17 b'b648'
Apr 05 09:10:18 b'b648'
Apr 05 09:10:18 b'b648'
Apr 05 09:10:19 b'b648'
Apr 05 09:10:19 b'b648'
Apr 05 09:10:20 b'b648'
Apr 05 09:10:20 b'b648'
Apr 05 09:10:21 b'b648'
Apr 05 09:10:21 b'b648'
Apr 05 09:10:21 b'b648'
Apr 05 09:10:22 b'b648'
Apr 05 09:10:22 b'a248'
Apr 05 09:10:23 b'a248'
Apr 05 09:10:23 b'a248'
Apr 05 09:10:24 b'a248'
Apr 05 09:10:24 b'a248'
Apr 05 09:10:25 b'a248'
Apr 05 09:10:25 b'a248'
Apr 05 09:10:26 b'a248'
Apr 05 09:10:26 b'a248'
Apr 05 09:10:26 b'a248'
Apr 05 09:10:27 b'a248'
Apr 05 09:10:27 b'a248'
Apr 05 09:10:28 b'a248'
Apr 05 09:10:28 b'a248'
Apr 05 09:10:29 b'a248'
Apr 05 09:10:29 b'a248'
Apr 05 09:10:30 b'a248'
Apr 05 09:10:30 b'a248'
Apr 05 09:10:31 b'a248'
Apr 05 09:10:31 b'a248'
Apr 05 09:10:31 b'a248'
Apr 05 09:10:32 b'a248'
Apr 05 09:10:32 b'a248'
Apr 05 09:10:33 b'a248'
Apr 05 09:10:33 b'a248'
Apr 05 09:10:34 b'a248'
Apr 05 09:10:34 b'a248'
Apr 05 09:10:35 b'a248'
Apr 05 09:10:35 b'a248'
Apr 05 09:10:35 b'a248'
Apr 05 09:10:36 b'a248'
Apr 05 09:10:36 b'a248'
Apr 05 09:10:37 b'a248'
Apr 05 09:10:37 b'a248'
Apr 05 09:10:38 b'a248'
Apr 05 09:10:38 b'a248'
Apr 05 09:10:39 b'a248'
Apr 05 09:10:39 b'a248'
Apr 05 09:10:40 b'a248'
Apr 05 09:10:40 b'a248'
Apr 05 09:10:40 b'8e48'
Apr 05 09:10:41 b'8e48'
Apr 05 09:10:41 b'8e48'
Apr 05 09:10:42 b'8e48'
Apr 05 09:10:42 b'8e48'
Apr 05 09:10:43 b'8e48'
Apr 05 09:10:43 b'8e48'
Apr 05 09:10:44 b'8e48'
Apr 05 09:10:44 b'8e48'
Apr 05 09:10:45 b'8e48'
Apr 05 09:10:45 b'8e48'
Apr 05 09:10:45 b'8e48'
Apr 05 09:10:46 b'8e48'
Apr 05 09:10:46 b'8e48'
Apr 05 09:10:47 b'8e48'
Apr 05 09:10:47 b'8e48'
Apr 05 09:10:48 b'8e48'
Apr 05 09:10:48 b'8e48'
Apr 05 09:10:49 b'8e48'
Apr 05 09:10:49 b'8e48'
Apr 05 09:10:50 b'8e48'
Apr 05 09:10:50 b'8e48'
Apr 05 09:10:51 b'8e48'
Apr 05 09:10:51 b'8e48'
Apr 05 09:10:51 b'8e48'
Apr 05 09:10:52 b'8e48'
Apr 05 09:10:52 b'8e48'
Apr 05 09:10:53 b'8e48'
Apr 05 09:10:53 b'8e48'
Apr 05 09:10:54 b'8e48'
Apr 05 09:10:54 b'8e48'
Apr 05 09:10:55 b'8e48'
Apr 05 09:10:55 b'8e48'
Apr 05 09:10:56 b'8e48'
Apr 05 09:10:56 b'8e48'
Apr 05 09:10:56 b'8e48'
Apr 05 09:10:57 b'8e48'
Apr 05 09:10:57 b'8e48'
Apr 05 09:10:58 b'8e48'
Apr 05 09:10:58 b'8e48'
Apr 05 09:10:59 b'8e48'
Apr 05 09:10:59 b'8e48'
Apr 05 09:11:00 b'8e48'
Apr 05 09:11:00 b'8e48'
Apr 05 09:11:00 b'fa47'
Apr 05 09:11:01 b'fa47'
Apr 05 09:11:01 b'fa47'
Apr 05 09:11:02 b'fa47'
Apr 05 09:11:02 b'fa47'
Apr 05 09:11:03 b'fa47'
Apr 05 09:11:03 b'fa47'
Apr 05 09:11:04 b'fa47'
Apr 05 09:11:04 b'fa47'
Apr 05 09:11:04 b'fa47'
Apr 05 09:11:05 b'fa47'
Apr 05 09:11:05 b'fa47'
Apr 05 09:11:06 b'fa47'
Apr 05 09:11:06 b'fa47'
Apr 05 09:11:07 b'fa47'
Apr 05 09:11:07 b'fa47'
Apr 05 09:11:08 b'fa47'
Apr 05 09:11:08 b'fa47'
Apr 05 09:11:09 b'fa47'
Apr 05 09:11:09 b'fa47'
Apr 05 09:11:09 b'fa47'
Apr 05 09:11:10 b'fa47'
Apr 05 09:11:10 b'fa47'
Apr 05 09:11:11 b'fa47'
Apr 05 09:11:11 b'fa47'
Apr 05 09:11:12 b'fa47'
Apr 05 09:11:12 b'fa47'
Apr 05 09:11:13 b'fa47'
Apr 05 09:11:13 b'fa47'
Apr 05 09:11:14 b'fa47'
Apr 05 09:11:14 b'fa47'
Apr 05 09:11:14 b'fa47'
Apr 05 09:11:15 b'fa47'
Apr 05 09:11:15 b'fa47'
Apr 05 09:11:16 b'fa47'
Apr 05 09:11:16 b'fa47'
Apr 05 09:11:17 b'fa47'
Apr 05 09:11:17 b'fa47'
Apr 05 09:11:18 b'fa47'
Apr 05 09:11:18 b'fa47'
Apr 05 09:11:19 b'fa47'
Apr 05 09:11:19 b'fa47'
Apr 05 09:11:19 b'fa47'
Apr 05 09:11:20 b'fa47'
Apr 05 09:11:20 b'fa47'
Apr 05 09:11:21 b'fa47'
Apr 05 09:11:22 b'fa47'
Apr 05 09:11:22 b'fa47'
Apr 05 09:11:22 b'fa47'
Apr 05 09:11:23 b'fa47'
Apr 05 09:11:23 b'fa47'
Apr 05 09:11:24 b'e647'
Apr 05 09:11:24 b'e647'
Apr 05 09:11:24 b'e647'
Apr 05 09:11:25 b'e647'
Apr 05 09:11:25 b'e647'
Apr 05 09:11:26 b'e647'
Apr 05 09:11:26 b'e647'
Apr 05 09:11:27 b'e647'
Apr 05 09:11:27 b'e647'
Apr 05 09:11:28 b'e647'
Apr 05 09:11:28 b'e647'
Apr 05 09:11:28 b'e647'
Apr 05 09:11:29 b'e647'
Apr 05 09:11:29 b'e647'
Apr 05 09:11:30 b'e647'
Apr 05 09:11:30 b'e647'
Apr 05 09:11:31 b'e647'
Apr 05 09:11:31 b'e647'
Apr 05 09:11:32 b'e647'
Apr 05 09:11:32 b'e647'
Apr 05 09:11:33 b'e647'
Apr 05 09:11:33 b'e647'
Apr 05 09:11:33 b'e647'
Apr 05 09:11:34 b'e647'
Apr 05 09:11:34 b'e647'
Apr 05 09:11:35 b'e647'
Apr 05 09:11:35 b'e647'
Apr 05 09:11:36 b'e647'
Apr 05 09:11:37 b'e647'
Apr 05 09:11:37 b'e647'
Apr 05 09:11:37 b'e647'
Apr 05 09:11:38 b'e647'
Apr 05 09:11:38 b'e647'
Apr 05 09:11:39 b'e647'
Apr 05 09:11:39 b'e647'
Apr 05 09:11:39 b'e647'
Apr 05 09:11:40 b'e647'
Apr 05 09:11:40 b'e647'
Apr 05 09:11:41 b'e647'
Apr 05 09:11:41 b'e647'
Apr 05 09:11:42 b'e647'
Apr 05 09:11:42 b'e647'
Apr 05 09:11:42 b'e647'
Apr 05 09:11:43 b'e647'
Apr 05 09:11:43 b'e647'
Apr 05 09:11:44 b'e647'
Apr 05 09:11:44 b'e647'
Apr 05 09:11:45 b'e647'
Apr 05 09:11:45 b'e647'
Apr 05 09:11:46 b'e647'
Apr 05 09:11:46 b'e647'
Apr 05 09:11:47 b'e647'
Apr 05 09:11:47 b'e647'
Apr 05 09:11:48 b'dc47'
Apr 05 09:11:48 b'dc47'
Apr 05 09:11:48 b'e647'
Apr 05 09:11:49 b'e647'
Apr 05 09:11:49 b'dc47'
Apr 05 09:11:50 b'dc47'
Apr 05 09:11:50 b'dc47'
Apr 05 09:11:51 b'dc47'
Apr 05 09:11:51 b'dc47'
Apr 05 09:11:52 b'dc47'
Apr 05 09:11:52 b'dc47'
Apr 05 09:11:52 b'dc47'
Apr 05 09:11:53 b'dc47'
Apr 05 09:11:53 b'dc47'
Apr 05 09:11:54 b'dc47'
Apr 05 09:11:54 b'dc47'
Apr 05 09:11:55 b'dc47'
Apr 05 09:11:55 b'dc47'
Apr 05 09:11:56 b'dc47'
Apr 05 09:11:56 b'dc47'
Apr 05 09:11:57 b'dc47'
Apr 05 09:11:57 b'dc47'
Apr 05 09:11:57 b'dc47'
Apr 05 09:11:58 b'dc47'
Apr 05 09:11:58 b'dc47'
Apr 05 09:11:59 b'dc47'
Apr 05 09:11:59 b'dc47'
Apr 05 09:12:00 b'dc47'
Apr 05 09:12:00 b'dc47'
Apr 05 09:12:01 b'dc47'
Apr 05 09:12:01 b'dc47'
Apr 05 09:12:02 b'dc47'
Apr 05 09:12:02 b'dc47'
Apr 05 09:12:03 b'dc47'
Apr 05 09:12:03 b'dc47'
Apr 05 09:12:03 b'dc47'
Apr 05 09:12:04 b'dc47'
Apr 05 09:12:04 b'dc47'
Apr 05 09:12:05 b'dc47'
Apr 05 09:12:05 b'dc47'
Apr 05 09:12:06 b'dc47'
Apr 05 09:12:06 b'dc47'
Apr 05 09:12:07 b'dc47'
Apr 05 09:12:07 b'dc47'
Apr 05 09:12:07 b'dc47'
Apr 05 09:12:08 b'dc47'
Apr 05 09:12:08 b'dc47'
Apr 05 09:12:09 b'dc47'
Apr 05 09:12:09 b'dc47'
Apr 05 09:12:10 b'dc47'
Apr 05 09:12:10 b'dc47'
Apr 05 09:12:11 b'dc47'
Apr 05 09:12:11 b'dc47'
Apr 05 09:12:11 b'dc47'
Apr 05 09:12:12 b'dc47'
Apr 05 09:12:12 b'dc47'
Apr 05 09:12:13 b'dc47'
Apr 05 09:12:13 b'c847'
Apr 05 09:12:14 b'c847'
Apr 05 09:12:14 b'c847'
Apr 05 09:12:15 b'c847'
Apr 05 09:12:15 b'c847'
Apr 05 09:12:16 b'c847'
Apr 05 09:12:16 b'c847'
Apr 05 09:12:17 b'c847'
Apr 05 09:12:17 b'c847'
Apr 05 09:12:17 b'c847'
Apr 05 09:12:18 b'c847'
Apr 05 09:12:18 b'c847'
Apr 05 09:12:19 b'c847'
Apr 05 09:12:19 b'c847'
Apr 05 09:12:20 b'c847'
Apr 05 09:12:20 b'c847'
Apr 05 09:12:21 b'c847'
Apr 05 09:12:21 b'c847'
Apr 05 09:12:22 b'c847'
Apr 05 09:12:22 b'c847'
Apr 05 09:12:22 b'c847'
Apr 05 09:12:23 b'c847'
Apr 05 09:12:23 b'c847'
Apr 05 09:12:24 b'c847'
Apr 05 09:12:24 b'c847'
Apr 05 09:12:25 b'c847'
Apr 05 09:12:25 b'c847'
Apr 05 09:12:26 b'c847'
Apr 05 09:12:26 b'c847'
Apr 05 09:12:26 b'c847'
Apr 05 09:12:27 b'c847'
Apr 05 09:12:27 b'c847'
Apr 05 09:12:28 b'c847'
Apr 05 09:12:28 b'c847'
Apr 05 09:12:29 b'c847'
Apr 05 09:12:29 b'c847'
Apr 05 09:12:30 b'c847'
Apr 05 09:12:30 b'c847'
Apr 05 09:12:30 b'c847'
Apr 05 09:12:31 b'c847'
Apr 05 09:12:31 b'c847'
Apr 05 09:12:32 b'c847'
Apr 05 09:12:32 b'c847'
Apr 05 09:12:33 b'c847'
Apr 05 09:12:33 b'c847'
Apr 05 09:12:34 b'c847'
Apr 05 09:12:34 b'c847'
Apr 05 09:12:35 b'c847'
Apr 05 09:12:35 b'c847'
Apr 05 09:12:35 b'c847'
Apr 05 09:12:36 b'c847'
Apr 05 09:12:36 b'c847'
Apr 05 09:12:37 b'c847'
Apr 05 09:12:37 b'c847'
Apr 05 09:12:38 b'c847'
Apr 05 09:12:38 b'c847'
Apr 05 09:12:39 b'c847'
Apr 05 09:12:39 b'c847'
Apr 05 09:12:40 b'c847'
Apr 05 09:12:40 b'c847'
Apr 05 09:12:40 b'c847'
Apr 05 09:12:41 b'c847'
Apr 05 09:12:41 b'c847'
Apr 05 09:12:42 b'c847'
Apr 05 09:12:42 b'c847'
Apr 05 09:12:43 b'c847'
Apr 05 09:12:43 b'c847'
Apr 05 09:12:44 b'c847'
Apr 05 09:12:44 b'c847'
Apr 05 09:12:45 b'c847'
Apr 05 09:12:45 b'c847'
Apr 05 09:12:45 b'c847'
Apr 05 09:12:46 b'c847'
Apr 05 09:12:46 b'c847'
Apr 05 09:12:47 b'c847'
Apr 05 09:12:47 b'c847'
Apr 05 09:12:48 b'c847'
Apr 05 09:12:48 b'c847'
Apr 05 09:12:49 b'c847'
Apr 05 09:12:49 b'c847'
Apr 05 09:12:50 b'c847'
Apr 05 09:12:50 b'c847'
Apr 05 09:12:50 b'c847'
Apr 05 09:12:51 b'c847'
Apr 05 09:12:51 b'c847'
Apr 05 09:12:52 b'c847'
Apr 05 09:12:52 b'c847'
Apr 05 09:12:53 b'c847'
Apr 05 09:12:53 b'c847'
Apr 05 09:12:54 b'b447'
Apr 05 09:12:54 b'b447'
Apr 05 09:12:55 b'b447'
Apr 05 09:12:55 b'b447'
Apr 05 09:12:55 b'b447'
Apr 05 09:12:56 b'b447'
Apr 05 09:12:56 b'b447'
Apr 05 09:12:57 b'b447'
Apr 05 09:12:57 b'b447'
Apr 05 09:12:58 b'b447'
Apr 05 09:12:58 b'b447'
Apr 05 09:12:59 b'b447'
Apr 05 09:12:59 b'b447'
Apr 05 09:13:00 b'b447'
Apr 05 09:13:00 b'b447'
Apr 05 09:13:00 b'b447'
Apr 05 09:13:01 b'b447'
Apr 05 09:13:01 b'b447'
Apr 05 09:13:02 b'b447'
Apr 05 09:13:02 b'b447'
Apr 05 09:13:03 b'b447'
Apr 05 09:13:03 b'b447'
Apr 05 09:13:04 b'b447'
Apr 05 09:13:04 b'b447'
Apr 05 09:13:05 b'b447'
Apr 05 09:13:05 b'b447'
Apr 05 09:13:05 b'b447'
Apr 05 09:13:06 b'b447'
Apr 05 09:13:06 b'b447'
Apr 05 09:13:07 b'b447'
Apr 05 09:13:07 b'b447'
Apr 05 09:13:08 b'b447'
Apr 05 09:13:08 b'b447'
Apr 05 09:13:09 b'b447'
Apr 05 09:13:09 b'b447'
Apr 05 09:13:10 b'b447'
Apr 05 09:13:10 b'b447'
Apr 05 09:13:10 b'b447'
Apr 05 09:13:11 b'b447'
Apr 05 09:13:11 b'b447'
Apr 05 09:13:12 b'b447'
Apr 05 09:13:12 b'b447'
Apr 05 09:13:13 b'b447'
Apr 05 09:13:13 b'b447'
Apr 05 09:13:14 b'b447'
Apr 05 09:13:14 b'b447'
Apr 05 09:13:14 b'b447'
Apr 05 09:13:15 b'b447'
Apr 05 09:13:15 b'b447'
Apr 05 09:13:16 b'b447'
Apr 05 09:13:16 b'b447'
Apr 05 09:13:17 b'b447'
Apr 05 09:13:17 b'b447'
Apr 05 09:13:18 b'b447'
Apr 05 09:13:18 b'b447'
Apr 05 09:13:18 b'b447'
Apr 05 09:13:19 b'b447'
Apr 05 09:13:19 b'b447'
Apr 05 09:13:20 b'b447'
Apr 05 09:13:20 b'b447'
Apr 05 09:13:21 b'b447'
Apr 05 09:13:21 b'b447'
Apr 05 09:13:22 b'b447'
Apr 05 09:13:22 b'b447'
Apr 05 09:13:23 b'b447'
Apr 05 09:13:23 b'b447'
Apr 05 09:13:24 b'b447'
Apr 05 09:13:24 b'b447'
Apr 05 09:13:24 b'b447'
Apr 05 09:13:25 b'b447'
Apr 05 09:13:25 b'b447'
Apr 05 09:13:26 b'b447'
Apr 05 09:13:26 b'b447'
Apr 05 09:13:27 b'b447'
Apr 05 09:13:27 b'b447'
Apr 05 09:13:28 b'b447'
Apr 05 09:13:28 b'b447'
Apr 05 09:13:28 b'b447'
Apr 05 09:13:29 b'b447'
Apr 05 09:13:29 b'b447'
Apr 05 09:13:30 b'b447'
Apr 05 09:13:30 b'b447'
Apr 05 09:13:31 b'b447'
Apr 05 09:13:31 b'b447'
Apr 05 09:13:32 b'a047'
Apr 05 09:13:32 b'a047'
Apr 05 09:13:33 b'a047'
Apr 05 09:13:33 b'a047'
Apr 05 09:13:33 b'a047'
Apr 05 09:13:34 b'a047'
Apr 05 09:13:34 b'a047'
Apr 05 09:13:35 b'a047'
Apr 05 09:13:35 b'a047'
Apr 05 09:13:36 b'a047'
Apr 05 09:13:36 b'a047'
Apr 05 09:13:37 b'a047'
Apr 05 09:13:37 b'a047'
Apr 05 09:13:37 b'a047'
Apr 05 09:13:38 b'a047'
Apr 05 09:13:38 b'a047'
Apr 05 09:13:39 b'a047'
Apr 05 09:13:39 b'a047'
Apr 05 09:13:40 b'a047'
Apr 05 09:13:40 b'a047'
Apr 05 09:13:41 b'a047'
Apr 05 09:13:41 b'a047'
Apr 05 09:13:42 b'a047'
Apr 05 09:13:42 b'a047'
Apr 05 09:13:42 b'a047'
Apr 05 09:13:43 b'a047'
Apr 05 09:13:43 b'a047'
Apr 05 09:13:44 b'a047'
Apr 05 09:13:44 b'a047'
Apr 05 09:13:45 b'a047'
Apr 05 09:13:45 b'a047'
Apr 05 09:13:46 b'a047'
Apr 05 09:13:46 b'a047'
Apr 05 09:13:47 b'a047'
Apr 05 09:13:47 b'a047'
Apr 05 09:13:47 b'a047'
Apr 05 09:13:48 b'a047'
Apr 05 09:13:48 b'a047'
Apr 05 09:13:49 b'a047'
Apr 05 09:13:49 b'a047'
Apr 05 09:13:50 b'a047'
Apr 05 09:13:50 b'a047'
Apr 05 09:13:51 b'a047'
Apr 05 09:13:51 b'a047'
Apr 05 09:13:52 b'a047'
Apr 05 09:13:52 b'a047'
Apr 05 09:13:52 b'a047'
Apr 05 09:13:53 b'a047'
Apr 05 09:13:53 b'a047'
Apr 05 09:13:54 b'a047'
Apr 05 09:13:54 b'a047'
Apr 05 09:13:55 b'a047'
Apr 05 09:13:55 b'a047'
Apr 05 09:13:56 b'a047'
Apr 05 09:13:56 b'a047'
Apr 05 09:13:57 b'a047'
Apr 05 09:13:57 b'a047'
Apr 05 09:13:57 b'a047'
Apr 05 09:13:58 b'a047'
Apr 05 09:13:58 b'a047'
Apr 05 09:13:59 b'a047'
Apr 05 09:13:59 b'a047'
Apr 05 09:14:00 b'a047'
Apr 05 09:14:00 b'a047'
Apr 05 09:14:01 b'a047'
Apr 05 09:14:01 b'a047'
Apr 05 09:14:01 b'a047'
Apr 05 09:14:02 b'a047'
Apr 05 09:14:02 b'a047'
Apr 05 09:14:03 b'a047'
Apr 05 09:14:03 b'a047'
Apr 05 09:14:04 b'a047'
Apr 05 09:14:04 b'a047'
Apr 05 09:14:05 b'a047'
Apr 05 09:14:05 b'a047'
Apr 05 09:14:06 b'a047'
Apr 05 09:14:06 b'a047'
Apr 05 09:14:06 b'a047'
Apr 05 09:14:07 b'a047'
Apr 05 09:14:07 b'a047'
Apr 05 09:14:08 b'a047'
Apr 05 09:14:08 b'a047'
Apr 05 09:14:09 b'a047'
Apr 05 09:14:09 b'a047'
Apr 05 09:14:10 b'a047'
Apr 05 09:14:10 b'a047'
Apr 05 09:14:11 b'a047'
Apr 05 09:14:11 b'a047'
Apr 05 09:14:11 b'a047'
Apr 05 09:14:12 b'a047'
Apr 05 09:14:12 b'a047'
Apr 05 09:14:13 b'a047'
Apr 05 09:14:13 b'a047'
Apr 05 09:14:14 b'a047'
Apr 05 09:14:14 b'a047'
Apr 05 09:14:15 b'a047'
Apr 05 09:14:15 b'a047'
Apr 05 09:14:16 b'a047'
Apr 05 09:14:16 b'a047'
Apr 05 09:14:16 b'a047'
Apr 05 09:14:17 b'a047'
Apr 05 09:14:17 b'a047'
Apr 05 09:14:18 b'a047'
Apr 05 09:14:18 b'a047'
Apr 05 09:14:19 b'a047'
Apr 05 09:14:19 b'a047'
Apr 05 09:14:20 b'a047'
Apr 05 09:14:20 b'a047'
Apr 05 09:14:21 b'a047'
Apr 05 09:14:21 b'a047'
Apr 05 09:14:21 b'a047'
Apr 05 09:14:22 b'a047'
Apr 05 09:14:22 b'a047'
Apr 05 09:14:23 b'a047'
Apr 05 09:14:23 b'a047'
Apr 05 09:14:24 b'a047'
Apr 05 09:14:24 b'a047'
Apr 05 09:14:25 b'a047'
Apr 05 09:14:25 b'a047'
Apr 05 09:14:26 b'8c47'
Apr 05 09:14:26 b'8c47'
Apr 05 09:14:26 b'8c47'
Apr 05 09:14:27 b'8c47'
Apr 05 09:14:27 b'8c47'
Apr 05 09:14:28 b'8c47'
Apr 05 09:14:28 b'8c47'
Apr 05 09:14:29 b'8c47'
Apr 05 09:14:29 b'8c47'
Apr 05 09:14:30 b'8c47'
Apr 05 09:14:30 b'8c47'
Apr 05 09:14:30 b'8c47'
Apr 05 09:14:31 b'8c47'
Apr 05 09:14:31 b'8c47'
Apr 05 09:14:32 b'8c47'
Apr 05 09:14:32 b'8c47'
Apr 05 09:14:33 b'8c47'
Apr 05 09:14:33 b'8c47'
Apr 05 09:14:34 b'8c47'
Apr 05 09:14:34 b'8c47'
Apr 05 09:14:35 b'8c47'
Apr 05 09:14:35 b'8c47'
Apr 05 09:14:36 b'8c47'
Apr 05 09:14:36 b'8c47'
Apr 05 09:14:36 b'8c47'
Apr 05 09:14:37 b'8c47'
Apr 05 09:14:37 b'8c47'
Apr 05 09:14:38 b'8c47'
Apr 05 09:14:38 b'8c47'
Apr 05 09:14:39 b'8c47'
Apr 05 09:14:39 b'8c47'
Apr 05 09:14:40 b'8c47'
Apr 05 09:14:40 b'8c47'
Apr 05 09:14:40 b'8c47'
Apr 05 09:14:41 b'8c47'
Apr 05 09:14:41 b'8c47'
Apr 05 09:14:42 b'8c47'
Apr 05 09:14:42 b'8c47'
Apr 05 09:14:43 b'8c47'
Apr 05 09:14:43 b'8c47'
Apr 05 09:14:44 b'8c47'
Apr 05 09:14:44 b'8c47'
Apr 05 09:14:45 b'8c47'
Apr 05 09:14:45 b'8c47'
Apr 05 09:14:45 b'8c47'
Apr 05 09:14:46 b'8c47'
Apr 05 09:14:46 b'8c47'
Apr 05 09:14:47 b'8c47'
Apr 05 09:14:47 b'8c47'
Apr 05 09:14:48 b'8c47'
Apr 05 09:14:48 b'8c47'
Apr 05 09:14:49 b'8c47'
Apr 05 09:14:49 b'8c47'
Apr 05 09:14:49 b'8c47'
Apr 05 09:14:50 b'8c47'
Apr 05 09:14:50 b'8c47'
Apr 05 09:14:51 b'8c47'
Apr 05 09:14:51 b'8c47'
Apr 05 09:14:52 b'8c47'
Apr 05 09:14:52 b'8c47'
Apr 05 09:14:53 b'8c47'
Apr 05 09:14:53 b'8c47'
Apr 05 09:14:54 b'8c47'
Apr 05 09:14:54 b'8c47'
Apr 05 09:14:54 b'8c47'
Apr 05 09:14:55 b'8c47'
Apr 05 09:14:55 b'8c47'
Apr 05 09:14:56 b'8c47'
Apr 05 09:14:56 b'8c47'
Apr 05 09:14:57 b'8c47'
Apr 05 09:14:57 b'8c47'
Apr 05 09:14:58 b'8c47'
Apr 05 09:14:58 b'8c47'
Apr 05 09:14:59 b'8c47'
Apr 05 09:14:59 b'8c47'
Apr 05 09:14:59 b'8c47'
Apr 05 09:15:00 b'8c47'
Apr 05 09:15:00 b'8c47'
Apr 05 09:15:01 b'8c47'
Apr 05 09:15:01 b'8c47'
Apr 05 09:15:02 b'8c47'
Apr 05 09:15:02 b'8c47'
Apr 05 09:15:03 b'8c47'
Apr 05 09:15:03 b'8c47'
Apr 05 09:15:04 b'8c47'
Apr 05 09:15:04 b'8c47'
Apr 05 09:15:04 b'8c47'
Apr 05 09:15:05 b'8c47'
Apr 05 09:15:05 b'8c47'
Apr 05 09:15:06 b'8c47'
Apr 05 09:15:06 b'8c47'
Apr 05 09:15:07 b'8c47'
Apr 05 09:15:07 b'8c47'
Apr 05 09:15:08 b'8c47'
Apr 05 09:15:08 b'8c47'
Apr 05 09:15:09 b'8247'
Apr 05 09:15:09 b'8247'
Apr 05 09:15:09 b'8247'
Apr 05 09:15:10 b'8247'
Apr 05 09:15:10 b'8247'
Apr 05 09:15:11 b'8247'
Apr 05 09:15:11 b'8247'
Apr 05 09:15:12 b'8247'
Apr 05 09:15:12 b'8247'
Apr 05 09:15:13 b'8247'
Apr 05 09:15:13 b'8247'
Apr 05 09:15:14 b'8247'
Apr 05 09:15:14 b'8247'
Apr 05 09:15:14 b'8247'
Apr 05 09:15:15 b'8247'
Apr 05 09:15:15 b'8247'
Apr 05 09:15:16 b'8247'
Apr 05 09:15:16 b'8247'
Apr 05 09:15:17 b'8247'
Apr 05 09:15:17 b'8247'
Apr 05 09:15:18 b'8247'
Apr 05 09:15:18 b'8247'
Apr 05 09:15:19 b'8247'
Apr 05 09:15:19 b'8247'
Apr 05 09:15:19 b'8247'
Apr 05 09:15:20 b'8247'
Apr 05 09:15:20 b'8247'
Apr 05 09:15:21 b'8247'
Apr 05 09:15:21 b'8247'
Apr 05 09:15:22 b'8247'
Apr 05 09:15:22 b'8247'
Apr 05 09:15:23 b'8247'
Apr 05 09:15:23 b'8247'
Apr 05 09:15:23 b'8247'
Apr 05 09:15:24 b'8247'
Apr 05 09:15:24 b'8247'
Apr 05 09:15:25 b'8247'
Apr 05 09:15:25 b'8247'
Apr 05 09:15:26 b'8247'
Apr 05 09:15:26 b'8247'
Apr 05 09:15:27 b'8247'
Apr 05 09:15:27 b'8247'
Apr 05 09:15:28 b'8247'
Apr 05 09:15:28 b'8247'
Apr 05 09:15:28 b'8247'
Apr 05 09:15:29 b'8247'
Apr 05 09:15:29 b'8247'
Apr 05 09:15:30 b'8247'
Apr 05 09:15:30 b'8247'
Apr 05 09:15:31 b'8247'
Apr 05 09:15:31 b'8247'
Apr 05 09:15:32 b'8247'
Apr 05 09:15:32 b'8247'
Apr 05 09:15:33 b'8247'
Apr 05 09:15:33 b'8247'
Apr 05 09:15:33 b'8247'
Apr 05 09:15:34 b'8247'
Apr 05 09:15:34 b'8247'
Apr 05 09:15:35 b'8247'
Apr 05 09:15:35 b'8247'
Apr 05 09:15:36 b'8247'
Apr 05 09:15:36 b'8247'
Apr 05 09:15:37 b'8247'
Apr 05 09:15:37 b'8247'
Apr 05 09:15:38 b'8247'
Apr 05 09:15:38 b'8247'
Apr 05 09:15:39 b'8247'
Apr 05 09:15:39 b'8247'
Apr 05 09:15:39 b'8247'
Apr 05 09:15:40 b'8247'
Apr 05 09:15:40 b'8247'
Apr 05 09:15:41 b'8247'
Apr 05 09:15:41 b'8247'
Apr 05 09:15:42 b'8247'
Apr 05 09:15:42 b'8247'
Apr 05 09:15:42 b'8247'
Apr 05 09:15:43 b'8247'
Apr 05 09:15:43 b'8247'
Apr 05 09:15:44 b'8247'
Apr 05 09:15:44 b'8247'
Apr 05 09:15:45 b'8247'
Apr 05 09:15:45 b'8247'
Apr 05 09:15:46 b'8247'
Apr 05 09:15:46 b'8247'
Apr 05 09:15:47 b'8247'
Apr 05 09:15:47 b'8247'
Apr 05 09:15:47 b'8247'
Apr 05 09:15:48 b'8247'
Apr 05 09:15:48 b'8247'
Apr 05 09:15:49 b'8247'
Apr 05 09:15:49 b'8247'
Apr 05 09:15:50 b'8247'
Apr 05 09:15:50 b'8247'
Apr 05 09:15:51 b'8247'
Apr 05 09:15:51 b'8247'
Apr 05 09:15:52 b'8247'
Apr 05 09:15:52 b'8247'
Apr 05 09:15:52 b'8247'
Apr 05 09:15:53 b'8247'
Apr 05 09:15:53 b'8247'
Apr 05 09:15:54 b'8247'
Apr 05 09:15:54 b'8247'
Apr 05 09:15:55 b'8247'
Apr 05 09:15:55 b'8247'
Apr 05 09:15:56 b'8247'
Apr 05 09:15:56 b'8247'
Apr 05 09:15:57 b'8247'
Apr 05 09:15:57 b'8247'
Apr 05 09:15:57 b'8247'
Apr 05 09:15:58 b'8247'
Apr 05 09:15:58 b'8247'
Apr 05 09:15:59 b'8247'
Apr 05 09:15:59 b'8247'
Apr 05 09:16:00 b'8247'
Apr 05 09:16:00 b'8247'
Apr 05 09:16:01 b'8247'
Apr 05 09:16:01 b'8247'
Apr 05 09:16:01 b'8247'
Apr 05 09:16:02 b'8247'
Apr 05 09:16:02 b'8247'
Apr 05 09:16:03 b'8247'
Apr 05 09:16:03 b'8247'
Apr 05 09:16:04 b'8247'
Apr 05 09:16:04 b'8247'
Apr 05 09:16:05 b'8247'
Apr 05 09:16:05 b'8247'
Apr 05 09:16:06 b'8247'
Apr 05 09:16:06 b'8247'
Apr 05 09:16:06 b'8247'
Apr 05 09:16:07 b'8247'
Apr 05 09:16:07 b'8247'
Apr 05 09:16:08 b'8247'
Apr 05 09:16:08 b'8247'
Apr 05 09:16:09 b'8247'
Apr 05 09:16:09 b'8247'
Apr 05 09:16:10 b'8247'
Apr 05 09:16:10 b'8247'
Apr 05 09:16:11 b'8247'
Apr 05 09:16:11 b'8247'
Apr 05 09:16:12 b'8247'
Apr 05 09:16:12 b'8247'
Apr 05 09:16:12 b'8247'
Apr 05 09:16:13 b'8247'
Apr 05 09:16:13 b'8247'
Apr 05 09:16:14 b'8247'
Apr 05 09:16:14 b'8247'
Apr 05 09:16:15 b'8247'
Apr 05 09:16:15 b'8247'
Apr 05 09:16:16 b'8247'
Apr 05 09:16:16 b'8247'
Apr 05 09:16:16 b'8247'
Apr 05 09:16:17 b'8247'
Apr 05 09:16:17 b'8247'
Apr 05 09:16:18 b'8247'
Apr 05 09:16:18 b'8247'
Apr 05 09:16:19 b'8247'
Apr 05 09:16:19 b'8247'
Apr 05 09:16:20 b'8247'
Apr 05 09:16:20 b'8247'
Apr 05 09:16:21 b'8247'
Apr 05 09:16:21 b'8247'
Apr 05 09:16:21 b'8247'
Apr 05 09:16:22 b'8247'
Apr 05 09:16:22 b'8247'
Apr 05 09:16:23 b'8247'
Apr 05 09:16:23 b'8247'
Apr 05 09:16:24 b'8247'
Apr 05 09:16:24 b'8247'
Apr 05 09:16:25 b'8247'
Apr 05 09:16:25 b'8247'
Apr 05 09:16:25 b'8247'
Apr 05 09:16:26 b'8247'
Apr 05 09:16:26 b'8247'
Apr 05 09:16:27 b'8247'
Apr 05 09:16:27 b'8247'
Apr 05 09:16:28 b'8247'
Apr 05 09:16:28 b'8247'
Apr 05 09:16:29 b'8247'
Apr 05 09:16:29 b'8247'
Apr 05 09:16:30 b'8247'
Apr 05 09:16:30 b'8247'
Apr 05 09:16:30 b'8247'
Apr 05 09:16:31 b'8247'
Apr 05 09:16:31 b'8247'
Apr 05 09:16:32 b'8247'
Apr 05 09:16:32 b'8247'
Apr 05 09:16:33 b'8247'
Apr 05 09:16:33 b'8247'
Apr 05 09:16:34 b'8247'
Apr 05 09:16:34 b'8247'
Apr 05 09:16:35 b'ee46'
Apr 05 09:16:35 b'ee46'
Apr 05 09:16:35 b'ee46'
Apr 05 09:16:36 b'ee46'
Apr 05 09:16:36 b'ee46'
Apr 05 09:16:37 b'ee46'
Apr 05 09:16:37 b'ee46'
Apr 05 09:16:38 b'ee46'
Apr 05 09:16:38 b'ee46'
Apr 05 09:16:39 b'ee46'
Apr 05 09:16:39 b'ee46'
Apr 05 09:16:40 b'ee46'
Apr 05 09:16:40 b'ee46'
Apr 05 09:16:40 b'ee46'
Apr 05 09:16:41 b'ee46'
Apr 05 09:16:41 b'ee46'
Apr 05 09:16:42 b'ee46'
Apr 05 09:16:42 b'ee46'
Apr 05 09:16:43 b'ee46'
Apr 05 09:16:43 b'ee46'
Apr 05 09:16:44 b'ee46'
Apr 05 09:16:44 b'ee46'
Apr 05 09:16:45 b'ee46'
Apr 05 09:16:45 b'ee46'
Apr 05 09:16:45 b'ee46'
Apr 05 09:16:46 b'ee46'
Apr 05 09:16:47 b'ee46'
Apr 05 09:16:47 b'ee46'
Apr 05 09:16:47 b'ee46'
Apr 05 09:16:48 b'ee46'
Apr 05 09:16:48 b'ee46'
Apr 05 09:16:49 b'ee46'
Apr 05 09:16:49 b'ee46'
Apr 05 09:16:49 b'ee46'
Apr 05 09:16:50 b'ee46'
Apr 05 09:16:50 b'ee46'
Apr 05 09:16:51 b'ee46'
Apr 05 09:16:51 b'ee46'
Apr 05 09:16:52 b'ee46'
Apr 05 09:16:52 b'ee46'
Apr 05 09:16:53 b'ee46'
Apr 05 09:16:53 b'ee46'
Apr 05 09:16:54 b'ee46'
Apr 05 09:16:54 b'ee46'
Apr 05 09:16:55 b'ee46'
Apr 05 09:16:55 b'ee46'
Apr 05 09:16:55 b'ee46'
Apr 05 09:16:56 b'ee46'
Apr 05 09:16:56 b'ee46'
Apr 05 09:16:57 b'ee46'
Apr 05 09:16:57 b'ee46'
Apr 05 09:16:58 b'ee46'
Apr 05 09:16:58 b'ee46'
Apr 05 09:16:59 b'ee46'
Apr 05 09:16:59 b'ee46'
Apr 05 09:17:00 b'ee46'
Apr 05 09:17:00 b'ee46'
Apr 05 09:17:00 b'ee46'
Apr 05 09:17:01 b'ee46'
Apr 05 09:17:01 b'ee46'
Apr 05 09:17:02 b'ee46'
Apr 05 09:17:02 b'ee46'
Apr 05 09:17:03 b'ee46'
Apr 05 09:17:03 b'ee46'
Apr 05 09:17:04 b'ee46'
Apr 05 09:17:04 b'ee46'
Apr 05 09:17:05 b'ee46'
Apr 05 09:17:05 b'ee46'
Apr 05 09:17:05 b'ee46'
Apr 05 09:17:06 b'ee46'
Apr 05 09:17:06 b'ee46'
Apr 05 09:17:07 b'ee46'
Apr 05 09:17:07 b'ee46'
Apr 05 09:17:08 b'ee46'
Apr 05 09:17:08 b'ee46'
Apr 05 09:17:09 b'ee46'
Apr 05 09:17:09 b'ee46'
Apr 05 09:17:09 b'ee46'
Apr 05 09:17:10 b'ee46'
Apr 05 09:17:10 b'ee46'
Apr 05 09:17:11 b'ee46'
Apr 05 09:17:11 b'ee46'
Apr 05 09:17:12 b'ee46'
Apr 05 09:17:12 b'ee46'
Apr 05 09:17:13 b'ee46'
Apr 05 09:17:13 b'ee46'
Apr 05 09:17:14 b'ee46'
Apr 05 09:17:14 b'ee46'
Apr 05 09:17:14 b'ee46'
Apr 05 09:17:15 b'ee46'
Apr 05 09:17:15 b'ee46'
Apr 05 09:17:16 b'ee46'
Apr 05 09:17:16 b'ee46'
Apr 05 09:17:17 b'ee46'
Apr 05 09:17:17 b'ee46'
Apr 05 09:17:18 b'ee46'
Apr 05 09:17:18 b'ee46'
Apr 05 09:17:18 b'ee46'
Apr 05 09:17:19 b'ee46'
Apr 05 09:17:19 b'ee46'
Apr 05 09:17:20 b'ee46'
Apr 05 09:17:20 b'ee46'
Apr 05 09:17:21 b'ee46'
Apr 05 09:17:21 b'ee46'
Apr 05 09:17:22 b'ee46'
Apr 05 09:17:22 b'ee46'
Apr 05 09:17:23 b'ee46'
Apr 05 09:17:23 b'ee46'
Apr 05 09:17:24 b'ee46'
Apr 05 09:17:24 b'ee46'
Apr 05 09:17:24 b'ee46'
Apr 05 09:17:25 b'ee46'
Apr 05 09:17:25 b'ee46'
Apr 05 09:17:26 b'ee46'
Apr 05 09:17:26 b'ee46'
Apr 05 09:17:27 b'ee46'
Apr 05 09:17:27 b'ee46'
Apr 05 09:17:28 b'ee46'
Apr 05 09:17:28 b'ee46'
Apr 05 09:17:28 b'ee46'
Apr 05 09:17:29 b'ee46'
Apr 05 09:17:29 b'ee46'
Apr 05 09:17:30 b'ee46'
Apr 05 09:17:30 b'ee46'
Apr 05 09:17:31 b'ee46'
Apr 05 09:17:31 b'ee46'
Apr 05 09:17:32 b'ee46'
Apr 05 09:17:32 b'ee46'
Apr 05 09:17:33 b'da46'
Apr 05 09:17:33 b'da46'
Apr 05 09:17:33 b'da46'
Apr 05 09:17:34 b'da46'
Apr 05 09:17:34 b'da46'
Apr 05 09:17:35 b'da46'
Apr 05 09:17:35 b'da46'
Apr 05 09:17:36 b'da46'
Apr 05 09:17:36 b'da46'
Apr 05 09:17:37 b'da46'
Apr 05 09:17:37 b'da46'
Apr 05 09:17:38 b'da46'
Apr 05 09:17:38 b'da46'
Apr 05 09:17:38 b'da46'
Apr 05 09:17:39 b'da46'
Apr 05 09:17:39 b'da46'
Apr 05 09:17:40 b'da46'
Apr 05 09:17:40 b'da46'
Apr 05 09:17:41 b'da46'
Apr 05 09:17:41 b'da46'
Apr 05 09:17:42 b'da46'
Apr 05 09:17:42 b'da46'
Apr 05 09:17:42 b'da46'
Apr 05 09:17:43 b'da46'
Apr 05 09:17:44 b'da46'
Apr 05 09:17:44 b'da46'
Apr 05 09:17:44 b'da46'
Apr 05 09:17:45 b'da46'
Apr 05 09:17:45 b'da46'
Apr 05 09:17:46 b'da46'
Apr 05 09:17:46 b'da46'
Apr 05 09:17:47 b'da46'
Apr 05 09:17:47 b'da46'
Apr 05 09:17:47 b'da46'
Apr 05 09:17:48 b'da46'
Apr 05 09:17:48 b'da46'
Apr 05 09:17:49 b'da46'
Apr 05 09:17:49 b'da46'
Apr 05 09:17:50 b'da46'
Apr 05 09:17:50 b'da46'
Apr 05 09:17:51 b'da46'
Apr 05 09:17:51 b'da46'
Apr 05 09:17:52 b'da46'
Apr 05 09:17:52 b'da46'
Apr 05 09:17:52 b'da46'
Apr 05 09:17:53 b'da46'
Apr 05 09:17:53 b'da46'
Apr 05 09:17:54 b'da46'
Apr 05 09:17:54 b'da46'
Apr 05 09:17:55 b'da46'
Apr 05 09:17:55 b'da46'
Apr 05 09:17:56 b'da46'
Apr 05 09:17:56 b'da46'
Apr 05 09:17:57 b'da46'
Apr 05 09:17:57 b'da46'
Apr 05 09:17:57 b'da46'
Apr 05 09:17:58 b'da46'
Apr 05 09:17:58 b'da46'
Apr 05 09:17:59 b'da46'
Apr 05 09:17:59 b'da46'
Apr 05 09:18:00 b'da46'
Apr 05 09:18:00 b'da46'
Apr 05 09:18:01 b'da46'
Apr 05 09:18:01 b'da46'
Apr 05 09:18:02 b'da46'
Apr 05 09:18:02 b'da46'
Apr 05 09:18:02 b'da46'
Apr 05 09:18:03 b'da46'
Apr 05 09:18:03 b'da46'
Apr 05 09:18:04 b'da46'
Apr 05 09:18:04 b'da46'
Apr 05 09:18:05 b'da46'
Apr 05 09:18:05 b'da46'
Apr 05 09:18:06 b'da46'
Apr 05 09:18:06 b'da46'
Apr 05 09:18:07 b'da46'
Apr 05 09:18:07 b'da46'
Apr 05 09:18:07 b'da46'
Apr 05 09:18:08 b'da46'
Apr 05 09:18:08 b'da46'
Apr 05 09:18:09 b'da46'
Apr 05 09:18:09 b'da46'
Apr 05 09:18:10 b'da46'
Apr 05 09:18:10 b'da46'
Apr 05 09:18:11 b'da46'
Apr 05 09:18:11 b'da46'
Apr 05 09:18:12 b'da46'
Apr 05 09:18:12 b'da46'
Apr 05 09:18:12 b'da46'
Apr 05 09:18:13 b'da46'
Apr 05 09:18:14 b'da46'
Apr 05 09:18:14 b'da46'
Apr 05 09:18:14 b'da46'
Apr 05 09:18:15 b'da46'
Apr 05 09:18:15 b'da46'
Apr 05 09:18:16 b'da46'
Apr 05 09:18:16 b'da46'
Apr 05 09:18:16 b'da46'
Apr 05 09:18:17 b'da46'
Apr 05 09:18:17 b'da46'
Apr 05 09:18:18 b'da46'
Apr 05 09:18:18 b'da46'
Apr 05 09:18:19 b'da46'
Apr 05 09:18:19 b'da46'
Apr 05 09:18:20 b'da46'
Apr 05 09:18:20 b'da46'
Apr 05 09:18:21 b'da46'
Apr 05 09:18:21 b'da46'
Apr 05 09:18:21 b'da46'
Apr 05 09:18:22 b'da46'
Apr 05 09:18:22 b'da46'
Apr 05 09:18:23 b'da46'
Apr 05 09:18:23 b'da46'
Apr 05 09:18:24 b'da46'
Apr 05 09:18:24 b'da46'
Apr 05 09:18:25 b'da46'
Apr 05 09:18:25 b'da46'
Apr 05 09:18:26 b'da46'
Apr 05 09:18:26 b'da46'
Apr 05 09:18:26 b'da46'
Apr 05 09:18:27 b'da46'
Apr 05 09:18:27 b'da46'
Apr 05 09:18:28 b'da46'
Apr 05 09:18:28 b'da46'
Apr 05 09:18:29 b'da46'
Apr 05 09:18:29 b'da46'
Apr 05 09:18:30 b'da46'
Apr 05 09:18:30 b'da46'
Apr 05 09:18:31 b'da46'
Apr 05 09:18:31 b'da46'
Apr 05 09:18:31 b'da46'
Apr 05 09:18:32 b'da46'
Apr 05 09:18:32 b'da46'
Apr 05 09:18:33 b'da46'
Apr 05 09:18:33 b'da46'
Apr 05 09:18:34 b'da46'
Apr 05 09:18:34 b'da46'
Apr 05 09:18:35 b'da46'
Apr 05 09:18:35 b'da46'
Apr 05 09:18:35 b'da46'
Apr 05 09:18:36 b'da46'
Apr 05 09:18:36 b'c646'
Apr 05 09:18:37 b'c646'
Apr 05 09:18:37 b'c646'
Apr 05 09:18:38 b'c646'
Apr 05 09:18:38 b'c646'
Apr 05 09:18:39 b'c646'
Apr 05 09:18:39 b'c646'
Apr 05 09:18:40 b'c646'
Apr 05 09:18:40 b'c646'
Apr 05 09:18:41 b'c646'
Apr 05 09:18:41 b'c646'
Apr 05 09:18:41 b'c646'
Apr 05 09:18:42 b'c646'
Apr 05 09:18:42 b'c646'
Apr 05 09:18:43 b'c646'
Apr 05 09:18:43 b'c646'
Apr 05 09:18:44 b'c646'
Apr 05 09:18:44 b'c646'
Apr 05 09:18:45 b'c646'
Apr 05 09:18:45 b'c646'
Apr 05 09:18:45 b'c646'
Apr 05 09:18:46 b'c646'
Apr 05 09:18:46 b'c646'
Apr 05 09:18:47 b'c646'
Apr 05 09:18:47 b'c646'
Apr 05 09:18:48 b'c646'
Apr 05 09:18:48 b'c646'
Apr 05 09:18:49 b'c646'
Apr 05 09:18:49 b'c646'
Apr 05 09:18:50 b'c646'
Apr 05 09:18:50 b'c646'
Apr 05 09:18:50 b'c646'
Apr 05 09:18:51 b'c646'
Apr 05 09:18:51 b'c646'
Apr 05 09:18:52 b'c646'
Apr 05 09:18:52 b'c646'
Apr 05 09:18:53 b'c646'
Apr 05 09:18:53 b'c646'
Apr 05 09:18:54 b'c646'
Apr 05 09:18:54 b'c646'
Apr 05 09:18:55 b'c646'
Apr 05 09:18:55 b'c646'
Apr 05 09:18:55 b'c646'
Apr 05 09:18:56 b'c646'
Apr 05 09:18:56 b'c646'
Apr 05 09:18:57 b'c646'
Apr 05 09:18:57 b'c646'
Apr 05 09:18:58 b'c646'
Apr 05 09:18:58 b'c646'
Apr 05 09:18:59 b'c646'
Apr 05 09:18:59 b'c646'
Apr 05 09:19:00 b'c646'
Apr 05 09:19:00 b'c646'
Apr 05 09:19:00 b'c646'
Apr 05 09:19:01 b'c646'
Apr 05 09:19:01 b'c646'
Apr 05 09:19:02 b'c646'
Apr 05 09:19:02 b'c646'
Apr 05 09:19:03 b'c646'
Apr 05 09:19:03 b'c646'
Apr 05 09:19:04 b'c646'
Apr 05 09:19:04 b'c646'
Apr 05 09:19:04 b'c646'
Apr 05 09:19:05 b'c646'
Apr 05 09:19:05 b'c646'
Apr 05 09:19:06 b'c646'
Apr 05 09:19:06 b'c646'
Apr 05 09:19:07 b'c646'
Apr 05 09:19:07 b'c646'
Apr 05 09:19:08 b'c646'
Apr 05 09:19:08 b'c646'
Apr 05 09:19:09 b'c646'
Apr 05 09:19:09 b'c646'
Apr 05 09:19:09 b'c646'
Apr 05 09:19:10 b'c646'
Apr 05 09:19:10 b'c646'
Apr 05 09:19:11 b'c646'
Apr 05 09:19:11 b'c646'
Apr 05 09:19:12 b'c646'
Apr 05 09:19:12 b'c646'
Apr 05 09:19:13 b'c646'
Apr 05 09:19:13 b'c646'
Apr 05 09:19:14 b'c646'
Apr 05 09:19:14 b'c646'
Apr 05 09:19:14 b'c646'
Apr 05 09:19:15 b'c646'
Apr 05 09:19:15 b'c646'
Apr 05 09:19:16 b'c646'
Apr 05 09:19:16 b'c646'
Apr 05 09:19:17 b'c646'
Apr 05 09:19:17 b'c646'
Apr 05 09:19:18 b'c646'
Apr 05 09:19:18 b'c646'
Apr 05 09:19:19 b'c646'
Apr 05 09:19:19 b'c646'
Apr 05 09:19:19 b'c646'
Apr 05 09:19:20 b'c646'
Apr 05 09:19:20 b'c646'
Apr 05 09:19:21 b'c646'
Apr 05 09:19:21 b'c646'
Apr 05 09:19:22 b'c646'
Apr 05 09:19:22 b'c646'
Apr 05 09:19:23 b'c646'
Apr 05 09:19:23 b'c646'
Apr 05 09:19:24 b'c646'
Apr 05 09:19:24 b'c646'
Apr 05 09:19:24 b'c646'
Apr 05 09:19:25 b'c646'
Apr 05 09:19:25 b'c646'
Apr 05 09:19:26 b'c646'
Apr 05 09:19:26 b'c646'
Apr 05 09:19:27 b'c646'
Apr 05 09:19:27 b'c646'
Apr 05 09:19:28 b'c646'
Apr 05 09:19:28 b'c646'
Apr 05 09:19:28 b'c646'
Apr 05 09:19:29 b'c646'
Apr 05 09:19:29 b'c646'
Apr 05 09:19:30 b'c646'
Apr 05 09:19:30 b'c646'
Apr 05 09:19:31 b'c646'
Apr 05 09:19:31 b'c646'
Apr 05 09:19:32 b'c646'
Apr 05 09:19:32 b'c646'
Apr 05 09:19:33 b'c646'
Apr 05 09:19:33 b'c646'
Apr 05 09:19:33 b'c646'
Apr 05 09:19:34 b'c646'
Apr 05 09:19:34 b'c646'
Apr 05 09:19:35 b'c646'
Apr 05 09:19:35 b'c646'
Apr 05 09:19:36 b'c646'
Apr 05 09:19:36 b'c646'
Apr 05 09:19:37 b'c646'
Apr 05 09:19:37 b'c646'
Apr 05 09:19:38 b'c646'
Apr 05 09:19:38 b'c646'
Apr 05 09:19:38 b'c646'
Apr 05 09:19:39 b'c646'
Apr 05 09:19:39 b'c646'
Apr 05 09:19:40 b'c646'
Apr 05 09:19:40 b'c646'
Apr 05 09:19:41 b'c646'
Apr 05 09:19:41 b'c646'
Apr 05 09:19:42 b'c646'
Apr 05 09:19:42 b'c646'
Apr 05 09:19:42 b'c646'
Apr 05 09:19:43 b'c646'
Apr 05 09:19:43 b'c646'
Apr 05 09:19:44 b'c646'
Apr 05 09:19:44 b'c646'
Apr 05 09:19:45 b'c646'
Apr 05 09:19:45 b'c646'
Apr 05 09:19:46 b'c646'
Apr 05 09:19:46 b'c646'
Apr 05 09:19:47 b'c646'
Apr 05 09:19:47 b'c646'
Apr 05 09:19:47 b'c646'
Apr 05 09:19:48 b'c646'
Apr 05 09:19:48 b'c646'
Apr 05 09:19:49 b'c646'
Apr 05 09:19:49 b'c646'
Apr 05 09:19:50 b'c646'
Apr 05 09:19:50 b'c646'
Apr 05 09:19:51 b'c646'
Apr 05 09:19:51 b'c646'
Apr 05 09:19:52 b'c646'
Apr 05 09:19:52 b'c646'
Apr 05 09:19:53 b'c646'
Apr 05 09:19:53 b'c646'
Apr 05 09:19:53 b'c646'
Apr 05 09:19:54 b'c646'
Apr 05 09:19:54 b'c646'
Apr 05 09:19:55 b'c646'
Apr 05 09:19:55 b'c646'
Apr 05 09:19:56 b'c646'
Apr 05 09:19:56 b'c646'
Apr 05 09:19:57 b'b246'
Apr 05 09:19:57 b'b246'
Apr 05 09:19:57 b'c646'
Apr 05 09:19:58 b'c646'
Apr 05 09:19:58 b'c646'
Apr 05 09:19:59 b'c646'
Apr 05 09:19:59 b'c646'
Apr 05 09:20:00 b'c646'
Apr 05 09:20:00 b'c646'
Apr 05 09:20:01 b'c646'
Apr 05 09:20:01 b'c646'
Apr 05 09:20:02 b'b246'
Apr 05 09:20:02 b'b246'
Apr 05 09:20:02 b'b246'
Apr 05 09:20:03 b'b246'
Apr 05 09:20:03 b'b246'
Apr 05 09:20:04 b'b246'
Apr 05 09:20:04 b'b246'
Apr 05 09:20:05 b'b246'
Apr 05 09:20:05 b'b246'
Apr 05 09:20:06 b'b246'
Apr 05 09:20:06 b'b246'
Apr 05 09:20:07 b'c646'
Apr 05 09:20:07 b'c646'
Apr 05 09:20:07 b'c646'
Apr 05 09:20:08 b'b246'
Apr 05 09:20:08 b'b246'
Apr 05 09:20:09 b'b246'
Apr 05 09:20:09 b'b246'
Apr 05 09:20:10 b'b246'
Apr 05 09:20:10 b'b246'
Apr 05 09:20:11 b'b246'
Apr 05 09:20:11 b'b246'
Apr 05 09:20:11 b'b246'
Apr 05 09:20:12 b'b246'
Apr 05 09:20:12 b'b246'
Apr 05 09:20:13 b'b246'
Apr 05 09:20:13 b'b246'
Apr 05 09:20:14 b'b246'
Apr 05 09:20:14 b'b246'
Apr 05 09:20:15 b'b246'
Apr 05 09:20:15 b'b246'
Apr 05 09:20:16 b'b246'
Apr 05 09:20:16 b'b246'
Apr 05 09:20:16 b'b246'
Apr 05 09:20:17 b'b246'
Apr 05 09:20:17 b'b246'
Apr 05 09:20:18 b'b246'
Apr 05 09:20:18 b'b246'
Apr 05 09:20:19 b'b246'
Apr 05 09:20:19 b'b246'
Apr 05 09:20:20 b'b246'
Apr 05 09:20:20 b'b246'
Apr 05 09:20:21 b'b246'
Apr 05 09:20:21 b'b246'
Apr 05 09:20:22 b'b246'
Apr 05 09:20:22 b'b246'
Apr 05 09:20:22 b'b246'
Apr 05 09:20:23 b'b246'
Apr 05 09:20:23 b'b246'
Apr 05 09:20:24 b'b246'
Apr 05 09:20:24 b'b246'
Apr 05 09:20:25 b'b246'
Apr 05 09:20:25 b'b246'
Apr 05 09:20:26 b'b246'
Apr 05 09:20:26 b'b246'
Apr 05 09:20:26 b'b246'
Apr 05 09:20:27 b'b246'
Apr 05 09:20:27 b'b246'
Apr 05 09:20:28 b'b246'
Apr 05 09:20:28 b'b246'
Apr 05 09:20:29 b'b246'
Apr 05 09:20:29 b'b246'
Apr 05 09:20:30 b'b246'
Apr 05 09:20:30 b'b246'
Apr 05 09:20:30 b'b246'
Apr 05 09:20:31 b'b246'
Apr 05 09:20:31 b'b246'
Apr 05 09:20:32 b'b246'
Apr 05 09:20:32 b'b246'
Apr 05 09:20:33 b'b246'
Apr 05 09:20:33 b'b246'
Apr 05 09:20:34 b'b246'
Apr 05 09:20:34 b'b246'
Apr 05 09:20:35 b'b246'
Apr 05 09:20:35 b'b246'
Apr 05 09:20:36 b'b246'
Apr 05 09:20:36 b'b246'
Apr 05 09:20:36 b'b246'
Apr 05 09:20:37 b'b246'
Apr 05 09:20:37 b'b246'
Apr 05 09:20:38 b'b246'
Apr 05 09:20:38 b'b246'
Apr 05 09:20:39 b'b246'
Apr 05 09:20:39 b'b246'
Apr 05 09:20:40 b'b246'
Apr 05 09:20:40 b'b246'
Apr 05 09:20:41 b'b246'
Apr 05 09:20:41 b'b246'
Apr 05 09:20:41 b'b246'
Apr 05 09:20:42 b'b246'
Apr 05 09:20:42 b'b246'
Apr 05 09:20:43 b'b246'
Apr 05 09:20:43 b'b246'
Apr 05 09:20:44 b'b246'
Apr 05 09:20:44 b'b246'
Apr 05 09:20:45 b'b246'
Apr 05 09:20:45 b'b246'
Apr 05 09:20:45 b'b246'
Apr 05 09:20:46 b'b246'
Apr 05 09:20:46 b'b246'
Apr 05 09:20:47 b'b246'
Apr 05 09:20:47 b'b246'
Apr 05 09:20:48 b'b246'
Apr 05 09:20:48 b'b246'
Apr 05 09:20:49 b'b246'
Apr 05 09:20:49 b'b246'
Apr 05 09:20:49 b'b246'
Apr 05 09:20:50 b'b246'
Apr 05 09:20:50 b'b246'
Apr 05 09:20:51 b'b246'
Apr 05 09:20:51 b'b246'
Apr 05 09:20:52 b'b246'
Apr 05 09:20:52 b'b246'
Apr 05 09:20:53 b'b246'
Apr 05 09:20:53 b'b246'
Apr 05 09:20:54 b'b246'
Apr 05 09:20:54 b'b246'
Apr 05 09:20:54 b'b246'
Apr 05 09:20:55 b'b246'
Apr 05 09:20:55 b'b246'
Apr 05 09:20:56 b'b246'
Apr 05 09:20:56 b'b246'
Apr 05 09:20:57 b'b246'
Apr 05 09:20:57 b'b246'
Apr 05 09:20:58 b'b246'
Apr 05 09:20:58 b'b246'
Apr 05 09:20:59 b'b246'
Apr 05 09:20:59 b'b246'
Apr 05 09:21:00 b'b246'
Apr 05 09:21:00 b'b246'
Apr 05 09:21:00 b'b246'
Apr 05 09:21:01 b'b246'
Apr 05 09:21:01 b'b246'
Apr 05 09:21:02 b'b246'
Apr 05 09:21:02 b'b246'
Apr 05 09:21:03 b'b246'
Apr 05 09:21:03 b'b246'
Apr 05 09:21:04 b'b246'
Apr 05 09:21:04 b'b246'
Apr 05 09:21:04 b'b246'
Apr 05 09:21:05 b'b246'
Apr 05 09:21:05 b'b246'
Apr 05 09:21:06 b'b246'
Apr 05 09:21:06 b'b246'
Apr 05 09:21:07 b'b246'
Apr 05 09:21:07 b'b246'
Apr 05 09:21:08 b'b246'
Apr 05 09:21:08 b'b246'
Apr 05 09:21:09 b'b246'
Apr 05 09:21:09 b'b246'
Apr 05 09:21:09 b'b246'
Apr 05 09:21:10 b'b246'
Apr 05 09:21:10 b'b246'
Apr 05 09:21:11 b'b246'
Apr 05 09:21:11 b'b246'
Apr 05 09:21:12 b'b246'
Apr 05 09:21:12 b'b246'
Apr 05 09:21:13 b'b246'
Apr 05 09:21:13 b'b246'
Apr 05 09:21:14 b'b246'
Apr 05 09:21:14 b'b246'
Apr 05 09:21:14 b'b246'
Apr 05 09:21:15 b'a846'
Apr 05 09:21:15 b'a846'
Apr 05 09:21:16 b'a846'
Apr 05 09:21:16 b'a846'
Apr 05 09:21:17 b'a846'
Apr 05 09:21:17 b'a846'
Apr 05 09:21:18 b'a846'
Apr 05 09:21:18 b'a846'
Apr 05 09:21:19 b'a846'
Apr 05 09:21:19 b'a846'
Apr 05 09:21:19 Received MQTT Temp request: 132.0
Apr 05 09:21:19 Setting Temp: 132.0 encoded: 01050308a80a00
Apr 05 09:21:19 b'a846'
Apr 05 09:21:20 b'a846'
Apr 05 09:21:20 b'a846'
Apr 05 09:21:20 Received MQTT Run request: auto
Apr 05 09:21:20 Setting state: auto
Apr 05 09:21:21 b'a846'
Apr 05 09:21:21 b'a846'
Apr 05 09:21:22 b'a846'
Apr 05 09:21:22 b'a846'
Apr 05 09:21:23 b'a846'
Apr 05 09:21:23 b'a846'
Apr 05 09:21:24 b'a846'
Apr 05 09:21:24 b'a846'
Apr 05 09:21:24 b'a846'
Apr 05 09:21:25 b'a846'
Apr 05 09:21:25 b'a846'
Apr 05 09:21:26 b'a846'
Apr 05 09:21:26 b'a846'
Apr 05 09:21:27 b'9446'
Apr 05 09:21:27 b'9446'
Apr 05 09:21:28 b'9446'
Apr 05 09:21:28 b'9446'
Apr 05 09:21:28 b'9446'
Apr 05 09:21:29 b'9446'
Apr 05 09:21:29 b'9446'
Apr 05 09:21:30 b'8046'
Apr 05 09:21:30 b'8046'
Apr 05 09:21:31 b'8046'
Apr 05 09:21:31 b'8046'
Apr 05 09:21:32 b'8046'
Apr 05 09:21:32 b'8046'
Apr 05 09:21:33 b'8046'
Apr 05 09:21:33 b'8046'
Apr 05 09:21:33 b'8046'
Apr 05 09:21:34 Received MQTT Run request: auto
Apr 05 09:21:34 Setting state: auto
Apr 05 09:21:34 b'8046'
Apr 05 09:21:35 b'8046'
Apr 05 09:21:35 b'8046'
Apr 05 09:21:35 b'8046'
Apr 05 09:21:36 b'9446'
Apr 05 09:21:36 Received MQTT Run request: auto
Apr 05 09:21:36 Setting state: auto
Apr 05 09:21:36 b'9446'
Apr 05 09:21:37 Received MQTT Run request: auto
Apr 05 09:21:37 Setting state: auto
Apr 05 09:21:37 b'a846'
Apr 05 09:21:37 b'a846'
Apr 05 09:21:38 b'b246'
Apr 05 09:21:38 b'b246'
Apr 05 09:21:39 b'c646'
Apr 05 09:21:39 b'c646'
Apr 05 09:21:39 b'c646'
Apr 05 09:21:40 b'c646'
Apr 05 09:21:40 b'c646'
Apr 05 09:21:41 b'c646'
Apr 05 09:21:41 b'c646'
Apr 05 09:21:42 b'c646'
Apr 05 09:21:42 b'c646'
Apr 05 09:21:43 b'b246'
Apr 05 09:21:43 b'b246'
Apr 05 09:21:44 b'a846'
Apr 05 09:21:44 b'a846'
Apr 05 09:21:45 b'a846'
Apr 05 09:21:45 b'a846'
Apr 05 09:21:45 b'a846'
Apr 05 09:21:46 b'9446'
Apr 05 09:21:46 b'9446'
Apr 05 09:21:47 b'9446'
Apr 05 09:21:47 b'9446'
Apr 05 09:21:48 b'8046'
Apr 05 09:21:48 b'8046'
Apr 05 09:21:49 b'8046'
Apr 05 09:21:49 b'8046'
Apr 05 09:21:49 b'8046'
Apr 05 09:21:50 b'ec45'
Apr 05 09:21:50 b'ec45'
Apr 05 09:21:51 b'ec45'
Apr 05 09:21:51 b'ec45'
Apr 05 09:21:52 b'ec45'
Apr 05 09:21:52 b'ec45'
Apr 05 09:21:53 b'ec45'
Apr 05 09:21:53 b'ec45'
Apr 05 09:21:54 b'ec45'
Apr 05 09:21:54 b'ec45'
Apr 05 09:21:55 b'ec45'
Apr 05 09:21:55 b'ec45'
Apr 05 09:21:55 b'ec45'
Apr 05 09:21:56 b'ec45'
Apr 05 09:21:56 b'ec45'
Apr 05 09:21:57 b'ec45'
Apr 05 09:21:57 b'ec45'
Apr 05 09:21:58 b'ec45'
Apr 05 09:21:58 b'ec45'
Apr 05 09:21:58 b'ec45'
Apr 05 09:21:59 b'ec45'
Apr 05 09:21:59 b'ec45'
Apr 05 09:22:00 b'ec45'
Apr 05 09:22:00 b'ec45'
Apr 05 09:22:01 b'ec45'
Apr 05 09:22:01 b'ec45'
Apr 05 09:22:02 b'ec45'
Apr 05 09:22:02 b'ec45'
Apr 05 09:22:03 b'ec45'
Apr 05 09:22:03 b'ec45'
Apr 05 09:22:03 b'ec45'
Apr 05 09:22:04 b'ec45'
Apr 05 09:22:04 b'ec45'
Apr 05 09:22:05 b'8046'
Apr 05 09:22:05 b'8046'
Apr 05 09:22:06 b'8046'
Apr 05 09:22:06 b'8046'
Apr 05 09:22:07 b'8046'
Apr 05 09:22:07 b'8046'
Apr 05 09:22:08 b'8046'
Apr 05 09:22:08 b'8046'
Apr 05 09:22:09 b'8046'
Apr 05 09:22:09 b'8046'
Apr 05 09:22:09 b'8046'
Apr 05 09:22:10 b'9446'
Apr 05 09:22:10 b'9446'
Apr 05 09:22:11 b'9446'
Apr 05 09:22:11 b'9446'
Apr 05 09:22:12 b'9446'
Apr 05 09:22:12 b'9446'
Apr 05 09:22:13 b'9446'
Apr 05 09:22:13 b'9446'
Apr 05 09:22:13 b'9446'
Apr 05 09:22:14 b'a846'
Apr 05 09:22:14 b'a846'
Apr 05 09:22:15 b'a846'
Apr 05 09:22:15 b'a846'
Apr 05 09:22:16 b'a846'
Apr 05 09:22:16 b'a846'
Apr 05 09:22:17 b'a846'
Apr 05 09:22:17 b'a846'
Apr 05 09:22:18 b'a846'
Apr 05 09:22:18 b'a846'
Apr 05 09:22:18 b'a846'
Apr 05 09:22:19 b'a846'
Apr 05 09:22:19 b'a846'
Apr 05 09:22:20 b'b246'
Apr 05 09:22:20 b'b246'
Apr 05 09:22:21 b'b246'
Apr 05 09:22:21 b'b246'
Apr 05 09:22:22 b'b246'
Apr 05 09:22:22 b'b246'
Apr 05 09:22:23 b'b246'
Apr 05 09:22:23 b'b246'
Apr 05 09:22:23 b'b246'
Apr 05 09:22:24 b'c646'
Apr 05 09:22:24 b'c646'
Apr 05 09:22:25 b'c646'
Apr 05 09:22:25 b'c646'
Apr 05 09:22:26 b'c646'
Apr 05 09:22:26 b'c646'
Apr 05 09:22:27 b'c646'
Apr 05 09:22:27 b'c646'
Apr 05 09:22:27 b'c646'
Apr 05 09:22:28 b'c646'
Apr 05 09:22:28 b'c646'
Apr 05 09:22:29 b'da46'
Apr 05 09:22:29 b'da46'
Apr 05 09:22:30 b'da46'
Apr 05 09:22:30 b'da46'
Apr 05 09:22:31 b'da46'
Apr 05 09:22:31 b'da46'
Apr 05 09:22:32 b'da46'
Apr 05 09:22:32 b'da46'
Apr 05 09:22:33 b'da46'
Apr 05 09:22:33 b'da46'
Apr 05 09:22:33 b'da46'
Apr 05 09:22:34 b'da46'
Apr 05 09:22:34 b'da46'
Apr 05 09:22:35 b'ee46'
Apr 05 09:22:35 b'ee46'
Apr 05 09:22:36 b'ee46'
Apr 05 09:22:36 b'ee46'
Apr 05 09:22:37 b'ee46'
Apr 05 09:22:37 b'ee46'
Apr 05 09:22:38 b'ee46'
Apr 05 09:22:38 b'ee46'
Apr 05 09:22:38 b'ee46'
Apr 05 09:22:39 b'8247'
Apr 05 09:22:39 b'8247'
Apr 05 09:22:40 b'8247'
Apr 05 09:22:40 b'8247'
Apr 05 09:22:41 b'8247'
Apr 05 09:22:41 b'8247'
Apr 05 09:22:42 b'8247'
Apr 05 09:22:42 b'8247'
Apr 05 09:22:42 b'8247'
Apr 05 09:22:43 b'8247'
Apr 05 09:22:43 b'8247'
Apr 05 09:22:44 b'8247'
Apr 05 09:22:44 b'8247'
Apr 05 09:22:45 b'8247'
Apr 05 09:22:45 b'8247'
Apr 05 09:22:46 b'8247'
Apr 05 09:22:46 b'8247'
Apr 05 09:22:47 b'8c47'
Apr 05 09:22:47 b'8c47'
Apr 05 09:22:47 b'8c47'
Apr 05 09:22:48 b'8c47'
Apr 05 09:22:48 b'8c47'
Apr 05 09:22:49 b'8c47'
Apr 05 09:22:49 b'8c47'
Apr 05 09:22:50 b'8c47'
Apr 05 09:22:50 b'8c47'
Apr 05 09:22:51 b'8c47'
Apr 05 09:22:51 b'8c47'
Apr 05 09:22:52 b'8c47'
Apr 05 09:22:52 b'8c47'
Apr 05 09:22:52 b'8c47'
Apr 05 09:22:53 b'a047'
Apr 05 09:22:53 b'a047'
Apr 05 09:22:54 b'a047'
Apr 05 09:22:54 b'a047'
Apr 05 09:22:55 b'a047'
Apr 05 09:22:55 b'a047'
Apr 05 09:22:56 b'a047'
Apr 05 09:22:56 b'a047'
Apr 05 09:22:56 b'a047'
Apr 05 09:22:57 b'a047'
Apr 05 09:22:57 b'b447'
Apr 05 09:22:58 b'b447'
Apr 05 09:22:58 b'b447'
Apr 05 09:22:59 b'b447'
Apr 05 09:22:59 b'b447'
Apr 05 09:23:00 b'b447'
Apr 05 09:23:00 b'b447'
Apr 05 09:23:01 b'b447'
Apr 05 09:23:01 b'b447'
Apr 05 09:23:01 b'b447'
Apr 05 09:23:02 b'b447'
Apr 05 09:23:02 b'b447'
Apr 05 09:23:03 b'c847'
Apr 05 09:23:03 b'c847'
Apr 05 09:23:04 b'c847'
Apr 05 09:23:04 b'c847'
Apr 05 09:23:05 b'c847'
Apr 05 09:23:05 b'c847'
Apr 05 09:23:06 b'c847'
Apr 05 09:23:06 b'c847'
Apr 05 09:23:06 b'c847'
Apr 05 09:23:07 b'c847'
Apr 05 09:23:07 b'c847'
Apr 05 09:23:08 b'c847'
Apr 05 09:23:08 b'c847'
Apr 05 09:23:09 b'c847'
Apr 05 09:23:09 b'c847'
Apr 05 09:23:10 b'c847'
Apr 05 09:23:10 b'c847'
Apr 05 09:23:11 b'dc47'
Apr 05 09:23:11 b'dc47'
Apr 05 09:23:11 b'dc47'
Apr 05 09:23:12 b'dc47'
Apr 05 09:23:12 b'dc47'
Apr 05 09:23:13 b'dc47'
Apr 05 09:23:13 b'dc47'
Apr 05 09:23:14 b'dc47'
Apr 05 09:23:14 b'dc47'
Apr 05 09:23:15 b'dc47'
Apr 05 09:23:15 b'dc47'
Apr 05 09:23:16 b'dc47'
Apr 05 09:23:16 b'dc47'
Apr 05 09:23:16 b'dc47'
Apr 05 09:23:17 b'dc47'
Apr 05 09:23:17 b'dc47'
Apr 05 09:23:18 b'e647'
Apr 05 09:23:18 b'e647'
Apr 05 09:23:19 b'e647'
Apr 05 09:23:19 b'e647'
Apr 05 09:23:20 b'e647'
Apr 05 09:23:20 b'e647'
Apr 05 09:23:21 b'e647'
Apr 05 09:23:21 b'e647'
Apr 05 09:23:21 b'e647'
Apr 05 09:23:22 b'e647'
Apr 05 09:23:22 b'e647'
Apr 05 09:23:23 b'fa47'
Apr 05 09:23:23 b'fa47'
Apr 05 09:23:24 b'fa47'
Apr 05 09:23:24 b'fa47'
Apr 05 09:23:25 b'fa47'
Apr 05 09:23:25 b'fa47'
Apr 05 09:23:25 b'fa47'
Apr 05 09:23:26 b'fa47'
Apr 05 09:23:27 b'fa47'
Apr 05 09:23:27 b'8e48'
Apr 05 09:23:27 b'8e48'
Apr 05 09:23:28 b'8e48'
Apr 05 09:23:28 b'8e48'
Apr 05 09:23:29 b'8e48'
Apr 05 09:23:29 b'8e48'
Apr 05 09:23:30 b'8e48'
Apr 05 09:23:30 b'8e48'
Apr 05 09:23:30 b'8e48'
Apr 05 09:23:31 b'8e48'
Apr 05 09:23:31 b'8e48'
Apr 05 09:23:32 b'a248'
Apr 05 09:23:32 b'a248'
Apr 05 09:23:33 b'a248'
Apr 05 09:23:33 b'a248'
Apr 05 09:23:34 b'a248'
Apr 05 09:23:34 b'a248'
Apr 05 09:23:35 b'a248'
Apr 05 09:23:35 b'a248'
Apr 05 09:23:35 b'a248'
Apr 05 09:23:36 b'b648'
Apr 05 09:23:36 b'b648'
Apr 05 09:23:37 b'b648'
Apr 05 09:23:37 b'b648'
Apr 05 09:23:38 b'b648'
Apr 05 09:23:38 b'b648'
Apr 05 09:23:39 b'b648'
Apr 05 09:23:39 b'b648'
Apr 05 09:23:39 b'b648'
Apr 05 09:23:40 b'b648'
Apr 05 09:23:40 b'b648'
Apr 05 09:23:41 b'b648'
Apr 05 09:23:41 b'b648'
Apr 05 09:23:42 b'c048'
Apr 05 09:23:42 b'c048'
Apr 05 09:23:43 b'c048'
Apr 05 09:23:43 b'c048'
Apr 05 09:23:44 b'c048'
Apr 05 09:23:44 b'c048'
Apr 05 09:23:44 b'c048'
Apr 05 09:23:45 b'c048'
Apr 05 09:23:45 b'c048'
Apr 05 09:23:46 b'c048'
Apr 05 09:23:46 b'c048'
Apr 05 09:23:47 b'c048'
Apr 05 09:23:47 b'c048'
Apr 05 09:23:48 b'd448'
Apr 05 09:23:48 b'd448'
Apr 05 09:23:49 b'd448'
Apr 05 09:23:49 b'd448'
Apr 05 09:23:49 b'd448'
Apr 05 09:23:50 b'd448'
Apr 05 09:23:50 b'd448'
Apr 05 09:23:51 b'd448'
Apr 05 09:23:51 b'd448'
Apr 05 09:23:52 b'd448'
Apr 05 09:23:52 b'd448'
Apr 05 09:23:53 b'e848'
Apr 05 09:23:53 b'e848'
Apr 05 09:23:54 b'e848'
Apr 05 09:23:54 b'e848'
Apr 05 09:23:54 b'e848'
Apr 05 09:23:55 b'e848'
Apr 05 09:23:55 b'e848'
Apr 05 09:23:56 b'e848'
Apr 05 09:23:56 b'e848'
Apr 05 09:23:57 b'e848'
Apr 05 09:23:57 b'e848'
Apr 05 09:23:58 b'e848'
Apr 05 09:23:58 b'e848'
Apr 05 09:23:58 b'e848'
Apr 05 09:23:59 b'e848'
Apr 05 09:23:59 b'e848'
Apr 05 09:24:00 b'e848'
Apr 05 09:24:00 b'e848'
Apr 05 09:24:01 b'e848'
Apr 05 09:24:01 b'e848'
Apr 05 09:24:02 b'e848'
Apr 05 09:24:02 b'e848'
Apr 05 09:24:03 b'e848'
Apr 05 09:24:03 b'e848'
Apr 05 09:24:04 b'e848'
Apr 05 09:24:04 b'fc48'
Apr 05 09:24:04 b'fc48'
Apr 05 09:24:05 b'fc48'
Apr 05 09:24:05 b'fc48'
Apr 05 09:24:06 b'fc48'
Apr 05 09:24:06 b'fc48'
Apr 05 09:24:07 b'fc48'
Apr 05 09:24:07 b'fc48'
Apr 05 09:24:08 b'fc48'
Apr 05 09:24:08 b'fc48'
Apr 05 09:24:08 b'fc48'
Apr 05 09:24:09 b'9049'
Apr 05 09:24:09 b'9049'
Apr 05 09:24:10 b'9049'
Apr 05 09:24:10 b'9049'
Apr 05 09:24:11 b'9049'
Apr 05 09:24:11 b'9049'
Apr 05 09:24:12 b'9049'
Apr 05 09:24:12 b'9049'
Apr 05 09:24:13 b'9a49'
Apr 05 09:24:13 b'9a49'
Apr 05 09:24:13 b'9a49'
Apr 05 09:24:14 b'9a49'
Apr 05 09:24:14 b'9a49'
Apr 05 09:24:15 b'9a49'
Apr 05 09:24:15 b'9a49'
Apr 05 09:24:16 b'9a49'
Apr 05 09:24:16 b'9a49'
Apr 05 09:24:17 b'9a49'
Apr 05 09:24:17 b'9a49'
Apr 05 09:24:18 b'9a49'
Apr 05 09:24:18 b'9a49'
Apr 05 09:24:18 b'9a49'
Apr 05 09:24:19 b'ae49'
Apr 05 09:24:19 b'ae49'
Apr 05 09:24:20 b'ae49'
Apr 05 09:24:20 b'ae49'
Apr 05 09:24:21 b'ae49'
Apr 05 09:24:21 b'ae49'
Apr 05 09:24:22 b'ae49'
Apr 05 09:24:22 b'ae49'
Apr 05 09:24:23 b'ae49'
Apr 05 09:24:23 b'ae49'
Apr 05 09:24:23 b'ae49'
Apr 05 09:24:24 b'ae49'
Apr 05 09:24:24 b'ae49'
Apr 05 09:24:25 b'c249'
Apr 05 09:24:25 b'c249'
Apr 05 09:24:26 b'c249'
Apr 05 09:24:26 b'c249'
Apr 05 09:24:27 b'c249'
Apr 05 09:24:27 b'c249'
Apr 05 09:24:28 b'c249'
Apr 05 09:24:28 b'c249'
Apr 05 09:24:28 b'c249'
Apr 05 09:24:29 b'c249'
Apr 05 09:24:29 b'c249'
Apr 05 09:24:30 b'c249'
Apr 05 09:24:30 b'c249'
Apr 05 09:24:31 b'c249'
Apr 05 09:24:31 b'c249'
Apr 05 09:24:32 b'd649'
Apr 05 09:24:32 b'd649'
Apr 05 09:24:32 b'd649'
Apr 05 09:24:33 b'd649'
Apr 05 09:24:33 b'd649'
Apr 05 09:24:34 b'd649'
Apr 05 09:24:34 b'd649'
Apr 05 09:24:35 b'd649'
Apr 05 09:24:35 b'd649'
Apr 05 09:24:36 b'd649'
Apr 05 09:24:36 b'd649'
Apr 05 09:24:37 b'ea49'
Apr 05 09:24:37 b'ea49'
Apr 05 09:24:37 b'ea49'
Apr 05 09:24:38 b'ea49'
Apr 05 09:24:38 b'ea49'
Apr 05 09:24:39 b'ea49'
Apr 05 09:24:39 b'ea49'
Apr 05 09:24:40 b'ea49'
Apr 05 09:24:40 b'ea49'
Apr 05 09:24:41 b'ea49'
Apr 05 09:24:41 b'ea49'
Apr 05 09:24:42 b'ea49'
Apr 05 09:24:42 b'ea49'
Apr 05 09:24:43 b'ea49'
Apr 05 09:24:43 b'ea49'
Apr 05 09:24:43 b'ea49'
Apr 05 09:24:44 b'ea49'
Apr 05 09:24:44 b'ea49'
Apr 05 09:24:45 b'f449'
Apr 05 09:24:45 b'f449'
Apr 05 09:24:46 b'f449'
Apr 05 09:24:46 b'f449'
Apr 05 09:24:47 b'f449'
Apr 05 09:24:47 b'f449'
Apr 05 09:24:47 b'f449'
Apr 05 09:24:48 b'f449'
Apr 05 09:24:48 b'f449'
Apr 05 09:24:49 b'f449'
Apr 05 09:24:49 b'f449'
Apr 05 09:24:50 b'884a'
Apr 05 09:24:50 b'884a'
Apr 05 09:24:51 b'884a'
Apr 05 09:24:51 b'884a'
Apr 05 09:24:51 b'884a'
Apr 05 09:24:52 b'884a'
Apr 05 09:24:52 b'884a'
Apr 05 09:24:53 b'884a'
Apr 05 09:24:53 b'884a'
Apr 05 09:24:54 b'9c4a'
Apr 05 09:24:54 b'9c4a'
Apr 05 09:24:55 b'9c4a'
Apr 05 09:24:55 b'9c4a'
Apr 05 09:24:56 b'9c4a'
Apr 05 09:24:56 b'9c4a'
Apr 05 09:24:56 b'9c4a'
Apr 05 09:24:57 b'9c4a'
Apr 05 09:24:57 b'9c4a'
Apr 05 09:24:58 b'9c4a'
Apr 05 09:24:58 b'9c4a'
Apr 05 09:24:59 b'9c4a'
Apr 05 09:24:59 b'9c4a'
Apr 05 09:25:00 b'9c4a'
Apr 05 09:25:00 b'9c4a'
Apr 05 09:25:01 b'b04a'
Apr 05 09:25:01 b'b04a'
Apr 05 09:25:01 b'b04a'
Apr 05 09:25:02 b'b04a'
Apr 05 09:25:02 b'b04a'
Apr 05 09:25:03 b'b04a'
Apr 05 09:25:03 b'b04a'
Apr 05 09:25:04 b'b04a'
Apr 05 09:25:04 b'b04a'
Apr 05 09:25:05 b'b04a'
Apr 05 09:25:05 b'b04a'
Apr 05 09:25:06 b'b04a'
Apr 05 09:25:06 b'b04a'
Apr 05 09:25:06 b'b04a'
Apr 05 09:25:07 b'b04a'
Apr 05 09:25:07 b'b04a'
Apr 05 09:25:08 b'c44a'
Apr 05 09:25:08 b'c44a'
Apr 05 09:25:09 b'c44a'
Apr 05 09:25:09 b'c44a'
Apr 05 09:25:10 b'c44a'
Apr 05 09:25:10 b'c44a'
Apr 05 09:25:11 b'c44a'
Apr 05 09:25:11 b'c44a'
Apr 05 09:25:11 b'c44a'
Apr 05 09:25:12 b'c44a'
Apr 05 09:25:12 b'c44a'
Apr 05 09:25:13 b'c44a'
Apr 05 09:25:13 b'c44a'
Apr 05 09:25:14 b'ce4a'
Apr 05 09:25:14 b'ce4a'
Apr 05 09:25:15 b'ce4a'
Apr 05 09:25:15 b'ce4a'
Apr 05 09:25:15 b'ce4a'
Apr 05 09:25:16 b'ce4a'
Apr 05 09:25:16 b'ce4a'
Apr 05 09:25:17 b'ce4a'
Apr 05 09:25:17 b'ce4a'
Apr 05 09:25:18 b'e24a'
Apr 05 09:25:18 b'e24a'
Apr 05 09:25:19 b'e24a'
Apr 05 09:25:19 b'e24a'
Apr 05 09:25:20 b'e24a'
Apr 05 09:25:20 b'e24a'
Apr 05 09:25:21 b'e24a'
Apr 05 09:25:21 b'e24a'
Apr 05 09:25:21 b'e24a'
Apr 05 09:25:22 b'e24a'
Apr 05 09:25:22 b'e24a'
Apr 05 09:25:23 b'e24a'
Apr 05 09:25:23 b'e24a'
Apr 05 09:25:24 b'f64a'
Apr 05 09:25:24 b'f64a'
Apr 05 09:25:25 b'f64a'
Apr 05 09:25:25 b'f64a'
Apr 05 09:25:25 b'f64a'
Apr 05 09:25:26 b'f64a'
Apr 05 09:25:26 b'f64a'
Apr 05 09:25:27 b'f64a'
Apr 05 09:25:27 b'f64a'
Apr 05 09:25:28 b'f64a'
Apr 05 09:25:28 b'f64a'
Apr 05 09:25:29 b'f64a'
Apr 05 09:25:29 b'f64a'
Apr 05 09:25:30 b'8a4b'
Apr 05 09:25:30 b'8a4b'
Apr 05 09:25:30 b'8a4b'
Apr 05 09:25:31 b'8a4b'
Apr 05 09:25:31 b'8a4b'
Apr 05 09:25:32 b'8a4b'
Apr 05 09:25:32 b'8a4b'
Apr 05 09:25:33 b'8a4b'
Apr 05 09:25:33 b'8a4b'
Apr 05 09:25:34 b'8a4b'
Apr 05 09:25:34 b'8a4b'
Apr 05 09:25:35 b'8a4b'
Apr 05 09:25:35 b'8a4b'
Apr 05 09:25:35 b'8a4b'
Apr 05 09:25:36 b'9e4b'
Apr 05 09:25:36 b'9e4b'
Apr 05 09:25:37 b'9e4b'
Apr 05 09:25:37 b'9e4b'
Apr 05 09:25:38 b'9e4b'
Apr 05 09:25:38 b'9e4b'
Apr 05 09:25:39 b'9e4b'
Apr 05 09:25:39 b'9e4b'
Apr 05 09:25:39 b'9e4b'
Apr 05 09:25:40 b'9e4b'
Apr 05 09:25:40 b'9e4b'
Apr 05 09:25:41 b'a84b'
Apr 05 09:25:41 b'a84b'
Apr 05 09:25:42 b'a84b'
Apr 05 09:25:42 b'a84b'
Apr 05 09:25:43 b'a84b'
Apr 05 09:25:43 b'a84b'
Apr 05 09:25:44 b'a84b'
Apr 05 09:25:44 b'a84b'
Apr 05 09:25:44 b'a84b'
Apr 05 09:25:45 b'a84b'
Apr 05 09:25:45 b'a84b'
Apr 05 09:25:46 b'a84b'
Apr 05 09:25:46 b'a84b'
Apr 05 09:25:47 b'bc4b'
Apr 05 09:25:47 b'bc4b'
Apr 05 09:25:48 b'bc4b'
Apr 05 09:25:48 b'bc4b'
Apr 05 09:25:49 b'bc4b'
Apr 05 09:25:49 b'bc4b'
Apr 05 09:25:50 b'bc4b'
Apr 05 09:25:50 b'bc4b'
Apr 05 09:25:50 b'bc4b'
Apr 05 09:25:51 b'bc4b'
Apr 05 09:25:51 b'bc4b'
Apr 05 09:25:52 b'd04b'
Apr 05 09:25:52 b'd04b'
Apr 05 09:25:53 b'd04b'
Apr 05 09:25:53 b'd04b'
Apr 05 09:25:54 b'd04b'
Apr 05 09:25:54 b'd04b'
Apr 05 09:25:54 b'd04b'
Apr 05 09:25:55 b'd04b'
Apr 05 09:25:55 b'd04b'
Apr 05 09:25:56 b'd04b'
Apr 05 09:25:56 b'd04b'
Apr 05 09:25:57 b'd04b'
Apr 05 09:25:57 b'd04b'
Apr 05 09:25:58 b'e44b'
Apr 05 09:25:58 b'e44b'
Apr 05 09:25:59 b'e44b'
Apr 05 09:25:59 b'e44b'
Apr 05 09:25:59 b'e44b'
Apr 05 09:26:00 b'e44b'
Apr 05 09:26:00 b'e44b'
Apr 05 09:26:01 b'e44b'
Apr 05 09:26:01 b'e44b'
Apr 05 09:26:02 b'e44b'
Apr 05 09:26:02 b'e44b'
Apr 05 09:26:03 b'e44b'
Apr 05 09:26:03 b'e44b'
Apr 05 09:26:04 b'e44b'
Apr 05 09:26:04 b'e44b'
Apr 05 09:26:04 b'e44b'
Apr 05 09:26:05 b'f84b'
Apr 05 09:26:05 b'f84b'
Apr 05 09:26:06 b'f84b'
Apr 05 09:26:06 b'f84b'
Apr 05 09:26:07 b'f84b'
Apr 05 09:26:07 b'f84b'
Apr 05 09:26:08 b'f84b'
Apr 05 09:26:08 b'f84b'
Apr 05 09:26:08 b'f84b'
Apr 05 09:26:09 b'f84b'
Apr 05 09:26:09 b'f84b'
Apr 05 09:26:10 b'f84b'
Apr 05 09:26:10 b'f84b'
Apr 05 09:26:11 b'824c'
Apr 05 09:26:11 b'824c'
Apr 05 09:26:12 b'824c'
Apr 05 09:26:12 b'824c'
Apr 05 09:26:13 b'824c'
Apr 05 09:26:13 b'824c'
Apr 05 09:26:14 b'824c'
Apr 05 09:26:14 b'824c'
Apr 05 09:26:14 b'824c'
Apr 05 09:26:15 b'964c'
Apr 05 09:26:15 b'964c'
Apr 05 09:26:16 b'964c'
Apr 05 09:26:16 Received MQTT Temp request: 197.0
Apr 05 09:26:16 Setting Temp: 197.0 encoded: 01050308b20f00
Apr 05 09:26:16 b'964c'
Apr 05 09:26:17 b'964c'
Apr 05 09:26:17 b'964c'
Apr 05 09:26:18 b'964c'
Apr 05 09:26:18 b'964c'
Apr 05 09:26:19 b'964c'
Apr 05 09:26:19 b'964c'
Apr 05 09:26:19 b'964c'
Apr 05 09:26:20 b'964c'
Apr 05 09:26:20 b'964c'
Apr 05 09:26:21 b'964c'
Apr 05 09:26:21 b'964c'
Apr 05 09:26:22 b'aa4c'
Apr 05 09:26:22 b'aa4c'
Apr 05 09:26:23 b'aa4c'
Apr 05 09:26:23 b'aa4c'
Apr 05 09:26:23 b'aa4c'
Apr 05 09:26:24 b'aa4c'
Apr 05 09:26:24 b'aa4c'
Apr 05 09:26:25 b'aa4c'
Apr 05 09:26:25 b'aa4c'
Apr 05 09:26:26 b'aa4c'
Apr 05 09:26:26 b'aa4c'
Apr 05 09:26:27 b'be4c'
Apr 05 09:26:27 b'be4c'
Apr 05 09:26:28 b'be4c'
Apr 05 09:26:28 b'be4c'
Apr 05 09:26:28 b'be4c'
Apr 05 09:26:29 b'be4c'
Apr 05 09:26:29 b'be4c'
Apr 05 09:26:30 b'be4c'
Apr 05 09:26:30 b'be4c'
Apr 05 09:26:31 b'd24c'
Apr 05 09:26:31 b'd24c'
Apr 05 09:26:32 b'd24c'
Apr 05 09:26:32 b'd24c'
Apr 05 09:26:32 b'd24c'
Apr 05 09:26:33 b'd24c'
Apr 05 09:26:33 b'd24c'
Apr 05 09:26:34 b'd24c'
Apr 05 09:26:34 b'd24c'
Apr 05 09:26:35 b'd24c'
Apr 05 09:26:35 b'd24c'
Apr 05 09:26:36 b'dc4c'
Apr 05 09:26:36 b'dc4c'
Apr 05 09:26:37 b'dc4c'
Apr 05 09:26:37 b'dc4c'
Apr 05 09:26:37 b'dc4c'
Apr 05 09:26:38 b'dc4c'
Apr 05 09:26:38 b'dc4c'
Apr 05 09:26:39 b'dc4c'
Apr 05 09:26:39 b'dc4c'
Apr 05 09:26:40 b'dc4c'
Apr 05 09:26:40 b'dc4c'
Apr 05 09:26:41 b'dc4c'
Apr 05 09:26:41 b'dc4c'
Apr 05 09:26:42 b'dc4c'
Apr 05 09:26:42 b'dc4c'
Apr 05 09:26:42 b'dc4c'
Apr 05 09:26:43 b'f04c'
Apr 05 09:26:43 b'f04c'
Apr 05 09:26:44 b'f04c'
Apr 05 09:26:44 b'f04c'
Apr 05 09:26:45 b'f04c'
Apr 05 09:26:45 b'f04c'
Apr 05 09:26:46 b'f04c'
Apr 05 09:26:46 b'f04c'
Apr 05 09:26:47 b'f04c'
Apr 05 09:26:47 b'f04c'
Apr 05 09:26:47 b'f04c'
Apr 05 09:26:48 b'f04c'
Apr 05 09:26:48 b'f04c'
Apr 05 09:26:49 b'844d'
Apr 05 09:26:49 b'844d'
Apr 05 09:26:50 b'844d'
Apr 05 09:26:50 b'844d'
Apr 05 09:26:51 b'844d'
Apr 05 09:26:51 b'844d'
Apr 05 09:26:52 b'844d'
Apr 05 09:26:52 b'844d'
Apr 05 09:26:52 b'844d'
Apr 05 09:26:53 b'844d'
Apr 05 09:26:53 b'844d'
Apr 05 09:26:54 b'844d'
Apr 05 09:26:54 b'844d'
Apr 05 09:26:55 b'984d'
Apr 05 09:26:55 b'984d'
Apr 05 09:26:56 b'984d'
Apr 05 09:26:56 b'984d'
Apr 05 09:26:56 b'984d'
Apr 05 09:26:57 b'984d'
Apr 05 09:26:57 b'984d'
Apr 05 09:26:58 b'984d'
Apr 05 09:26:58 b'984d'
Apr 05 09:26:59 b'984d'
Apr 05 09:26:59 b'984d'
Apr 05 09:27:00 b'984d'
Apr 05 09:27:00 b'984d'
Apr 05 09:27:01 b'984d'
Apr 05 09:27:01 b'984d'
Apr 05 09:27:01 b'984d'
Apr 05 09:27:02 b'984d'
Apr 05 09:27:02 b'984d'
Apr 05 09:27:03 b'ac4d'
Apr 05 09:27:03 b'ac4d'
Apr 05 09:27:04 b'ac4d'
Apr 05 09:27:04 b'ac4d'
Apr 05 09:27:05 b'ac4d'
Apr 05 09:27:05 b'ac4d'
Apr 05 09:27:06 b'ac4d'
Apr 05 09:27:06 b'ac4d'
Apr 05 09:27:06 b'ac4d'
Apr 05 09:27:07 b'b64d'
Apr 05 09:27:07 b'b64d'
Apr 05 09:27:08 b'b64d'
Apr 05 09:27:08 b'b64d'
Apr 05 09:27:09 b'b64d'
Apr 05 09:27:09 b'b64d'
Apr 05 09:27:10 b'b64d'
Apr 05 09:27:10 b'b64d'
Apr 05 09:27:11 b'ca4d'
Apr 05 09:27:11 b'ca4d'
Apr 05 09:27:11 b'ca4d'
Apr 05 09:27:12 b'ca4d'
Apr 05 09:27:12 b'ca4d'
Apr 05 09:27:13 b'ca4d'
Apr 05 09:27:13 b'ca4d'
Apr 05 09:27:14 b'ca4d'
Apr 05 09:27:14 b'ca4d'
Apr 05 09:27:15 b'ca4d'
Apr 05 09:27:15 b'ca4d'
Apr 05 09:27:16 b'ca4d'
Apr 05 09:27:16 b'ca4d'
Apr 05 09:27:16 b'ca4d'
Apr 05 09:27:17 b'de4d'
Apr 05 09:27:17 b'de4d'
Apr 05 09:27:18 b'de4d'
Apr 05 09:27:18 b'de4d'
Apr 05 09:27:19 b'de4d'
Apr 05 09:27:19 b'de4d'
Apr 05 09:27:20 b'de4d'
Apr 05 09:27:20 b'de4d'
Apr 05 09:27:20 b'de4d'
Apr 05 09:27:21 b'de4d'
Apr 05 09:27:21 b'de4d'
Apr 05 09:27:22 b'de4d'
Apr 05 09:27:22 b'de4d'
Apr 05 09:27:23 b'f24d'
Apr 05 09:27:23 b'f24d'
Apr 05 09:27:24 b'f24d'
Apr 05 09:27:24 b'f24d'
Apr 05 09:27:25 b'f24d'
Apr 05 09:27:25 b'f24d'
Apr 05 09:27:26 b'f24d'
Apr 05 09:27:26 b'f24d'
Apr 05 09:27:26 b'f24d'
Apr 05 09:27:27 b'f24d'
Apr 05 09:27:27 b'f24d'
Apr 05 09:27:28 b'f24d'
Apr 05 09:27:28 b'f24d'
Apr 05 09:27:29 b'f24d'
Apr 05 09:27:29 b'f24d'
Apr 05 09:27:30 b'f24d'
Apr 05 09:27:30 b'f24d'
Apr 05 09:27:30 b'f24d'
Apr 05 09:27:31 b'864e'
Apr 05 09:27:31 b'864e'
Apr 05 09:27:32 b'864e'
Apr 05 09:27:32 b'864e'
Apr 05 09:27:33 b'864e'
Apr 05 09:27:33 b'864e'
Apr 05 09:27:34 b'864e'
Apr 05 09:27:34 b'864e'
Apr 05 09:27:35 b'864e'
Apr 05 09:27:35 b'864e'
Apr 05 09:27:35 b'864e'
Apr 05 09:27:36 b'864e'
Apr 05 09:27:36 b'864e'
Apr 05 09:27:37 b'864e'
Apr 05 09:27:37 b'864e'
Apr 05 09:27:38 b'864e'
Apr 05 09:27:38 b'864e'
Apr 05 09:27:39 b'904e'
Apr 05 09:27:39 b'904e'
Apr 05 09:27:40 b'904e'
Apr 05 09:27:40 b'904e'
Apr 05 09:27:40 b'904e'
Apr 05 09:27:41 b'904e'
Apr 05 09:27:41 b'904e'
Apr 05 09:27:42 b'904e'
Apr 05 09:27:42 b'904e'
Apr 05 09:27:43 b'904e'
Apr 05 09:27:43 b'904e'
Apr 05 09:27:44 b'904e'
Apr 05 09:27:44 b'904e'
Apr 05 09:27:44 b'904e'
Apr 05 09:27:45 b'904e'
Apr 05 09:27:45 b'904e'
Apr 05 09:27:46 b'a44e'
Apr 05 09:27:46 b'a44e'
Apr 05 09:27:47 b'a44e'
Apr 05 09:27:47 b'a44e'
Apr 05 09:27:48 b'a44e'
Apr 05 09:27:48 b'a44e'
Apr 05 09:27:49 b'a44e'
Apr 05 09:27:49 b'a44e'
Apr 05 09:27:49 b'a44e'
Apr 05 09:27:50 b'a44e'
Apr 05 09:27:50 b'a44e'
Apr 05 09:27:51 b'b84e'
Apr 05 09:27:51 b'b84e'
Apr 05 09:27:52 b'b84e'
Apr 05 09:27:52 b'b84e'
Apr 05 09:27:53 b'b84e'
Apr 05 09:27:53 b'b84e'
Apr 05 09:27:54 b'b84e'
Apr 05 09:27:54 b'b84e'
Apr 05 09:27:54 b'b84e'
Apr 05 09:27:55 b'b84e'
Apr 05 09:27:55 b'b84e'
Apr 05 09:27:56 b'cc4e'
Apr 05 09:27:56 b'cc4e'
Apr 05 09:27:57 b'cc4e'
Apr 05 09:27:57 b'cc4e'
Apr 05 09:27:58 b'cc4e'
Apr 05 09:27:58 b'cc4e'
Apr 05 09:27:59 b'cc4e'
Apr 05 09:27:59 b'cc4e'
Apr 05 09:27:59 b'cc4e'
Apr 05 09:28:00 b'cc4e'
Apr 05 09:28:00 b'cc4e'
Apr 05 09:28:01 b'cc4e'
Apr 05 09:28:01 b'cc4e'
Apr 05 09:28:02 b'e04e'
Apr 05 09:28:02 b'e04e'
Apr 05 09:28:03 b'e04e'
Apr 05 09:28:03 b'e04e'
Apr 05 09:28:04 b'e04e'
Apr 05 09:28:04 b'e04e'
Apr 05 09:28:04 b'e04e'
Apr 05 09:28:05 b'e04e'
Apr 05 09:28:05 b'e04e'
Apr 05 09:28:06 b'e04e'
Apr 05 09:28:06 b'e04e'
Apr 05 09:28:07 b'e04e'
Apr 05 09:28:07 b'e04e'
Apr 05 09:28:08 b'ea4e'
Apr 05 09:28:08 b'ea4e'
Apr 05 09:28:08 b'ea4e'
Apr 05 09:28:09 b'ea4e'
Apr 05 09:28:09 b'ea4e'
Apr 05 09:28:10 b'ea4e'
Apr 05 09:28:10 b'ea4e'
Apr 05 09:28:11 b'ea4e'
Apr 05 09:28:11 b'ea4e'
Apr 05 09:28:12 b'fe4e'
Apr 05 09:28:12 b'fe4e'
Apr 05 09:28:13 b'fe4e'
Apr 05 09:28:13 b'fe4e'
Apr 05 09:28:13 b'fe4e'
Apr 05 09:28:14 b'fe4e'
Apr 05 09:28:15 b'fe4e'
Apr 05 09:28:15 b'fe4e'
Apr 05 09:28:15 b'fe4e'
Apr 05 09:28:16 b'fe4e'
Apr 05 09:28:16 b'fe4e'
Apr 05 09:28:17 b'924f'
Apr 05 09:28:17 b'924f'
Apr 05 09:28:18 b'924f'
Apr 05 09:28:18 b'924f'
Apr 05 09:28:19 b'924f'
Apr 05 09:28:19 b'924f'
Apr 05 09:28:19 b'924f'
Apr 05 09:28:20 b'924f'
Apr 05 09:28:20 b'924f'
Apr 05 09:28:21 b'924f'
Apr 05 09:28:21 b'924f'
Apr 05 09:28:22 b'924f'
Apr 05 09:28:22 b'924f'
Apr 05 09:28:23 b'924f'
Apr 05 09:28:23 b'924f'
Apr 05 09:28:24 b'924f'
Apr 05 09:28:24 b'924f'
Apr 05 09:28:24 b'924f'
Apr 05 09:28:25 b'a64f'
Apr 05 09:28:25 b'a64f'
Apr 05 09:28:26 b'a64f'
Apr 05 09:28:26 b'a64f'
Apr 05 09:28:27 b'a64f'
Apr 05 09:28:27 b'a64f'
Apr 05 09:28:28 b'a64f'
Apr 05 09:28:28 b'a64f'
Apr 05 09:28:28 b'a64f'
Apr 05 09:28:29 b'a64f'
Apr 05 09:28:29 b'a64f'
Apr 05 09:28:30 b'a64f'
Apr 05 09:28:30 b'a64f'
Apr 05 09:28:31 b'ba4f'
Apr 05 09:28:31 b'ba4f'
Apr 05 09:28:32 b'ba4f'
Apr 05 09:28:32 b'ba4f'
Apr 05 09:28:32 b'ba4f'
Apr 05 09:28:33 b'ba4f'
Apr 05 09:28:33 b'ba4f'
Apr 05 09:28:34 b'ba4f'
Apr 05 09:28:34 b'ba4f'
Apr 05 09:28:35 b'ba4f'
Apr 05 09:28:35 b'ba4f'
Apr 05 09:28:36 b'ba4f'
Apr 05 09:28:36 b'ba4f'
Apr 05 09:28:37 b'ba4f'
Apr 05 09:28:37 b'ba4f'
Apr 05 09:28:37 b'ba4f'
Apr 05 09:28:38 b'ba4f'
Apr 05 09:28:38 b'ba4f'
Apr 05 09:28:39 b'c44f'
Apr 05 09:28:39 b'c44f'
Apr 05 09:28:40 b'c44f'
Apr 05 09:28:40 b'c44f'
Apr 05 09:28:41 b'c44f'
Apr 05 09:28:41 b'c44f'
Apr 05 09:28:42 b'c44f'
Apr 05 09:28:42 b'c44f'
Apr 05 09:28:42 b'c44f'
Apr 05 09:28:43 b'c44f'
Apr 05 09:28:43 b'c44f'
Apr 05 09:28:44 b'c44f'
Apr 05 09:28:44 b'c44f'
Apr 05 09:28:45 b'd84f'
Apr 05 09:28:45 b'd84f'
Apr 05 09:28:46 b'd84f'
Apr 05 09:28:46 b'd84f'
Apr 05 09:28:47 b'd84f'
Apr 05 09:28:47 b'd84f'
Apr 05 09:28:47 b'd84f'
Apr 05 09:28:48 b'd84f'
Apr 05 09:28:49 b'd84f'
Apr 05 09:28:49 b'd84f'
Apr 05 09:28:49 b'd84f'
Apr 05 09:28:50 b'ec4f'
Apr 05 09:28:50 b'ec4f'
Apr 05 09:28:51 b'ec4f'
Apr 05 09:28:51 b'ec4f'
Apr 05 09:28:52 b'ec4f'
Apr 05 09:28:52 b'ec4f'
Apr 05 09:28:52 b'ec4f'
Apr 05 09:28:53 b'ec4f'
Apr 05 09:28:53 b'ec4f'
Apr 05 09:28:54 b'ec4f'
Apr 05 09:28:54 b'ec4f'
Apr 05 09:28:55 b'ec4f'
Apr 05 09:28:55 b'ec4f'
Apr 05 09:28:56 b'ec4f'
Apr 05 09:28:56 b'ec4f'
Apr 05 09:28:57 b'ec4f'
Apr 05 09:28:57 b'8050'
Apr 05 09:28:57 b'8050'
Apr 05 09:28:58 b'8050'
Apr 05 09:28:58 b'8050'
Apr 05 09:28:59 b'8050'
Apr 05 09:28:59 b'8050'
Apr 05 09:29:00 b'8050'
Apr 05 09:29:00 b'8050'
Apr 05 09:29:01 b'8050'
Apr 05 09:29:01 b'8050'
Apr 05 09:29:02 b'8050'
Apr 05 09:29:02 b'9450'
Apr 05 09:29:02 b'9450'
Apr 05 09:29:03 b'9450'
Apr 05 09:29:03 b'9450'
Apr 05 09:29:04 b'9450'
Apr 05 09:29:04 b'9450'
Apr 05 09:29:05 b'9450'
Apr 05 09:29:05 b'9450'
Apr 05 09:29:06 b'9450'
Apr 05 09:29:06 b'9450'
Apr 05 09:29:07 b'9450'
Apr 05 09:29:07 b'9e50'
Apr 05 09:29:07 b'9e50'
Apr 05 09:29:08 b'9e50'
Apr 05 09:29:08 b'9e50'
Apr 05 09:29:09 b'9e50'
Apr 05 09:29:09 b'9e50'
Apr 05 09:29:10 b'9e50'
Apr 05 09:29:10 b'9e50'
Apr 05 09:29:11 b'9e50'
Apr 05 09:29:11 b'b250'
Apr 05 09:29:11 b'b250'
Apr 05 09:29:12 b'b250'
Apr 05 09:29:13 b'b250'
Apr 05 09:29:13 b'b250'
Apr 05 09:29:13 b'b250'
Apr 05 09:29:14 b'b250'
Apr 05 09:29:14 b'b250'
Apr 05 09:29:15 b'b250'
Apr 05 09:29:15 b'b250'
Apr 05 09:29:16 b'b250'
Apr 05 09:29:16 b'b250'
Apr 05 09:29:16 b'b250'
Apr 05 09:29:17 b'b250'
Apr 05 09:29:17 b'b250'
Apr 05 09:29:18 b'b250'
Apr 05 09:29:18 b'b250'
Apr 05 09:29:19 b'b250'
Apr 05 09:29:19 b'b250'
Apr 05 09:29:20 b'b250'
Apr 05 09:29:20 b'c650'
Apr 05 09:29:21 b'c650'
Apr 05 09:29:21 b'c650'
Apr 05 09:29:22 b'c650'
Apr 05 09:29:22 b'c650'
Apr 05 09:29:22 b'c650'
Apr 05 09:29:23 b'c650'
Apr 05 09:29:23 b'c650'
Apr 05 09:29:24 b'c650'
Apr 05 09:29:24 b'c650'
Apr 05 09:29:25 b'c650'
Apr 05 09:29:25 b'c650'
Apr 05 09:29:25 b'c650'
Apr 05 09:29:26 b'c650'
Apr 05 09:29:26 b'c650'
Apr 05 09:29:27 b'c650'
Apr 05 09:29:27 b'c650'
Apr 05 09:29:28 b'c650'
Apr 05 09:29:28 b'c650'
Apr 05 09:29:29 b'da50'
Apr 05 09:29:29 b'da50'
Apr 05 09:29:30 b'da50'
Apr 05 09:29:30 b'da50'
Apr 05 09:29:30 b'da50'
Apr 05 09:29:31 b'da50'
Apr 05 09:29:31 b'da50'
Apr 05 09:29:32 b'da50'
Apr 05 09:29:33 b'da50'
Apr 05 09:29:33 b'da50'
Apr 05 09:29:33 b'da50'
Apr 05 09:29:34 b'ee50'
Apr 05 09:29:34 b'ee50'
Apr 05 09:29:35 b'ee50'
Apr 05 09:29:35 b'ee50'
Apr 05 09:29:35 b'ee50'
Apr 05 09:29:36 b'ee50'
Apr 05 09:29:36 b'ee50'
Apr 05 09:29:37 b'ee50'
Apr 05 09:29:37 b'ee50'
Apr 05 09:29:38 b'f850'
Apr 05 09:29:38 b'f850'
Apr 05 09:29:39 b'f850'
Apr 05 09:29:39 b'f850'
Apr 05 09:29:40 b'f850'
Apr 05 09:29:40 b'f850'
Apr 05 09:29:40 b'f850'
Apr 05 09:29:41 b'f850'
Apr 05 09:29:41 b'f850'
Apr 05 09:29:42 b'f850'
Apr 05 09:29:42 b'f850'
Apr 05 09:29:43 b'f850'
Apr 05 09:29:43 b'f850'
Apr 05 09:29:44 b'f850'
Apr 05 09:29:44 b'f850'
Apr 05 09:29:45 b'f850'
Apr 05 09:29:45 b'8c51'
Apr 05 09:29:45 b'8c51'
Apr 05 09:29:46 b'8c51'
Apr 05 09:29:46 b'8c51'
Apr 05 09:29:47 b'8c51'
Apr 05 09:29:47 b'8c51'
Apr 05 09:29:48 b'8c51'
Apr 05 09:29:48 b'8c51'
Apr 05 09:29:49 b'8c51'
Apr 05 09:29:49 b'a051'
Apr 05 09:29:49 b'a051'
Apr 05 09:29:50 b'a051'
Apr 05 09:29:50 b'a051'
Apr 05 09:29:51 b'a051'
Apr 05 09:29:51 b'a051'
Apr 05 09:29:52 b'a051'
Apr 05 09:29:52 b'a051'
Apr 05 09:29:53 b'a051'
Apr 05 09:29:53 b'a051'
Apr 05 09:29:54 b'a051'
Apr 05 09:29:54 b'b451'
Apr 05 09:29:55 b'b451'
Apr 05 09:29:55 b'b451'
Apr 05 09:29:55 b'b451'
Apr 05 09:29:56 b'b451'
Apr 05 09:29:56 b'b451'
Apr 05 09:29:57 b'b451'
Apr 05 09:30:58 AnovaMaster starting...
Apr 05 09:30:58 Setting up connection
Apr 05 09:30:58 Auto connecting, timeout set to: 10.00
Apr 05 09:30:59 MQTT connected with result code 0
Apr 05 09:31:08 Starting anovamqtt BLE adapter
Apr 05 09:31:08 Connecting to Anova device: {'address': '00:81:F9:D2:13:B4', 'name': 'Nano'}
Apr 05 09:31:13 Timed out connecting to 00:81:F9:D2:13:B4 after 5.0 seconds.
Apr 05 09:31:13 Timed out connecting to 00:81:F9:D2:13:B4 after 5.0 seconds., retrying in 15 seconds...
Apr 05 09:31:28 Starting anovamqtt BLE adapter
Apr 05 09:31:29 Connecting to Anova device: {'address': '00:81:F9:D2:13:B4', 'name': 'Nano'}
Apr 05 09:31:34 Timed out connecting to 00:81:F9:D2:13:B4 after 5.0 seconds.
Apr 05 09:31:34 Timed out connecting to 00:81:F9:D2:13:B4 after 5.0 seconds., retrying in 15 seconds...
Apr 05 09:31:49 Starting anovamqtt BLE adapter
Apr 05 09:31:50 Connecting to Anova device: {'address': '00:81:F9:D2:13:B4', 'name': 'Nano'}
Apr 05 09:31:50 Connected to: {'address': '00:81:F9:D2:13:B4', 'name': 'Nano'}
Apr 05 09:31:52 Subscribed to notification handle: 0e140002-0af1-4582-a242-773e63054c68
Apr 05 09:31:52 Subscribed to notification handle: 0e140003-0af1-4582-a242-773e63054c68
Apr 05 09:31:52 Running main loop
Apr 05 09:33:35 Received MQTT Temp request: 120.0
Apr 05 09:33:35 Setting Temp: 120.0 encoded: 01050308b00900
Apr 05 09:44:23 Received MQTT Run request: cool
Apr 05 09:44:23 Setting state: cool
Apr 05 10:24:08 Received MQTT Temp request: 104.0
Apr 05 10:24:08 Setting Temp: 104.0 encoded: 01050308900800
Apr 05 10:24:11 Received MQTT Temp request: 105.0
Apr 05 10:24:11 Setting Temp: 105.0 encoded: 010503089a0800
Apr 05 10:24:12 Received MQTT Run request: auto
Apr 05 10:24:12 Setting state: auto
Apr 05 10:35:37 Reconnecting...
Apr 05 10:35:37 Stopping anovamqtt BLE adapter...
Apr 05 10:35:37 Stopped
Apr 05 10:35:37 Auto connecting, timeout set to: 10.00
Apr 05 10:35:48 Starting anovamqtt BLE adapter
Apr 05 10:35:48 Connecting to Anova device: {'address': '00:81:F9:D2:13:B4', 'name': 'Nano'}
Apr 05 10:35:53 Timed out connecting to 00:81:F9:D2:13:B4 after 5.0 seconds.
Apr 05 10:35:53 Timed out connecting to 00:81:F9:D2:13:B4 after 5.0 seconds., retrying in 15 seconds...
Apr 05 10:36:08 Starting anovamqtt BLE adapter
Apr 05 10:36:09 Connecting to Anova device: {'address': '00:81:F9:D2:13:B4', 'name': 'Nano'}
Apr 05 10:36:09 Connected to: {'address': '00:81:F9:D2:13:B4', 'name': 'Nano'}
Apr 05 10:36:12 Subscribed to notification handle: 0e140002-0af1-4582-a242-773e63054c68
Apr 05 10:36:12 Subscribed to notification handle: 0e140003-0af1-4582-a242-773e63054c68
Apr 05 10:36:50 Reconnecting...
Apr 05 10:36:50 Stopping anovamqtt BLE adapter...
Apr 05 10:36:51 Stopped
Apr 05 10:36:51 Auto connecting, timeout set to: 10.00
Apr 05 10:37:01 Starting anovamqtt BLE adapter
Apr 05 10:37:01 Connecting to Anova device: {'address': '00:81:F9:D2:13:B4', 'name': 'Nano'}
Apr 05 10:37:02 Connected to: {'address': '00:81:F9:D2:13:B4', 'name': 'Nano'}
Apr 05 10:37:05 Subscribed to notification handle: 0e140002-0af1-4582-a242-773e63054c68
Apr 05 10:37:05 Subscribed to notification handle: 0e140003-0af1-4582-a242-773e63054c68
Apr 05 10:38:39 Reconnecting...
Apr 05 10:38:39 Stopping anovamqtt BLE adapter...
Apr 05 10:38:40 Stopped
Apr 05 10:38:40 Auto connecting, timeout set to: 10.00
Apr 05 10:38:50 Starting anovamqtt BLE adapter
Apr 05 10:38:50 Connecting to Anova device: {'address': '00:81:F9:D2:13:B4', 'name': 'Nano'}
Apr 05 10:38:51 Connected to: {'address': '00:81:F9:D2:13:B4', 'name': 'Nano'}
Apr 05 10:38:54 Subscribed to notification handle: 0e140002-0af1-4582-a242-773e63054c68
Apr 05 10:38:54 Subscribed to notification handle: 0e140003-0af1-4582-a242-773e63054c68
Apr 05 10:39:02 Reconnecting...
Apr 05 10:39:02 Stopping anovamqtt BLE adapter...
Apr 05 10:39:02 Stopped
Apr 05 10:39:02 Auto connecting, timeout set to: 10.00
Apr 05 10:39:13 Starting anovamqtt BLE adapter
Apr 05 10:39:13 Connecting to Anova device: {'address': '00:81:F9:D2:13:B4', 'name': 'Nano'}
Apr 05 10:39:18 Timed out connecting to 00:81:F9:D2:13:B4 after 5.0 seconds.
Apr 05 10:39:18 Timed out connecting to 00:81:F9:D2:13:B4 after 5.0 seconds., retrying in 15 seconds...
Apr 05 10:39:33 Starting anovamqtt BLE adapter
Apr 05 10:39:34 Connecting to Anova device: {'address': '00:81:F9:D2:13:B4', 'name': 'Nano'}
Apr 05 10:39:35 Connected to: {'address': '00:81:F9:D2:13:B4', 'name': 'Nano'}
Apr 05 10:39:37 Subscribed to notification handle: 0e140002-0af1-4582-a242-773e63054c68
Apr 05 10:39:37 Subscribed to notification handle: 0e140003-0af1-4582-a242-773e63054c68
Apr 05 10:43:50 Reconnecting...
Apr 05 10:43:50 Stopping anovamqtt BLE adapter...
Apr 05 10:43:50 Stopped
Apr 05 10:43:50 Auto connecting, timeout set to: 10.00
Apr 05 10:44:00 Starting anovamqtt BLE adapter
Apr 05 10:44:00 Connecting to Anova device: {'address': '00:81:F9:D2:13:B4', 'name': 'Nano'}
Apr 05 10:44:01 Connected to: {'address': '00:81:F9:D2:13:B4', 'name': 'Nano'}
Apr 05 10:44:03 Subscribed to notification handle: 0e140002-0af1-4582-a242-773e63054c68
Apr 05 10:44:04 Subscribed to notification handle: 0e140003-0af1-4582-a242-773e63054c68
Apr 05 10:45:42 Reconnecting...
Apr 05 10:45:42 Stopping anovamqtt BLE adapter...
Apr 05 10:45:43 Stopped
Apr 05 10:45:43 Auto connecting, timeout set to: 10.00
Apr 05 10:45:53 Starting anovamqtt BLE adapter
Apr 05 10:45:53 Connecting to Anova device: {'address': '00:81:F9:D2:13:B4', 'name': 'Nano'}
Apr 05 10:45:54 Connected to: {'address': '00:81:F9:D2:13:B4', 'name': 'Nano'}
Apr 05 10:45:57 Subscribed to notification handle: 0e140002-0af1-4582-a242-773e63054c68
Apr 05 10:45:57 Subscribed to notification handle: 0e140003-0af1-4582-a242-773e63054c68
Apr 05 10:49:20 Received MQTT Run request: cool
Apr 05 10:49:20 Setting state: cool
Apr 05 10:58:35 Reconnecting...
Apr 05 10:58:35 Stopping anovamqtt BLE adapter...
Apr 05 10:58:35 Stopped
Apr 05 10:58:35 Auto connecting, timeout set to: 10.00
Apr 05 10:58:46 Starting anovamqtt BLE adapter
Apr 05 10:58:46 Connecting to Anova device: {'address': '00:81:F9:D2:13:B4', 'name': 'Nano'}
Apr 05 10:58:47 Connected to: {'address': '00:81:F9:D2:13:B4', 'name': 'Nano'}
Apr 05 10:58:49 Subscribed to notification handle: 0e140002-0af1-4582-a242-773e63054c68
Apr 05 10:58:50 Subscribed to notification handle: 0e140003-0af1-4582-a242-773e63054c68
Apr 05 11:04:12 Reconnecting...
Apr 05 11:04:12 Stopping anovamqtt BLE adapter...
Apr 05 11:04:12 Stopped
Apr 05 11:04:12 Auto connecting, timeout set to: 10.00
Apr 05 11:04:23 Starting anovamqtt BLE adapter
Apr 05 11:04:23 Connecting to Anova device: {'address': '00:81:F9:D2:13:B4', 'name': 'Nano'}
Apr 05 11:04:23 Connected to: {'address': '00:81:F9:D2:13:B4', 'name': 'Nano'}
Apr 05 11:04:26 Subscribed to notification handle: 0e140002-0af1-4582-a242-773e63054c68
Apr 05 11:04:26 Subscribed to notification handle: 0e140003-0af1-4582-a242-773e63054c68
Apr 05 11:23:09 Reconnecting...
Apr 05 11:23:09 Stopping anovamqtt BLE adapter...
Apr 05 11:23:09 Stopped
Apr 05 11:23:09 Auto connecting, timeout set to: 10.00
Apr 05 11:23:20 Starting anovamqtt BLE adapter
Apr 05 11:23:20 Connecting to Anova device: {'address': '00:81:F9:D2:13:B4', 'name': 'Nano'}
Apr 05 11:23:25 Timed out connecting to 00:81:F9:D2:13:B4 after 5.0 seconds.
Apr 05 11:23:25 Timed out connecting to 00:81:F9:D2:13:B4 after 5.0 seconds., retrying in 15 seconds...
Apr 05 11:23:40 Starting anovamqtt BLE adapter
Apr 05 11:23:41 Connecting to Anova device: {'address': '00:81:F9:D2:13:B4', 'name': 'Nano'}
Apr 05 11:23:46 Timed out connecting to 00:81:F9:D2:13:B4 after 5.0 seconds.
Apr 05 11:23:46 Timed out connecting to 00:81:F9:D2:13:B4 after 5.0 seconds., retrying in 15 seconds...
Apr 05 11:24:01 Starting anovamqtt BLE adapter
Apr 05 11:24:02 Connecting to Anova device: {'address': '00:81:F9:D2:13:B4', 'name': 'Nano'}
Apr 05 11:24:03 Connected to: {'address': '00:81:F9:D2:13:B4', 'name': 'Nano'}
Apr 05 11:24:05 Subscribed to notification handle: 0e140002-0af1-4582-a242-773e63054c68
Apr 05 11:24:05 Subscribed to notification handle: 0e140003-0af1-4582-a242-773e63054c68
Apr 05 11:24:07 Reconnecting...
Apr 05 11:24:07 Stopping anovamqtt BLE adapter...
Apr 05 11:24:07 Stopped
Apr 05 11:24:07 Auto connecting, timeout set to: 10.00
Apr 05 11:24:18 Starting anovamqtt BLE adapter
Apr 05 11:24:18 Connecting to Anova device: {'address': '00:81:F9:D2:13:B4', 'name': 'Nano'}
Apr 05 11:24:19 Connected to: {'address': '00:81:F9:D2:13:B4', 'name': 'Nano'}
Apr 05 11:24:21 Subscribed to notification handle: 0e140002-0af1-4582-a242-773e63054c68
Apr 05 11:24:51 No response received
Traceback (most recent call last):
  File "/home/bryan/Documents/anovamqtt/anovamqtt/AnovaMQTT.py", line 195, in request
    self._dev.char_write_handle(handle=handle, value=value , wait_for_response=False)
  File "/usr/local/lib/python3.7/dist-packages/pygatt/backends/gatttool/device.py", line 17, in wrapper
    return func(self, *args, **kwargs)
  File "/usr/local/lib/python3.7/dist-packages/pygatt/backends/gatttool/device.py", line 48, in char_write_handle
    self._backend.char_write_handle(self, handle, *args, **kwargs)
  File "/usr/local/lib/python3.7/dist-packages/pygatt/backends/gatttool/gatttool.py", line 49, in wrapper
    raise NotConnectedError()
pygatt.exceptions.NotConnectedError

During handling of the above exception, another exception occurred:

Traceback (most recent call last):
  File "/usr/local/lib/python3.7/dist-packages/pygatt/backends/gatttool/gatttool.py", line 574, in char_write_handle
    self.sendline(cmd)
  File "/usr/lib/python3.7/contextlib.py", line 119, in __exit__
    next(self.gen)
  File "/usr/local/lib/python3.7/dist-packages/pygatt/backends/gatttool/gatttool.py", line 191, in event
    self.wait(event, timeout)
  File "/usr/local/lib/python3.7/dist-packages/pygatt/backends/gatttool/gatttool.py", line 157, in wait
    raise NotificationTimeout()
pygatt.exceptions.NotificationTimeout: None
Apr 05 11:24:51 None, retrying in 15 seconds...
Apr 05 11:25:06 Starting anovamqtt BLE adapter
Apr 05 11:25:07 Connecting to Anova device: {'address': '00:81:F9:D2:13:B4', 'name': 'Nano'}
Apr 05 11:25:07 Connected to: {'address': '00:81:F9:D2:13:B4', 'name': 'Nano'}
Apr 05 11:25:09 Subscribed to notification handle: 0e140002-0af1-4582-a242-773e63054c68
Apr 05 11:25:09 Subscribed to notification handle: 0e140003-0af1-4582-a242-773e63054c68
Apr 05 11:52:15 Reconnecting...
Apr 05 11:52:15 Stopping anovamqtt BLE adapter...
Apr 05 11:52:15 Stopped
Apr 05 11:52:15 Auto connecting, timeout set to: 10.00
Apr 05 11:52:25 Starting anovamqtt BLE adapter
Apr 05 11:52:26 Connecting to Anova device: {'address': '00:81:F9:D2:13:B4', 'name': 'Nano'}
Apr 05 11:52:26 Connected to: {'address': '00:81:F9:D2:13:B4', 'name': 'Nano'}
Apr 05 11:52:28 Subscribed to notification handle: 0e140002-0af1-4582-a242-773e63054c68
Apr 05 11:52:29 Subscribed to notification handle: 0e140003-0af1-4582-a242-773e63054c68
Apr 05 12:40:39 Reconnecting...
Apr 05 12:40:39 Stopping anovamqtt BLE adapter...
Apr 05 12:40:39 Stopped
Apr 05 12:40:39 Auto connecting, timeout set to: 10.00
Apr 05 12:40:49 Starting anovamqtt BLE adapter
Apr 05 12:40:49 Connecting to Anova device: {'address': '00:81:F9:D2:13:B4', 'name': 'Nano'}
Apr 05 12:40:50 Connected to: {'address': '00:81:F9:D2:13:B4', 'name': 'Nano'}
Apr 05 12:40:52 Subscribed to notification handle: 0e140002-0af1-4582-a242-773e63054c68
Apr 05 12:40:52 Subscribed to notification handle: 0e140003-0af1-4582-a242-773e63054c68
Apr 05 12:42:05 Reconnecting...
Apr 05 12:42:05 Stopping anovamqtt BLE adapter...
Apr 05 12:42:05 Stopped
Apr 05 12:42:05 Auto connecting, timeout set to: 10.00
Apr 05 12:42:15 Starting anovamqtt BLE adapter
Apr 05 12:42:16 Connecting to Anova device: {'address': '00:81:F9:D2:13:B4', 'name': 'Nano'}
Apr 05 12:42:16 Connected to: {'address': '00:81:F9:D2:13:B4', 'name': 'Nano'}
Apr 05 12:42:18 Subscribed to notification handle: 0e140002-0af1-4582-a242-773e63054c68
Apr 05 12:42:18 Subscribed to notification handle: 0e140003-0af1-4582-a242-773e63054c68
Apr 05 12:44:39 Reconnecting...
Apr 05 12:44:39 Stopping anovamqtt BLE adapter...
Apr 05 12:44:39 Stopped
Apr 05 12:44:39 Auto connecting, timeout set to: 10.00
Apr 05 12:44:49 Starting anovamqtt BLE adapter
Apr 05 12:44:50 Connecting to Anova device: {'address': '00:81:F9:D2:13:B4', 'name': 'Nano'}
Apr 05 12:44:50 Connected to: {'address': '00:81:F9:D2:13:B4', 'name': 'Nano'}
Apr 05 12:44:53 Subscribed to notification handle: 0e140002-0af1-4582-a242-773e63054c68
Apr 05 12:44:53 Subscribed to notification handle: 0e140003-0af1-4582-a242-773e63054c68
Apr 05 12:48:38 Reconnecting...
Apr 05 12:48:38 Stopping anovamqtt BLE adapter...
Apr 05 12:48:38 Stopped
Apr 05 12:48:38 Auto connecting, timeout set to: 10.00
Apr 05 12:48:49 Starting anovamqtt BLE adapter
Apr 05 12:48:49 Connecting to Anova device: {'address': '00:81:F9:D2:13:B4', 'name': 'Nano'}
Apr 05 12:48:50 Connected to: {'address': '00:81:F9:D2:13:B4', 'name': 'Nano'}
Apr 05 12:48:52 Subscribed to notification handle: 0e140002-0af1-4582-a242-773e63054c68
Apr 05 12:48:52 Subscribed to notification handle: 0e140003-0af1-4582-a242-773e63054c68
Apr 05 12:48:58 Reconnecting...
Apr 05 12:48:58 Stopping anovamqtt BLE adapter...
Apr 05 12:48:58 Stopped
Apr 05 12:48:58 Auto connecting, timeout set to: 10.00
Apr 05 12:49:08 Starting anovamqtt BLE adapter
Apr 05 12:49:08 Connecting to Anova device: {'address': '00:81:F9:D2:13:B4', 'name': 'Nano'}
Apr 05 12:49:09 Connected to: {'address': '00:81:F9:D2:13:B4', 'name': 'Nano'}
Apr 05 12:49:11 Subscribed to notification handle: 0e140002-0af1-4582-a242-773e63054c68
Apr 05 12:49:11 Subscribed to notification handle: 0e140003-0af1-4582-a242-773e63054c68
Apr 05 13:13:16 Reconnecting...
Apr 05 13:13:16 Stopping anovamqtt BLE adapter...
Apr 05 13:13:17 Stopped
Apr 05 13:13:17 Auto connecting, timeout set to: 10.00
Apr 05 13:13:27 Starting anovamqtt BLE adapter
Apr 05 13:13:27 Connecting to Anova device: {'address': '00:81:F9:D2:13:B4', 'name': 'Nano'}
Apr 05 13:13:28 Connected to: {'address': '00:81:F9:D2:13:B4', 'name': 'Nano'}
Apr 05 13:13:31 Subscribed to notification handle: 0e140002-0af1-4582-a242-773e63054c68
Apr 05 13:13:31 Subscribed to notification handle: 0e140003-0af1-4582-a242-773e63054c68
Apr 05 13:13:40 Reconnecting...
Apr 05 13:13:40 Stopping anovamqtt BLE adapter...
Apr 05 13:13:40 Stopped
Apr 05 13:13:40 Auto connecting, timeout set to: 10.00
Apr 05 13:13:50 Starting anovamqtt BLE adapter
Apr 05 13:13:51 Connecting to Anova device: {'address': '00:81:F9:D2:13:B4', 'name': 'Nano'}
Apr 05 13:13:52 Connected to: {'address': '00:81:F9:D2:13:B4', 'name': 'Nano'}
Apr 05 13:13:54 Subscribed to notification handle: 0e140002-0af1-4582-a242-773e63054c68
Apr 05 13:14:24 No response received
Traceback (most recent call last):
  File "/home/bryan/Documents/anovamqtt/anovamqtt/AnovaMQTT.py", line 195, in request
    self._dev.char_write_handle(handle=handle, value=value , wait_for_response=False)
  File "/usr/local/lib/python3.7/dist-packages/pygatt/backends/gatttool/device.py", line 17, in wrapper
    return func(self, *args, **kwargs)
  File "/usr/local/lib/python3.7/dist-packages/pygatt/backends/gatttool/device.py", line 48, in char_write_handle
    self._backend.char_write_handle(self, handle, *args, **kwargs)
  File "/usr/local/lib/python3.7/dist-packages/pygatt/backends/gatttool/gatttool.py", line 49, in wrapper
    raise NotConnectedError()
pygatt.exceptions.NotConnectedError

During handling of the above exception, another exception occurred:

Traceback (most recent call last):
  File "/usr/local/lib/python3.7/dist-packages/pygatt/backends/gatttool/gatttool.py", line 574, in char_write_handle
    self.sendline(cmd)
  File "/usr/lib/python3.7/contextlib.py", line 119, in __exit__
    next(self.gen)
  File "/usr/local/lib/python3.7/dist-packages/pygatt/backends/gatttool/gatttool.py", line 191, in event
    self.wait(event, timeout)
  File "/usr/local/lib/python3.7/dist-packages/pygatt/backends/gatttool/gatttool.py", line 157, in wait
    raise NotificationTimeout()
pygatt.exceptions.NotificationTimeout: None
Apr 05 13:14:24 None, retrying in 15 seconds...
Apr 05 13:14:39 Starting anovamqtt BLE adapter
Apr 05 13:14:40 Connecting to Anova device: {'address': '00:81:F9:D2:13:B4', 'name': 'Nano'}
Apr 05 13:14:45 Timed out connecting to 00:81:F9:D2:13:B4 after 5.0 seconds.
Apr 05 13:14:45 Timed out connecting to 00:81:F9:D2:13:B4 after 5.0 seconds., retrying in 15 seconds...
Apr 05 13:15:00 Starting anovamqtt BLE adapter
Apr 05 13:15:01 Connecting to Anova device: {'address': '00:81:F9:D2:13:B4', 'name': 'Nano'}
Apr 05 13:15:01 Connected to: {'address': '00:81:F9:D2:13:B4', 'name': 'Nano'}
Apr 05 13:15:04 Subscribed to notification handle: 0e140002-0af1-4582-a242-773e63054c68
Apr 05 13:15:04 Subscribed to notification handle: 0e140003-0af1-4582-a242-773e63054c68
Apr 05 13:17:12 Reconnecting...
Apr 05 13:17:12 Stopping anovamqtt BLE adapter...
Apr 05 13:17:12 Stopped
Apr 05 13:17:12 Auto connecting, timeout set to: 10.00
Apr 05 13:17:22 Starting anovamqtt BLE adapter
Apr 05 13:17:22 Connecting to Anova device: {'address': '00:81:F9:D2:13:B4', 'name': 'Nano'}
Apr 05 13:17:23 Connected to: {'address': '00:81:F9:D2:13:B4', 'name': 'Nano'}
Apr 05 13:17:26 Subscribed to notification handle: 0e140002-0af1-4582-a242-773e63054c68
Apr 05 13:17:26 Subscribed to notification handle: 0e140003-0af1-4582-a242-773e63054c68
Apr 05 13:17:27 Reconnecting...
Apr 05 13:17:27 Stopping anovamqtt BLE adapter...
Apr 05 13:17:27 Stopped
Apr 05 13:17:27 Auto connecting, timeout set to: 10.00
Apr 05 13:17:38 Starting anovamqtt BLE adapter
Apr 05 13:17:38 Connecting to Anova device: {'address': '00:81:F9:D2:13:B4', 'name': 'Nano'}
Apr 05 13:17:38 Connected to: {'address': '00:81:F9:D2:13:B4', 'name': 'Nano'}
Apr 05 13:17:41 Subscribed to notification handle: 0e140002-0af1-4582-a242-773e63054c68
Apr 05 13:17:41 Subscribed to notification handle: 0e140003-0af1-4582-a242-773e63054c68
Apr 05 13:17:54 Reconnecting...
Apr 05 13:17:54 Stopping anovamqtt BLE adapter...
Apr 05 13:17:55 Stopped
Apr 05 13:17:55 Auto connecting, timeout set to: 10.00
Apr 05 13:18:05 Starting anovamqtt BLE adapter
Apr 05 13:18:05 Connecting to Anova device: {'address': '00:81:F9:D2:13:B4', 'name': 'Nano'}
Apr 05 13:18:06 Connected to: {'address': '00:81:F9:D2:13:B4', 'name': 'Nano'}
Apr 05 13:18:12 Characteristic discovery failed, retrying in 15 seconds...
Apr 05 13:18:27 Starting anovamqtt BLE adapter
Apr 05 13:18:28 Connecting to Anova device: {'address': '00:81:F9:D2:13:B4', 'name': 'Nano'}
Apr 05 13:18:33 Timed out connecting to 00:81:F9:D2:13:B4 after 5.0 seconds.
Apr 05 13:18:33 Timed out connecting to 00:81:F9:D2:13:B4 after 5.0 seconds., retrying in 15 seconds...
Apr 05 13:18:48 Starting anovamqtt BLE adapter
Apr 05 13:18:49 Connecting to Anova device: {'address': '00:81:F9:D2:13:B4', 'name': 'Nano'}
Apr 05 13:18:50 Connected to: {'address': '00:81:F9:D2:13:B4', 'name': 'Nano'}
Apr 05 13:18:52 Subscribed to notification handle: 0e140002-0af1-4582-a242-773e63054c68
Apr 05 13:19:22 No response received
Traceback (most recent call last):
  File "/home/bryan/Documents/anovamqtt/anovamqtt/AnovaMQTT.py", line 195, in request
    self._dev.char_write_handle(handle=handle, value=value , wait_for_response=False)
  File "/usr/local/lib/python3.7/dist-packages/pygatt/backends/gatttool/device.py", line 17, in wrapper
    return func(self, *args, **kwargs)
  File "/usr/local/lib/python3.7/dist-packages/pygatt/backends/gatttool/device.py", line 48, in char_write_handle
    self._backend.char_write_handle(self, handle, *args, **kwargs)
  File "/usr/local/lib/python3.7/dist-packages/pygatt/backends/gatttool/gatttool.py", line 49, in wrapper
    raise NotConnectedError()
pygatt.exceptions.NotConnectedError

During handling of the above exception, another exception occurred:

Traceback (most recent call last):
  File "/usr/local/lib/python3.7/dist-packages/pygatt/backends/gatttool/gatttool.py", line 574, in char_write_handle
    self.sendline(cmd)
  File "/usr/lib/python3.7/contextlib.py", line 119, in __exit__
    next(self.gen)
  File "/usr/local/lib/python3.7/dist-packages/pygatt/backends/gatttool/gatttool.py", line 191, in event
    self.wait(event, timeout)
  File "/usr/local/lib/python3.7/dist-packages/pygatt/backends/gatttool/gatttool.py", line 157, in wait
    raise NotificationTimeout()
pygatt.exceptions.NotificationTimeout: None
Apr 05 13:19:22 None, retrying in 15 seconds...
Apr 05 13:19:37 Starting anovamqtt BLE adapter
Apr 05 13:19:38 Connecting to Anova device: {'address': '00:81:F9:D2:13:B4', 'name': 'Nano'}
Apr 05 13:19:38 Connected to: {'address': '00:81:F9:D2:13:B4', 'name': 'Nano'}
Apr 05 13:19:40 Subscribed to notification handle: 0e140002-0af1-4582-a242-773e63054c68
Apr 05 13:19:41 Subscribed to notification handle: 0e140003-0af1-4582-a242-773e63054c68
Apr 05 13:19:53 Reconnecting...
Apr 05 13:19:53 Stopping anovamqtt BLE adapter...
Apr 05 13:19:53 Stopped
Apr 05 13:19:53 Auto connecting, timeout set to: 10.00
Apr 05 13:20:03 Starting anovamqtt BLE adapter
Apr 05 13:20:04 Connecting to Anova device: {'address': '00:81:F9:D2:13:B4', 'name': 'Nano'}
Apr 05 13:20:04 Connected to: {'address': '00:81:F9:D2:13:B4', 'name': 'Nano'}
Apr 05 13:20:07 Subscribed to notification handle: 0e140002-0af1-4582-a242-773e63054c68
Apr 05 13:20:07 Subscribed to notification handle: 0e140003-0af1-4582-a242-773e63054c68
Apr 05 13:20:23 Reconnecting...
Apr 05 13:20:23 Stopping anovamqtt BLE adapter...
Apr 05 13:20:23 Stopped
Apr 05 13:20:23 Auto connecting, timeout set to: 10.00
Apr 05 13:20:34 Starting anovamqtt BLE adapter
Apr 05 13:20:34 Connecting to Anova device: {'address': '00:81:F9:D2:13:B4', 'name': 'Nano'}
Apr 05 13:20:34 Connected to: {'address': '00:81:F9:D2:13:B4', 'name': 'Nano'}
Apr 05 13:20:37 Subscribed to notification handle: 0e140002-0af1-4582-a242-773e63054c68
Apr 05 13:20:37 Subscribed to notification handle: 0e140003-0af1-4582-a242-773e63054c68
Apr 05 13:20:45 Reconnecting...
Apr 05 13:20:45 Stopping anovamqtt BLE adapter...
Apr 05 13:20:45 Stopped
Apr 05 13:20:45 Auto connecting, timeout set to: 10.00
Apr 05 13:20:56 Starting anovamqtt BLE adapter
Apr 05 13:20:56 Connecting to Anova device: {'address': '00:81:F9:D2:13:B4', 'name': 'Nano'}
Apr 05 13:20:57 Connected to: {'address': '00:81:F9:D2:13:B4', 'name': 'Nano'}
Apr 05 13:20:59 Subscribed to notification handle: 0e140002-0af1-4582-a242-773e63054c68
Apr 05 13:20:59 Subscribed to notification handle: 0e140003-0af1-4582-a242-773e63054c68
Apr 05 13:21:44 Reconnecting...
Apr 05 13:21:44 Stopping anovamqtt BLE adapter...
Apr 05 13:21:44 Stopped
Apr 05 13:21:44 Auto connecting, timeout set to: 10.00
Apr 05 13:21:54 Starting anovamqtt BLE adapter
Apr 05 13:21:55 Connecting to Anova device: {'address': '00:81:F9:D2:13:B4', 'name': 'Nano'}
Apr 05 13:21:55 Connected to: {'address': '00:81:F9:D2:13:B4', 'name': 'Nano'}
Apr 05 13:21:58 Subscribed to notification handle: 0e140002-0af1-4582-a242-773e63054c68
Apr 05 13:21:58 Subscribed to notification handle: 0e140003-0af1-4582-a242-773e63054c68
Apr 05 13:22:00 Reconnecting...
Apr 05 13:22:00 Stopping anovamqtt BLE adapter...
Apr 05 13:22:00 Stopped
Apr 05 13:22:00 Auto connecting, timeout set to: 10.00
Apr 05 13:22:10 Starting anovamqtt BLE adapter
Apr 05 13:22:11 Connecting to Anova device: {'address': '00:81:F9:D2:13:B4', 'name': 'Nano'}
Apr 05 13:22:11 Connected to: {'address': '00:81:F9:D2:13:B4', 'name': 'Nano'}
Apr 05 13:22:14 Subscribed to notification handle: 0e140002-0af1-4582-a242-773e63054c68
Apr 05 13:22:14 Subscribed to notification handle: 0e140003-0af1-4582-a242-773e63054c68
Apr 05 13:24:11 Reconnecting...
Apr 05 13:24:11 Stopping anovamqtt BLE adapter...
Apr 05 13:24:11 Stopped
Apr 05 13:24:11 Auto connecting, timeout set to: 10.00
Apr 05 13:24:21 Starting anovamqtt BLE adapter
Apr 05 13:24:21 Connecting to Anova device: {'address': '00:81:F9:D2:13:B4', 'name': 'Nano'}
Apr 05 13:24:27 Timed out connecting to 00:81:F9:D2:13:B4 after 5.0 seconds.
Apr 05 13:24:27 Timed out connecting to 00:81:F9:D2:13:B4 after 5.0 seconds., retrying in 15 seconds...
Apr 05 13:24:42 Starting anovamqtt BLE adapter
Apr 05 13:24:42 Connecting to Anova device: {'address': '00:81:F9:D2:13:B4', 'name': 'Nano'}
Apr 05 13:24:43 Connected to: {'address': '00:81:F9:D2:13:B4', 'name': 'Nano'}
Apr 05 13:24:49 Characteristic discovery failed, retrying in 15 seconds...
Apr 05 13:25:04 Starting anovamqtt BLE adapter
Apr 05 13:25:05 Connecting to Anova device: {'address': '00:81:F9:D2:13:B4', 'name': 'Nano'}
Apr 05 13:25:06 Connected to: {'address': '00:81:F9:D2:13:B4', 'name': 'Nano'}
Apr 05 13:25:08 Subscribed to notification handle: 0e140002-0af1-4582-a242-773e63054c68
Apr 05 13:25:08 Subscribed to notification handle: 0e140003-0af1-4582-a242-773e63054c68
Apr 05 13:25:12 Reconnecting...
Apr 05 13:25:12 Stopping anovamqtt BLE adapter...
Apr 05 13:25:12 Stopped
Apr 05 13:25:12 Auto connecting, timeout set to: 10.00
Apr 05 13:25:22 Starting anovamqtt BLE adapter
Apr 05 13:25:23 Connecting to Anova device: {'address': '00:81:F9:D2:13:B4', 'name': 'Nano'}
Apr 05 13:25:24 Connected to: {'address': '00:81:F9:D2:13:B4', 'name': 'Nano'}
Apr 05 13:25:26 Subscribed to notification handle: 0e140002-0af1-4582-a242-773e63054c68
Apr 05 13:25:26 Subscribed to notification handle: 0e140003-0af1-4582-a242-773e63054c68
Apr 05 13:33:43 Reconnecting...
Apr 05 13:33:43 Stopping anovamqtt BLE adapter...
Apr 05 13:33:44 Stopped
Apr 05 13:33:44 Auto connecting, timeout set to: 10.00
Apr 05 13:33:54 Starting anovamqtt BLE adapter
Apr 05 13:33:54 Connecting to Anova device: {'address': '00:81:F9:D2:13:B4', 'name': 'Nano'}
Apr 05 13:33:55 Connected to: {'address': '00:81:F9:D2:13:B4', 'name': 'Nano'}
Apr 05 13:33:58 Subscribed to notification handle: 0e140002-0af1-4582-a242-773e63054c68
Apr 05 13:33:58 Subscribed to notification handle: 0e140003-0af1-4582-a242-773e63054c68
Apr 05 13:34:00 Reconnecting...
Apr 05 13:34:00 Stopping anovamqtt BLE adapter...
Apr 05 13:34:00 Stopped
Apr 05 13:34:00 Auto connecting, timeout set to: 10.00
Apr 05 13:34:11 Starting anovamqtt BLE adapter
Apr 05 13:34:11 Connecting to Anova device: {'address': '00:81:F9:D2:13:B4', 'name': 'Nano'}
Apr 05 13:34:16 Timed out connecting to 00:81:F9:D2:13:B4 after 5.0 seconds.
Apr 05 13:34:16 Timed out connecting to 00:81:F9:D2:13:B4 after 5.0 seconds., retrying in 15 seconds...
Apr 05 13:34:31 Starting anovamqtt BLE adapter
Apr 05 13:34:32 Connecting to Anova device: {'address': '00:81:F9:D2:13:B4', 'name': 'Nano'}
Apr 05 13:34:37 Timed out connecting to 00:81:F9:D2:13:B4 after 5.0 seconds.
Apr 05 13:34:37 Timed out connecting to 00:81:F9:D2:13:B4 after 5.0 seconds., retrying in 15 seconds...
Apr 05 13:34:52 Starting anovamqtt BLE adapter
Apr 05 13:34:53 Connecting to Anova device: {'address': '00:81:F9:D2:13:B4', 'name': 'Nano'}
Apr 05 13:34:58 Timed out connecting to 00:81:F9:D2:13:B4 after 5.0 seconds.
Apr 05 13:34:58 Timed out connecting to 00:81:F9:D2:13:B4 after 5.0 seconds., retrying in 15 seconds...
Apr 05 13:35:13 Starting anovamqtt BLE adapter
Apr 05 13:35:14 Connecting to Anova device: {'address': '00:81:F9:D2:13:B4', 'name': 'Nano'}
Apr 05 13:35:14 Connected to: {'address': '00:81:F9:D2:13:B4', 'name': 'Nano'}
Apr 05 13:35:16 Subscribed to notification handle: 0e140002-0af1-4582-a242-773e63054c68
Apr 05 13:35:46 No response received
Traceback (most recent call last):
  File "/home/bryan/Documents/anovamqtt/anovamqtt/AnovaMQTT.py", line 195, in request
    self._dev.char_write_handle(handle=handle, value=value , wait_for_response=False)
  File "/usr/local/lib/python3.7/dist-packages/pygatt/backends/gatttool/device.py", line 17, in wrapper
    return func(self, *args, **kwargs)
  File "/usr/local/lib/python3.7/dist-packages/pygatt/backends/gatttool/device.py", line 48, in char_write_handle
    self._backend.char_write_handle(self, handle, *args, **kwargs)
  File "/usr/local/lib/python3.7/dist-packages/pygatt/backends/gatttool/gatttool.py", line 49, in wrapper
    raise NotConnectedError()
pygatt.exceptions.NotConnectedError

During handling of the above exception, another exception occurred:

Traceback (most recent call last):
  File "/usr/local/lib/python3.7/dist-packages/pygatt/backends/gatttool/gatttool.py", line 574, in char_write_handle
    self.sendline(cmd)
  File "/usr/lib/python3.7/contextlib.py", line 119, in __exit__
    next(self.gen)
  File "/usr/local/lib/python3.7/dist-packages/pygatt/backends/gatttool/gatttool.py", line 191, in event
    self.wait(event, timeout)
  File "/usr/local/lib/python3.7/dist-packages/pygatt/backends/gatttool/gatttool.py", line 157, in wait
    raise NotificationTimeout()
pygatt.exceptions.NotificationTimeout: None
Apr 05 13:35:46 None, retrying in 15 seconds...
Apr 05 13:36:01 Starting anovamqtt BLE adapter
Apr 05 13:36:02 Connecting to Anova device: {'address': '00:81:F9:D2:13:B4', 'name': 'Nano'}
Apr 05 13:36:03 Connected to: {'address': '00:81:F9:D2:13:B4', 'name': 'Nano'}
Apr 05 13:36:05 Subscribed to notification handle: 0e140002-0af1-4582-a242-773e63054c68
Apr 05 13:36:05 Subscribed to notification handle: 0e140003-0af1-4582-a242-773e63054c68
Apr 05 13:39:27 Reconnecting...
Apr 05 13:39:27 Stopping anovamqtt BLE adapter...
Apr 05 13:39:28 Stopped
Apr 05 13:39:28 Auto connecting, timeout set to: 10.00
Apr 05 13:39:38 Starting anovamqtt BLE adapter
Apr 05 13:39:38 Connecting to Anova device: {'address': '00:81:F9:D2:13:B4', 'name': 'Nano'}
Apr 05 13:39:39 Connected to: {'address': '00:81:F9:D2:13:B4', 'name': 'Nano'}
Apr 05 13:39:41 Subscribed to notification handle: 0e140002-0af1-4582-a242-773e63054c68
Apr 05 13:39:41 Subscribed to notification handle: 0e140003-0af1-4582-a242-773e63054c68
Apr 05 13:39:46 Reconnecting...
Apr 05 13:39:46 Stopping anovamqtt BLE adapter...
Apr 05 13:39:47 Stopped
Apr 05 13:39:47 Auto connecting, timeout set to: 10.00
Apr 05 13:39:57 Starting anovamqtt BLE adapter
Apr 05 13:39:57 Connecting to Anova device: {'address': '00:81:F9:D2:13:B4', 'name': 'Nano'}
Apr 05 13:39:58 Connected to: {'address': '00:81:F9:D2:13:B4', 'name': 'Nano'}
Apr 05 13:40:00 Subscribed to notification handle: 0e140002-0af1-4582-a242-773e63054c68
Apr 05 13:40:01 Subscribed to notification handle: 0e140003-0af1-4582-a242-773e63054c68
Apr 05 13:40:32 Reconnecting...
Apr 05 13:40:32 Stopping anovamqtt BLE adapter...
Apr 05 13:40:32 Stopped
Apr 05 13:40:32 Auto connecting, timeout set to: 10.00
Apr 05 13:40:42 Starting anovamqtt BLE adapter
Apr 05 13:40:43 Connecting to Anova device: {'address': '00:81:F9:D2:13:B4', 'name': 'Nano'}
Apr 05 13:40:44 Connected to: {'address': '00:81:F9:D2:13:B4', 'name': 'Nano'}
Apr 05 13:41:16 No response received
Traceback (most recent call last):
  File "/home/bryan/Documents/anovamqtt/anovamqtt/AnovaMQTT.py", line 195, in request
    self._dev.char_write_handle(handle=handle, value=value , wait_for_response=False)
  File "/usr/local/lib/python3.7/dist-packages/pygatt/backends/gatttool/device.py", line 17, in wrapper
    return func(self, *args, **kwargs)
  File "/usr/local/lib/python3.7/dist-packages/pygatt/backends/gatttool/device.py", line 48, in char_write_handle
    self._backend.char_write_handle(self, handle, *args, **kwargs)
  File "/usr/local/lib/python3.7/dist-packages/pygatt/backends/gatttool/gatttool.py", line 49, in wrapper
    raise NotConnectedError()
pygatt.exceptions.NotConnectedError

During handling of the above exception, another exception occurred:

Traceback (most recent call last):
  File "/usr/local/lib/python3.7/dist-packages/pygatt/backends/gatttool/gatttool.py", line 574, in char_write_handle
    self.sendline(cmd)
  File "/usr/lib/python3.7/contextlib.py", line 119, in __exit__
    next(self.gen)
  File "/usr/local/lib/python3.7/dist-packages/pygatt/backends/gatttool/gatttool.py", line 191, in event
    self.wait(event, timeout)
  File "/usr/local/lib/python3.7/dist-packages/pygatt/backends/gatttool/gatttool.py", line 157, in wait
    raise NotificationTimeout()
pygatt.exceptions.NotificationTimeout: None
Apr 05 13:41:16 None, retrying in 15 seconds...
Apr 05 13:41:31 Starting anovamqtt BLE adapter
Apr 05 13:41:31 Connecting to Anova device: {'address': '00:81:F9:D2:13:B4', 'name': 'Nano'}
Apr 05 13:41:33 Connected to: {'address': '00:81:F9:D2:13:B4', 'name': 'Nano'}
Apr 05 13:41:35 Subscribed to notification handle: 0e140002-0af1-4582-a242-773e63054c68
Apr 05 13:41:35 Subscribed to notification handle: 0e140003-0af1-4582-a242-773e63054c68
Apr 05 13:41:38 Reconnecting...
Apr 05 13:41:38 Stopping anovamqtt BLE adapter...
Apr 05 13:41:38 Stopped
Apr 05 13:41:38 Auto connecting, timeout set to: 10.00
Apr 05 13:41:48 Starting anovamqtt BLE adapter
Apr 05 13:41:48 Connecting to Anova device: {'address': '00:81:F9:D2:13:B4', 'name': 'Nano'}
Apr 05 13:41:53 Timed out connecting to 00:81:F9:D2:13:B4 after 5.0 seconds.
Apr 05 13:41:53 Timed out connecting to 00:81:F9:D2:13:B4 after 5.0 seconds., retrying in 15 seconds...
Apr 05 13:42:08 Starting anovamqtt BLE adapter
Apr 05 13:42:09 Connecting to Anova device: {'address': '00:81:F9:D2:13:B4', 'name': 'Nano'}
Apr 05 13:42:10 Connected to: {'address': '00:81:F9:D2:13:B4', 'name': 'Nano'}
Apr 05 13:42:12 Subscribed to notification handle: 0e140002-0af1-4582-a242-773e63054c68
Apr 05 13:42:12 Subscribed to notification handle: 0e140003-0af1-4582-a242-773e63054c68
Apr 05 13:42:16 Reconnecting...
Apr 05 13:42:16 Stopping anovamqtt BLE adapter...
Apr 05 13:42:16 Stopped
Apr 05 13:42:16 Auto connecting, timeout set to: 10.00
Apr 05 13:42:26 Starting anovamqtt BLE adapter
Apr 05 13:42:27 Connecting to Anova device: {'address': '00:81:F9:D2:13:B4', 'name': 'Nano'}
Apr 05 13:42:28 Connected to: {'address': '00:81:F9:D2:13:B4', 'name': 'Nano'}
Apr 05 13:42:30 Subscribed to notification handle: 0e140002-0af1-4582-a242-773e63054c68
Apr 05 13:42:30 Subscribed to notification handle: 0e140003-0af1-4582-a242-773e63054c68
Apr 05 13:43:07 Reconnecting...
Apr 05 13:43:07 Stopping anovamqtt BLE adapter...
Apr 05 13:43:08 Stopped
Apr 05 13:43:08 Auto connecting, timeout set to: 10.00
Apr 05 13:43:18 Starting anovamqtt BLE adapter
Apr 05 13:43:18 Connecting to Anova device: {'address': '00:81:F9:D2:13:B4', 'name': 'Nano'}
Apr 05 13:43:23 Timed out connecting to 00:81:F9:D2:13:B4 after 5.0 seconds.
Apr 05 13:43:23 Timed out connecting to 00:81:F9:D2:13:B4 after 5.0 seconds., retrying in 15 seconds...
Apr 05 13:43:38 Starting anovamqtt BLE adapter
Apr 05 13:43:39 Connecting to Anova device: {'address': '00:81:F9:D2:13:B4', 'name': 'Nano'}
Apr 05 13:43:40 Connected to: {'address': '00:81:F9:D2:13:B4', 'name': 'Nano'}
Apr 05 13:43:46 Characteristic discovery failed, retrying in 15 seconds...
Apr 05 13:44:01 Starting anovamqtt BLE adapter
Apr 05 13:44:02 Connecting to Anova device: {'address': '00:81:F9:D2:13:B4', 'name': 'Nano'}
Apr 05 13:44:07 Timed out connecting to 00:81:F9:D2:13:B4 after 5.0 seconds.
Apr 05 13:44:07 Timed out connecting to 00:81:F9:D2:13:B4 after 5.0 seconds., retrying in 15 seconds...
Apr 05 13:44:22 Starting anovamqtt BLE adapter
Apr 05 13:44:23 Connecting to Anova device: {'address': '00:81:F9:D2:13:B4', 'name': 'Nano'}
Apr 05 13:44:23 Connected to: {'address': '00:81:F9:D2:13:B4', 'name': 'Nano'}
Apr 05 13:44:26 Subscribed to notification handle: 0e140002-0af1-4582-a242-773e63054c68
Apr 05 13:44:26 Subscribed to notification handle: 0e140003-0af1-4582-a242-773e63054c68
Apr 05 13:44:29 Reconnecting...
Apr 05 13:44:29 Stopping anovamqtt BLE adapter...
Apr 05 13:44:29 Stopped
Apr 05 13:44:29 Auto connecting, timeout set to: 10.00
Apr 05 13:44:40 Starting anovamqtt BLE adapter
Apr 05 13:44:40 Connecting to Anova device: {'address': '00:81:F9:D2:13:B4', 'name': 'Nano'}
Apr 05 13:44:41 Connected to: {'address': '00:81:F9:D2:13:B4', 'name': 'Nano'}
Apr 05 13:44:43 Subscribed to notification handle: 0e140002-0af1-4582-a242-773e63054c68
Apr 05 13:44:43 Subscribed to notification handle: 0e140003-0af1-4582-a242-773e63054c68
Apr 05 13:44:49 Reconnecting...
Apr 05 13:44:49 Stopping anovamqtt BLE adapter...
Apr 05 13:44:49 Stopped
Apr 05 13:44:49 Auto connecting, timeout set to: 10.00
Apr 05 13:45:00 Starting anovamqtt BLE adapter
Apr 05 13:45:00 Connecting to Anova device: {'address': '00:81:F9:D2:13:B4', 'name': 'Nano'}
Apr 05 13:45:01 Connected to: {'address': '00:81:F9:D2:13:B4', 'name': 'Nano'}
Apr 05 13:45:07 Characteristic discovery failed, retrying in 15 seconds...
Apr 05 13:45:22 Starting anovamqtt BLE adapter
Apr 05 13:45:22 Connecting to Anova device: {'address': '00:81:F9:D2:13:B4', 'name': 'Nano'}
Apr 05 13:45:27 Timed out connecting to 00:81:F9:D2:13:B4 after 5.0 seconds.
Apr 05 13:45:27 Timed out connecting to 00:81:F9:D2:13:B4 after 5.0 seconds., retrying in 15 seconds...
Apr 05 13:45:42 Starting anovamqtt BLE adapter
Apr 05 13:45:43 Connecting to Anova device: {'address': '00:81:F9:D2:13:B4', 'name': 'Nano'}
Apr 05 13:45:44 Connected to: {'address': '00:81:F9:D2:13:B4', 'name': 'Nano'}
Apr 05 13:45:46 Subscribed to notification handle: 0e140002-0af1-4582-a242-773e63054c68
Apr 05 13:45:46 Subscribed to notification handle: 0e140003-0af1-4582-a242-773e63054c68
Apr 05 13:48:35 Reconnecting...
Apr 05 13:48:35 Stopping anovamqtt BLE adapter...
Apr 05 13:48:35 Stopped
Apr 05 13:48:35 Auto connecting, timeout set to: 10.00
Apr 05 13:48:45 Starting anovamqtt BLE adapter
Apr 05 13:48:45 Connecting to Anova device: {'address': '00:81:F9:D2:13:B4', 'name': 'Nano'}
Apr 05 13:48:46 Connected to: {'address': '00:81:F9:D2:13:B4', 'name': 'Nano'}
Apr 05 13:48:49 Subscribed to notification handle: 0e140002-0af1-4582-a242-773e63054c68
Apr 05 13:48:49 Subscribed to notification handle: 0e140003-0af1-4582-a242-773e63054c68
Apr 05 13:48:52 Reconnecting...
Apr 05 13:48:52 Stopping anovamqtt BLE adapter...
Apr 05 13:48:53 Stopped
Apr 05 13:48:53 Auto connecting, timeout set to: 10.00
Apr 05 13:49:03 Starting anovamqtt BLE adapter
Apr 05 13:49:03 Connecting to Anova device: {'address': '00:81:F9:D2:13:B4', 'name': 'Nano'}
Apr 05 13:49:08 Timed out connecting to 00:81:F9:D2:13:B4 after 5.0 seconds.
Apr 05 13:49:08 Timed out connecting to 00:81:F9:D2:13:B4 after 5.0 seconds., retrying in 15 seconds...
Apr 05 13:49:23 Starting anovamqtt BLE adapter
Apr 05 13:49:24 Connecting to Anova device: {'address': '00:81:F9:D2:13:B4', 'name': 'Nano'}
Apr 05 13:49:25 Connected to: {'address': '00:81:F9:D2:13:B4', 'name': 'Nano'}
Apr 05 13:49:27 Subscribed to notification handle: 0e140002-0af1-4582-a242-773e63054c68
Apr 05 13:49:27 Subscribed to notification handle: 0e140003-0af1-4582-a242-773e63054c68
Apr 05 13:49:30 Reconnecting...
Apr 05 13:49:30 Stopping anovamqtt BLE adapter...
Apr 05 13:49:30 Stopped
Apr 05 13:49:30 Auto connecting, timeout set to: 10.00
Apr 05 13:49:40 Starting anovamqtt BLE adapter
Apr 05 13:49:41 Connecting to Anova device: {'address': '00:81:F9:D2:13:B4', 'name': 'Nano'}
Apr 05 13:49:46 Timed out connecting to 00:81:F9:D2:13:B4 after 5.0 seconds.
Apr 05 13:49:46 Timed out connecting to 00:81:F9:D2:13:B4 after 5.0 seconds., retrying in 15 seconds...
Apr 05 13:50:01 Starting anovamqtt BLE adapter
Apr 05 13:50:01 Connecting to Anova device: {'address': '00:81:F9:D2:13:B4', 'name': 'Nano'}
Apr 05 13:50:07 Timed out connecting to 00:81:F9:D2:13:B4 after 5.0 seconds.
Apr 05 13:50:07 Timed out connecting to 00:81:F9:D2:13:B4 after 5.0 seconds., retrying in 15 seconds...
Apr 05 13:50:22 Starting anovamqtt BLE adapter
Apr 05 13:50:22 Connecting to Anova device: {'address': '00:81:F9:D2:13:B4', 'name': 'Nano'}
Apr 05 13:50:27 Timed out connecting to 00:81:F9:D2:13:B4 after 5.0 seconds.
Apr 05 13:50:27 Timed out connecting to 00:81:F9:D2:13:B4 after 5.0 seconds., retrying in 15 seconds...
Apr 05 13:50:42 Starting anovamqtt BLE adapter
Apr 05 13:50:43 Connecting to Anova device: {'address': '00:81:F9:D2:13:B4', 'name': 'Nano'}
Apr 05 13:50:44 Connected to: {'address': '00:81:F9:D2:13:B4', 'name': 'Nano'}
Apr 05 13:50:46 Subscribed to notification handle: 0e140002-0af1-4582-a242-773e63054c68
Apr 05 13:50:46 Subscribed to notification handle: 0e140003-0af1-4582-a242-773e63054c68
Apr 05 13:52:03 Reconnecting...
Apr 05 13:52:03 Stopping anovamqtt BLE adapter...
Apr 05 13:52:03 Stopped
Apr 05 13:52:03 Auto connecting, timeout set to: 10.00
Apr 05 13:52:13 Starting anovamqtt BLE adapter
Apr 05 13:52:13 Connecting to Anova device: {'address': '00:81:F9:D2:13:B4', 'name': 'Nano'}
Apr 05 13:52:14 Connected to: {'address': '00:81:F9:D2:13:B4', 'name': 'Nano'}
Apr 05 13:52:20 Characteristic discovery failed, retrying in 15 seconds...
Apr 05 13:52:35 Starting anovamqtt BLE adapter
Apr 05 13:52:36 Connecting to Anova device: {'address': '00:81:F9:D2:13:B4', 'name': 'Nano'}
Apr 05 13:52:36 Connected to: {'address': '00:81:F9:D2:13:B4', 'name': 'Nano'}
Apr 05 13:52:39 Subscribed to notification handle: 0e140002-0af1-4582-a242-773e63054c68
Apr 05 13:53:09 No response received
Traceback (most recent call last):
  File "/home/bryan/Documents/anovamqtt/anovamqtt/AnovaMQTT.py", line 195, in request
    self._dev.char_write_handle(handle=handle, value=value , wait_for_response=False)
  File "/usr/local/lib/python3.7/dist-packages/pygatt/backends/gatttool/device.py", line 17, in wrapper
    return func(self, *args, **kwargs)
  File "/usr/local/lib/python3.7/dist-packages/pygatt/backends/gatttool/device.py", line 48, in char_write_handle
    self._backend.char_write_handle(self, handle, *args, **kwargs)
  File "/usr/local/lib/python3.7/dist-packages/pygatt/backends/gatttool/gatttool.py", line 49, in wrapper
    raise NotConnectedError()
pygatt.exceptions.NotConnectedError

During handling of the above exception, another exception occurred:

Traceback (most recent call last):
  File "/usr/local/lib/python3.7/dist-packages/pygatt/backends/gatttool/gatttool.py", line 574, in char_write_handle
    self.sendline(cmd)
  File "/usr/lib/python3.7/contextlib.py", line 119, in __exit__
    next(self.gen)
  File "/usr/local/lib/python3.7/dist-packages/pygatt/backends/gatttool/gatttool.py", line 191, in event
    self.wait(event, timeout)
  File "/usr/local/lib/python3.7/dist-packages/pygatt/backends/gatttool/gatttool.py", line 157, in wait
    raise NotificationTimeout()
pygatt.exceptions.NotificationTimeout: None
Apr 05 13:53:09 None, retrying in 15 seconds...
Apr 05 13:53:24 Starting anovamqtt BLE adapter
Apr 05 13:53:25 Connecting to Anova device: {'address': '00:81:F9:D2:13:B4', 'name': 'Nano'}
Apr 05 13:53:25 Connected to: {'address': '00:81:F9:D2:13:B4', 'name': 'Nano'}
Apr 05 13:53:27 Subscribed to notification handle: 0e140002-0af1-4582-a242-773e63054c68
Apr 05 13:53:27 Subscribed to notification handle: 0e140003-0af1-4582-a242-773e63054c68
Apr 05 13:53:44 Reconnecting...
Apr 05 13:53:44 Stopping anovamqtt BLE adapter...
Apr 05 13:53:44 Stopped
Apr 05 13:53:44 Auto connecting, timeout set to: 10.00
Apr 05 13:53:55 Starting anovamqtt BLE adapter
Apr 05 13:53:55 Connecting to Anova device: {'address': '00:81:F9:D2:13:B4', 'name': 'Nano'}
Apr 05 13:53:56 Connected to: {'address': '00:81:F9:D2:13:B4', 'name': 'Nano'}
Apr 05 13:54:29 No response received
Traceback (most recent call last):
  File "/home/bryan/Documents/anovamqtt/anovamqtt/AnovaMQTT.py", line 195, in request
    self._dev.char_write_handle(handle=handle, value=value , wait_for_response=False)
  File "/usr/local/lib/python3.7/dist-packages/pygatt/backends/gatttool/device.py", line 17, in wrapper
    return func(self, *args, **kwargs)
  File "/usr/local/lib/python3.7/dist-packages/pygatt/backends/gatttool/device.py", line 48, in char_write_handle
    self._backend.char_write_handle(self, handle, *args, **kwargs)
  File "/usr/local/lib/python3.7/dist-packages/pygatt/backends/gatttool/gatttool.py", line 49, in wrapper
    raise NotConnectedError()
pygatt.exceptions.NotConnectedError

During handling of the above exception, another exception occurred:

Traceback (most recent call last):
  File "/usr/local/lib/python3.7/dist-packages/pygatt/backends/gatttool/gatttool.py", line 574, in char_write_handle
    self.sendline(cmd)
  File "/usr/lib/python3.7/contextlib.py", line 119, in __exit__
    next(self.gen)
  File "/usr/local/lib/python3.7/dist-packages/pygatt/backends/gatttool/gatttool.py", line 191, in event
    self.wait(event, timeout)
  File "/usr/local/lib/python3.7/dist-packages/pygatt/backends/gatttool/gatttool.py", line 157, in wait
    raise NotificationTimeout()
pygatt.exceptions.NotificationTimeout: None
Apr 05 13:54:29 None, retrying in 15 seconds...
Apr 05 13:54:44 Starting anovamqtt BLE adapter
Apr 05 13:54:44 Connecting to Anova device: {'address': '00:81:F9:D2:13:B4', 'name': 'Nano'}
Apr 05 13:54:45 Connected to: {'address': '00:81:F9:D2:13:B4', 'name': 'Nano'}
Apr 05 13:54:47 Subscribed to notification handle: 0e140002-0af1-4582-a242-773e63054c68
Apr 05 13:54:47 Subscribed to notification handle: 0e140003-0af1-4582-a242-773e63054c68
Apr 05 13:54:56 Reconnecting...
Apr 05 13:54:56 Stopping anovamqtt BLE adapter...
Apr 05 13:54:56 Stopped
Apr 05 13:54:56 Auto connecting, timeout set to: 10.00
Apr 05 13:55:06 Starting anovamqtt BLE adapter
Apr 05 13:55:07 Connecting to Anova device: {'address': '00:81:F9:D2:13:B4', 'name': 'Nano'}
Apr 05 13:55:12 Timed out connecting to 00:81:F9:D2:13:B4 after 5.0 seconds.
Apr 05 13:55:12 Timed out connecting to 00:81:F9:D2:13:B4 after 5.0 seconds., retrying in 15 seconds...
Apr 05 13:55:27 Starting anovamqtt BLE adapter
Apr 05 13:55:28 Connecting to Anova device: {'address': '00:81:F9:D2:13:B4', 'name': 'Nano'}
Apr 05 13:55:33 Timed out connecting to 00:81:F9:D2:13:B4 after 5.0 seconds.
Apr 05 13:55:33 Timed out connecting to 00:81:F9:D2:13:B4 after 5.0 seconds., retrying in 15 seconds...
Apr 05 13:55:48 Starting anovamqtt BLE adapter
Apr 05 13:55:48 Connecting to Anova device: {'address': '00:81:F9:D2:13:B4', 'name': 'Nano'}
Apr 05 13:55:49 Connected to: {'address': '00:81:F9:D2:13:B4', 'name': 'Nano'}
Apr 05 13:55:51 Subscribed to notification handle: 0e140002-0af1-4582-a242-773e63054c68
Apr 05 13:55:51 Subscribed to notification handle: 0e140003-0af1-4582-a242-773e63054c68
Apr 05 13:57:31 Reconnecting...
Apr 05 13:57:31 Stopping anovamqtt BLE adapter...
Apr 05 13:57:32 Stopped
Apr 05 13:57:32 Auto connecting, timeout set to: 10.00
Apr 05 13:57:42 Starting anovamqtt BLE adapter
Apr 05 13:57:42 Connecting to Anova device: {'address': '00:81:F9:D2:13:B4', 'name': 'Nano'}
Apr 05 13:57:47 Timed out connecting to 00:81:F9:D2:13:B4 after 5.0 seconds.
Apr 05 13:57:47 Timed out connecting to 00:81:F9:D2:13:B4 after 5.0 seconds., retrying in 15 seconds...
Apr 05 13:58:02 Starting anovamqtt BLE adapter
Apr 05 13:58:03 Connecting to Anova device: {'address': '00:81:F9:D2:13:B4', 'name': 'Nano'}
Apr 05 13:58:08 Timed out connecting to 00:81:F9:D2:13:B4 after 5.0 seconds.
Apr 05 13:58:08 Timed out connecting to 00:81:F9:D2:13:B4 after 5.0 seconds., retrying in 15 seconds...
Apr 05 13:58:23 Starting anovamqtt BLE adapter
Apr 05 13:58:24 Connecting to Anova device: {'address': '00:81:F9:D2:13:B4', 'name': 'Nano'}
Apr 05 13:58:25 Connected to: {'address': '00:81:F9:D2:13:B4', 'name': 'Nano'}
Apr 05 13:58:27 Subscribed to notification handle: 0e140002-0af1-4582-a242-773e63054c68
Apr 05 13:58:57 No response received
Traceback (most recent call last):
  File "/home/bryan/Documents/anovamqtt/anovamqtt/AnovaMQTT.py", line 195, in request
    self._dev.char_write_handle(handle=handle, value=value , wait_for_response=False)
  File "/usr/local/lib/python3.7/dist-packages/pygatt/backends/gatttool/device.py", line 17, in wrapper
    return func(self, *args, **kwargs)
  File "/usr/local/lib/python3.7/dist-packages/pygatt/backends/gatttool/device.py", line 48, in char_write_handle
    self._backend.char_write_handle(self, handle, *args, **kwargs)
  File "/usr/local/lib/python3.7/dist-packages/pygatt/backends/gatttool/gatttool.py", line 49, in wrapper
    raise NotConnectedError()
pygatt.exceptions.NotConnectedError

During handling of the above exception, another exception occurred:

Traceback (most recent call last):
  File "/usr/local/lib/python3.7/dist-packages/pygatt/backends/gatttool/gatttool.py", line 574, in char_write_handle
    self.sendline(cmd)
  File "/usr/lib/python3.7/contextlib.py", line 119, in __exit__
    next(self.gen)
  File "/usr/local/lib/python3.7/dist-packages/pygatt/backends/gatttool/gatttool.py", line 191, in event
    self.wait(event, timeout)
  File "/usr/local/lib/python3.7/dist-packages/pygatt/backends/gatttool/gatttool.py", line 157, in wait
    raise NotificationTimeout()
pygatt.exceptions.NotificationTimeout: None
Apr 05 13:58:57 None, retrying in 15 seconds...
Apr 05 13:59:12 Starting anovamqtt BLE adapter
Apr 05 13:59:13 Connecting to Anova device: {'address': '00:81:F9:D2:13:B4', 'name': 'Nano'}
Apr 05 13:59:14 Connected to: {'address': '00:81:F9:D2:13:B4', 'name': 'Nano'}
Apr 05 13:59:16 Subscribed to notification handle: 0e140002-0af1-4582-a242-773e63054c68
Apr 05 13:59:17 Subscribed to notification handle: 0e140003-0af1-4582-a242-773e63054c68
Apr 05 13:59:18 Reconnecting...
Apr 05 13:59:18 Stopping anovamqtt BLE adapter...
Apr 05 13:59:18 Stopped
Apr 05 13:59:18 Auto connecting, timeout set to: 10.00
Apr 05 13:59:28 Starting anovamqtt BLE adapter
Apr 05 13:59:28 Connecting to Anova device: {'address': '00:81:F9:D2:13:B4', 'name': 'Nano'}
Apr 05 13:59:29 Connected to: {'address': '00:81:F9:D2:13:B4', 'name': 'Nano'}
Apr 05 13:59:31 Subscribed to notification handle: 0e140002-0af1-4582-a242-773e63054c68
Apr 05 13:59:32 Subscribed to notification handle: 0e140003-0af1-4582-a242-773e63054c68
Apr 05 13:59:40 Reconnecting...
Apr 05 13:59:40 Stopping anovamqtt BLE adapter...
Apr 05 13:59:40 Stopped
Apr 05 13:59:40 Auto connecting, timeout set to: 10.00
Apr 05 13:59:50 Starting anovamqtt BLE adapter
Apr 05 13:59:51 Connecting to Anova device: {'address': '00:81:F9:D2:13:B4', 'name': 'Nano'}
Apr 05 13:59:56 Timed out connecting to 00:81:F9:D2:13:B4 after 5.0 seconds.
Apr 05 13:59:56 Timed out connecting to 00:81:F9:D2:13:B4 after 5.0 seconds., retrying in 15 seconds...
Apr 05 14:00:11 Starting anovamqtt BLE adapter
Apr 05 14:00:11 Connecting to Anova device: {'address': '00:81:F9:D2:13:B4', 'name': 'Nano'}
Apr 05 14:00:12 Connected to: {'address': '00:81:F9:D2:13:B4', 'name': 'Nano'}
Apr 05 14:00:14 Subscribed to notification handle: 0e140002-0af1-4582-a242-773e63054c68
Apr 05 14:00:44 No response received
Traceback (most recent call last):
  File "/home/bryan/Documents/anovamqtt/anovamqtt/AnovaMQTT.py", line 195, in request
    self._dev.char_write_handle(handle=handle, value=value , wait_for_response=False)
  File "/usr/local/lib/python3.7/dist-packages/pygatt/backends/gatttool/device.py", line 17, in wrapper
    return func(self, *args, **kwargs)
  File "/usr/local/lib/python3.7/dist-packages/pygatt/backends/gatttool/device.py", line 48, in char_write_handle
    self._backend.char_write_handle(self, handle, *args, **kwargs)
  File "/usr/local/lib/python3.7/dist-packages/pygatt/backends/gatttool/gatttool.py", line 49, in wrapper
    raise NotConnectedError()
pygatt.exceptions.NotConnectedError

During handling of the above exception, another exception occurred:

Traceback (most recent call last):
  File "/usr/local/lib/python3.7/dist-packages/pygatt/backends/gatttool/gatttool.py", line 574, in char_write_handle
    self.sendline(cmd)
  File "/usr/lib/python3.7/contextlib.py", line 119, in __exit__
    next(self.gen)
  File "/usr/local/lib/python3.7/dist-packages/pygatt/backends/gatttool/gatttool.py", line 191, in event
    self.wait(event, timeout)
  File "/usr/local/lib/python3.7/dist-packages/pygatt/backends/gatttool/gatttool.py", line 157, in wait
    raise NotificationTimeout()
pygatt.exceptions.NotificationTimeout: None
Apr 05 14:00:44 None, retrying in 15 seconds...
Apr 05 14:00:59 Starting anovamqtt BLE adapter
Apr 05 14:01:00 Connecting to Anova device: {'address': '00:81:F9:D2:13:B4', 'name': 'Nano'}
Apr 05 14:01:01 Connected to: {'address': '00:81:F9:D2:13:B4', 'name': 'Nano'}
Apr 05 14:01:03 Subscribed to notification handle: 0e140002-0af1-4582-a242-773e63054c68
Apr 05 14:01:03 Subscribed to notification handle: 0e140003-0af1-4582-a242-773e63054c68
Apr 05 14:01:04 Reconnecting...
Apr 05 14:01:04 Stopping anovamqtt BLE adapter...
Apr 05 14:01:04 Stopped
Apr 05 14:01:04 Auto connecting, timeout set to: 10.00
Apr 05 14:01:15 Starting anovamqtt BLE adapter
Apr 05 14:01:15 Connecting to Anova device: {'address': '00:81:F9:D2:13:B4', 'name': 'Nano'}
Apr 05 14:01:20 Timed out connecting to 00:81:F9:D2:13:B4 after 5.0 seconds.
Apr 05 14:01:20 Timed out connecting to 00:81:F9:D2:13:B4 after 5.0 seconds., retrying in 15 seconds...
Apr 05 14:01:35 Starting anovamqtt BLE adapter
Apr 05 14:01:36 Connecting to Anova device: {'address': '00:81:F9:D2:13:B4', 'name': 'Nano'}
Apr 05 14:01:41 Timed out connecting to 00:81:F9:D2:13:B4 after 5.0 seconds.
Apr 05 14:01:41 Timed out connecting to 00:81:F9:D2:13:B4 after 5.0 seconds., retrying in 15 seconds...
Apr 05 14:01:56 Starting anovamqtt BLE adapter
Apr 05 14:01:57 Connecting to Anova device: {'address': '00:81:F9:D2:13:B4', 'name': 'Nano'}
Apr 05 14:02:02 Timed out connecting to 00:81:F9:D2:13:B4 after 5.0 seconds.
Apr 05 14:02:02 Timed out connecting to 00:81:F9:D2:13:B4 after 5.0 seconds., retrying in 15 seconds...
Apr 05 14:02:17 Starting anovamqtt BLE adapter
Apr 05 14:02:17 Connecting to Anova device: {'address': '00:81:F9:D2:13:B4', 'name': 'Nano'}
Apr 05 14:02:18 Connected to: {'address': '00:81:F9:D2:13:B4', 'name': 'Nano'}
Apr 05 14:02:20 Subscribed to notification handle: 0e140002-0af1-4582-a242-773e63054c68
Apr 05 14:02:21 Subscribed to notification handle: 0e140003-0af1-4582-a242-773e63054c68
Apr 05 14:02:30 Reconnecting...
Apr 05 14:02:30 Stopping anovamqtt BLE adapter...
Apr 05 14:02:30 Stopped
Apr 05 14:02:30 Auto connecting, timeout set to: 10.00
Apr 05 14:02:40 Starting anovamqtt BLE adapter
Apr 05 14:02:41 Connecting to Anova device: {'address': '00:81:F9:D2:13:B4', 'name': 'Nano'}
Apr 05 14:02:41 Connected to: {'address': '00:81:F9:D2:13:B4', 'name': 'Nano'}
Apr 05 14:02:44 Subscribed to notification handle: 0e140002-0af1-4582-a242-773e63054c68
Apr 05 14:02:44 Subscribed to notification handle: 0e140003-0af1-4582-a242-773e63054c68
Apr 05 14:02:52 Reconnecting...
Apr 05 14:02:52 Stopping anovamqtt BLE adapter...
Apr 05 14:02:52 Stopped
Apr 05 14:02:52 Auto connecting, timeout set to: 10.00
Apr 05 14:03:02 Starting anovamqtt BLE adapter
Apr 05 14:03:02 Connecting to Anova device: {'address': '00:81:F9:D2:13:B4', 'name': 'Nano'}
Apr 05 14:03:07 Timed out connecting to 00:81:F9:D2:13:B4 after 5.0 seconds.
Apr 05 14:03:07 Timed out connecting to 00:81:F9:D2:13:B4 after 5.0 seconds., retrying in 15 seconds...
Apr 05 14:03:22 Starting anovamqtt BLE adapter
Apr 05 14:03:23 Connecting to Anova device: {'address': '00:81:F9:D2:13:B4', 'name': 'Nano'}
Apr 05 14:03:24 Connected to: {'address': '00:81:F9:D2:13:B4', 'name': 'Nano'}
Apr 05 14:03:27 Subscribed to notification handle: 0e140002-0af1-4582-a242-773e63054c68
Apr 05 14:03:57 No response received
Traceback (most recent call last):
  File "/home/bryan/Documents/anovamqtt/anovamqtt/AnovaMQTT.py", line 195, in request
    self._dev.char_write_handle(handle=handle, value=value , wait_for_response=False)
  File "/usr/local/lib/python3.7/dist-packages/pygatt/backends/gatttool/device.py", line 17, in wrapper
    return func(self, *args, **kwargs)
  File "/usr/local/lib/python3.7/dist-packages/pygatt/backends/gatttool/device.py", line 48, in char_write_handle
    self._backend.char_write_handle(self, handle, *args, **kwargs)
  File "/usr/local/lib/python3.7/dist-packages/pygatt/backends/gatttool/gatttool.py", line 49, in wrapper
    raise NotConnectedError()
pygatt.exceptions.NotConnectedError

During handling of the above exception, another exception occurred:

Traceback (most recent call last):
  File "/usr/local/lib/python3.7/dist-packages/pygatt/backends/gatttool/gatttool.py", line 574, in char_write_handle
    self.sendline(cmd)
  File "/usr/lib/python3.7/contextlib.py", line 119, in __exit__
    next(self.gen)
  File "/usr/local/lib/python3.7/dist-packages/pygatt/backends/gatttool/gatttool.py", line 191, in event
    self.wait(event, timeout)
  File "/usr/local/lib/python3.7/dist-packages/pygatt/backends/gatttool/gatttool.py", line 157, in wait
    raise NotificationTimeout()
pygatt.exceptions.NotificationTimeout: None
Apr 05 14:03:57 None, retrying in 15 seconds...
Apr 05 14:04:12 Starting anovamqtt BLE adapter
Apr 05 14:04:13 Connecting to Anova device: {'address': '00:81:F9:D2:13:B4', 'name': 'Nano'}
Apr 05 14:04:14 Connected to: {'address': '00:81:F9:D2:13:B4', 'name': 'Nano'}
Apr 05 14:04:16 Subscribed to notification handle: 0e140002-0af1-4582-a242-773e63054c68
Apr 05 14:04:16 Subscribed to notification handle: 0e140003-0af1-4582-a242-773e63054c68
Apr 05 14:07:25 Reconnecting...
Apr 05 14:07:25 Stopping anovamqtt BLE adapter...
Apr 05 14:07:25 Stopped
Apr 05 14:07:25 Auto connecting, timeout set to: 10.00
Apr 05 14:07:35 Starting anovamqtt BLE adapter
Apr 05 14:07:36 Connecting to Anova device: {'address': '00:81:F9:D2:13:B4', 'name': 'Nano'}
Apr 05 14:07:36 Connected to: {'address': '00:81:F9:D2:13:B4', 'name': 'Nano'}
Apr 05 14:07:39 Subscribed to notification handle: 0e140002-0af1-4582-a242-773e63054c68
Apr 05 14:07:39 Subscribed to notification handle: 0e140003-0af1-4582-a242-773e63054c68
Apr 05 14:26:14 Reconnecting...
Apr 05 14:26:14 Stopping anovamqtt BLE adapter...
Apr 05 14:26:14 Stopped
Apr 05 14:26:14 Auto connecting, timeout set to: 10.00
Apr 05 14:26:24 Starting anovamqtt BLE adapter
Apr 05 14:26:25 Connecting to Anova device: {'address': '00:81:F9:D2:13:B4', 'name': 'Nano'}
Apr 05 14:26:26 Connected to: {'address': '00:81:F9:D2:13:B4', 'name': 'Nano'}
Apr 05 14:26:28 Subscribed to notification handle: 0e140002-0af1-4582-a242-773e63054c68
Apr 05 14:26:28 Subscribed to notification handle: 0e140003-0af1-4582-a242-773e63054c68
Apr 05 14:26:36 Reconnecting...
Apr 05 14:26:36 Stopping anovamqtt BLE adapter...
Apr 05 14:26:36 Stopped
Apr 05 14:26:36 Auto connecting, timeout set to: 10.00
Apr 05 14:26:47 Starting anovamqtt BLE adapter
Apr 05 14:26:47 Connecting to Anova device: {'address': '00:81:F9:D2:13:B4', 'name': 'Nano'}
Apr 05 14:26:48 Connected to: {'address': '00:81:F9:D2:13:B4', 'name': 'Nano'}
Apr 05 14:26:54 Characteristic discovery failed, retrying in 15 seconds...
Apr 05 14:27:09 Starting anovamqtt BLE adapter
Apr 05 14:27:09 Connecting to Anova device: {'address': '00:81:F9:D2:13:B4', 'name': 'Nano'}
Apr 05 14:27:14 Timed out connecting to 00:81:F9:D2:13:B4 after 5.0 seconds.
Apr 05 14:27:14 Timed out connecting to 00:81:F9:D2:13:B4 after 5.0 seconds., retrying in 15 seconds...
Apr 05 14:27:29 Starting anovamqtt BLE adapter
Apr 05 14:27:30 Connecting to Anova device: {'address': '00:81:F9:D2:13:B4', 'name': 'Nano'}
Apr 05 14:27:31 Connected to: {'address': '00:81:F9:D2:13:B4', 'name': 'Nano'}
Apr 05 14:27:34 Subscribed to notification handle: 0e140002-0af1-4582-a242-773e63054c68
Apr 05 14:27:34 Subscribed to notification handle: 0e140003-0af1-4582-a242-773e63054c68
Apr 05 14:27:39 Reconnecting...
Apr 05 14:27:39 Stopping anovamqtt BLE adapter...
Apr 05 14:27:39 Stopped
Apr 05 14:27:39 Auto connecting, timeout set to: 10.00
Apr 05 14:27:50 Starting anovamqtt BLE adapter
Apr 05 14:27:50 Connecting to Anova device: {'address': '00:81:F9:D2:13:B4', 'name': 'Nano'}
Apr 05 14:27:51 Connected to: {'address': '00:81:F9:D2:13:B4', 'name': 'Nano'}
Apr 05 14:27:53 Subscribed to notification handle: 0e140002-0af1-4582-a242-773e63054c68
Apr 05 14:28:23 No response received
Traceback (most recent call last):
  File "/home/bryan/Documents/anovamqtt/anovamqtt/AnovaMQTT.py", line 195, in request
    self._dev.char_write_handle(handle=handle, value=value , wait_for_response=False)
  File "/usr/local/lib/python3.7/dist-packages/pygatt/backends/gatttool/device.py", line 17, in wrapper
    return func(self, *args, **kwargs)
  File "/usr/local/lib/python3.7/dist-packages/pygatt/backends/gatttool/device.py", line 48, in char_write_handle
    self._backend.char_write_handle(self, handle, *args, **kwargs)
  File "/usr/local/lib/python3.7/dist-packages/pygatt/backends/gatttool/gatttool.py", line 49, in wrapper
    raise NotConnectedError()
pygatt.exceptions.NotConnectedError

During handling of the above exception, another exception occurred:

Traceback (most recent call last):
  File "/usr/local/lib/python3.7/dist-packages/pygatt/backends/gatttool/gatttool.py", line 574, in char_write_handle
    self.sendline(cmd)
  File "/usr/lib/python3.7/contextlib.py", line 119, in __exit__
    next(self.gen)
  File "/usr/local/lib/python3.7/dist-packages/pygatt/backends/gatttool/gatttool.py", line 191, in event
    self.wait(event, timeout)
  File "/usr/local/lib/python3.7/dist-packages/pygatt/backends/gatttool/gatttool.py", line 157, in wait
    raise NotificationTimeout()
pygatt.exceptions.NotificationTimeout: None
Apr 05 14:28:23 None, retrying in 15 seconds...
Apr 05 14:28:38 Starting anovamqtt BLE adapter
Apr 05 14:28:39 Connecting to Anova device: {'address': '00:81:F9:D2:13:B4', 'name': 'Nano'}
Apr 05 14:28:40 Connected to: {'address': '00:81:F9:D2:13:B4', 'name': 'Nano'}
Apr 05 14:28:42 Subscribed to notification handle: 0e140002-0af1-4582-a242-773e63054c68
Apr 05 14:28:42 Subscribed to notification handle: 0e140003-0af1-4582-a242-773e63054c68
Apr 05 14:30:26 Reconnecting...
Apr 05 14:30:26 Stopping anovamqtt BLE adapter...
Apr 05 14:30:26 Stopped
Apr 05 14:30:26 Auto connecting, timeout set to: 10.00
Apr 05 14:30:36 Starting anovamqtt BLE adapter
Apr 05 14:30:37 Connecting to Anova device: {'address': '00:81:F9:D2:13:B4', 'name': 'Nano'}
Apr 05 14:30:42 Timed out connecting to 00:81:F9:D2:13:B4 after 5.0 seconds.
Apr 05 14:30:42 Timed out connecting to 00:81:F9:D2:13:B4 after 5.0 seconds., retrying in 15 seconds...
Apr 05 14:30:57 Starting anovamqtt BLE adapter
Apr 05 14:30:57 Connecting to Anova device: {'address': '00:81:F9:D2:13:B4', 'name': 'Nano'}
Apr 05 14:31:03 Timed out connecting to 00:81:F9:D2:13:B4 after 5.0 seconds.
Apr 05 14:31:03 Timed out connecting to 00:81:F9:D2:13:B4 after 5.0 seconds., retrying in 15 seconds...
Apr 05 14:31:18 Starting anovamqtt BLE adapter
Apr 05 14:31:18 Connecting to Anova device: {'address': '00:81:F9:D2:13:B4', 'name': 'Nano'}
Apr 05 14:31:19 Connected to: {'address': '00:81:F9:D2:13:B4', 'name': 'Nano'}
Apr 05 14:31:21 Subscribed to notification handle: 0e140002-0af1-4582-a242-773e63054c68
Apr 05 14:31:51 No response received
Traceback (most recent call last):
  File "/home/bryan/Documents/anovamqtt/anovamqtt/AnovaMQTT.py", line 195, in request
    self._dev.char_write_handle(handle=handle, value=value , wait_for_response=False)
  File "/usr/local/lib/python3.7/dist-packages/pygatt/backends/gatttool/device.py", line 17, in wrapper
    return func(self, *args, **kwargs)
  File "/usr/local/lib/python3.7/dist-packages/pygatt/backends/gatttool/device.py", line 48, in char_write_handle
    self._backend.char_write_handle(self, handle, *args, **kwargs)
  File "/usr/local/lib/python3.7/dist-packages/pygatt/backends/gatttool/gatttool.py", line 49, in wrapper
    raise NotConnectedError()
pygatt.exceptions.NotConnectedError

During handling of the above exception, another exception occurred:

Traceback (most recent call last):
  File "/usr/local/lib/python3.7/dist-packages/pygatt/backends/gatttool/gatttool.py", line 574, in char_write_handle
    self.sendline(cmd)
  File "/usr/lib/python3.7/contextlib.py", line 119, in __exit__
    next(self.gen)
  File "/usr/local/lib/python3.7/dist-packages/pygatt/backends/gatttool/gatttool.py", line 191, in event
    self.wait(event, timeout)
  File "/usr/local/lib/python3.7/dist-packages/pygatt/backends/gatttool/gatttool.py", line 157, in wait
    raise NotificationTimeout()
pygatt.exceptions.NotificationTimeout: None
Apr 05 14:31:51 None, retrying in 15 seconds...
Apr 05 14:32:06 Starting anovamqtt BLE adapter
Apr 05 14:32:08 Connecting to Anova device: {'address': '00:81:F9:D2:13:B4', 'name': 'Nano'}
Apr 05 14:32:13 Timed out connecting to 00:81:F9:D2:13:B4 after 5.0 seconds.
Apr 05 14:32:13 Timed out connecting to 00:81:F9:D2:13:B4 after 5.0 seconds., retrying in 15 seconds...
Apr 05 14:32:28 Starting anovamqtt BLE adapter
Apr 05 14:32:28 Connecting to Anova device: {'address': '00:81:F9:D2:13:B4', 'name': 'Nano'}
Apr 05 14:32:33 Timed out connecting to 00:81:F9:D2:13:B4 after 5.0 seconds.
Apr 05 14:32:33 Timed out connecting to 00:81:F9:D2:13:B4 after 5.0 seconds., retrying in 15 seconds...
Apr 05 14:32:48 Starting anovamqtt BLE adapter
Apr 05 14:32:49 Connecting to Anova device: {'address': '00:81:F9:D2:13:B4', 'name': 'Nano'}
Apr 05 14:32:50 Connected to: {'address': '00:81:F9:D2:13:B4', 'name': 'Nano'}
Apr 05 14:32:52 Subscribed to notification handle: 0e140002-0af1-4582-a242-773e63054c68
Apr 05 14:32:53 Subscribed to notification handle: 0e140003-0af1-4582-a242-773e63054c68
Apr 05 14:32:56 Reconnecting...
Apr 05 14:32:56 Stopping anovamqtt BLE adapter...
Apr 05 14:32:57 Stopped
Apr 05 14:32:57 Auto connecting, timeout set to: 10.00
Apr 05 14:33:07 Starting anovamqtt BLE adapter
Apr 05 14:33:07 Connecting to Anova device: {'address': '00:81:F9:D2:13:B4', 'name': 'Nano'}
Apr 05 14:33:08 Connected to: {'address': '00:81:F9:D2:13:B4', 'name': 'Nano'}
Apr 05 14:33:10 Subscribed to notification handle: 0e140002-0af1-4582-a242-773e63054c68
Apr 05 14:33:10 Subscribed to notification handle: 0e140003-0af1-4582-a242-773e63054c68
Apr 05 14:33:16 Reconnecting...
Apr 05 14:33:16 Stopping anovamqtt BLE adapter...
Apr 05 14:33:16 Stopped
Apr 05 14:33:16 Auto connecting, timeout set to: 10.00
Apr 05 14:33:26 Starting anovamqtt BLE adapter
Apr 05 14:33:26 Connecting to Anova device: {'address': '00:81:F9:D2:13:B4', 'name': 'Nano'}
Apr 05 14:33:27 Connected to: {'address': '00:81:F9:D2:13:B4', 'name': 'Nano'}
Apr 05 14:33:29 Subscribed to notification handle: 0e140002-0af1-4582-a242-773e63054c68
Apr 05 14:33:29 Subscribed to notification handle: 0e140003-0af1-4582-a242-773e63054c68
Apr 05 15:04:48 AnovaMaster starting...
Apr 05 15:04:48 Setting up connection
Apr 05 15:04:48 Auto connecting, timeout set to: 10.00
Apr 05 15:04:49 MQTT connected with result code 0
Apr 05 15:04:58 Starting anovamqtt BLE adapter
Apr 05 15:04:59 Connecting to Anova device: {'address': '00:81:F9:D2:13:B4', 'name': 'Nano'}
Apr 05 15:04:59 Connected to: {'address': '00:81:F9:D2:13:B4', 'name': 'Nano'}
Apr 05 15:05:02 Subscribed to notification handle: 0e140002-0af1-4582-a242-773e63054c68
Apr 05 15:05:02 Subscribed to notification handle: 0e140003-0af1-4582-a242-773e63054c68
Apr 05 15:05:02 Running main loop
Apr 05 15:06:23 Received MQTT Run request: heat
Apr 05 15:06:23 Setting state: heat
Apr 05 15:06:37 Received MQTT Run request: heat
Apr 05 15:06:37 Setting state: heat
Apr 05 15:06:38 Received MQTT Run request: heat
Apr 05 15:06:38 Setting state: heat
Apr 05 15:06:42 Received MQTT Run request: heat
Apr 05 15:06:42 Setting state: heat
Apr 05 15:06:58 Received MQTT Temp request: 75.0
Apr 05 15:06:58 Setting Temp: 75.0 encoded: 01050308ee0500
